2021-02-04 20:49:09 [INFO ] [restartedMain] sPropertyDefaultsPostProcessor: Devtools property defaults active! Set 'spring.devtools.add-properties' to 'false' to disable
2021-02-04 20:49:09 [INFO ] [restartedMain] sPropertyDefaultsPostProcessor: For additional web related logging consider setting the 'logging.level.web' property to 'DEBUG'
2021-02-04 20:49:10 [INFO ] [restartedMain] epositoryConfigurationDelegate: Bootstrapping Spring Data JPA repositories in DEFERRED mode.
2021-02-04 20:49:11 [INFO ] [restartedMain] epositoryConfigurationDelegate: Finished Spring Data repository scanning in 59ms. Found 3 JPA repository interfaces.
2021-02-04 20:49:11 [INFO ] [restartedMain] mbedded.tomcat.TomcatWebServer: Tomcat initialized with port(s): 8080 (http)
2021-02-04 20:49:11 [INFO ] [restartedMain] letWebServerApplicationContext: Root WebApplicationContext: initialization completed in 2055 ms
2021-02-04 20:49:12 [INFO ] [restartedMain] current.ThreadPoolTaskExecutor: Initializing ExecutorService 'applicationTaskExecutor'
2021-02-04 20:49:12 [WARN ] [restartedMain] figuration$JpaWebConfiguration: spring.jpa.open-in-view is enabled by default. Therefore, database queries may be performed during view rendering. Explicitly configure spring.jpa.open-in-view to disable this warning
2021-02-04 20:49:12 [INFO ] [restartedMain] oint.web.EndpointLinksResolver: Exposing 2 endpoint(s) beneath base path '/actuator'
2021-02-04 20:49:12 [INFO ] [restartedMain] igure.OptionalLiveReloadServer: LiveReload server is running on port 35729
2021-02-04 20:49:12 [INFO ] [restartedMain] .support.RouterFunctionMapping: Mapped (GET && /) -> BackendApplication$$Lambda$817/0x0000000800632840@309218a
2021-02-04 20:49:13 [INFO ] [task-1] tainerEntityManagerFactoryBean: Initialized JPA EntityManagerFactory for persistence unit 'default'
2021-02-04 20:49:13 [INFO ] [restartedMain] mbedded.tomcat.TomcatWebServer: Tomcat started on port(s): 8080 (http) with context path ''
2021-02-04 20:49:13 [INFO ] [restartedMain] positoryInitializationListener: Triggering deferred initialization of Spring Data repositories…
2021-02-04 20:49:14 [INFO ] [restartedMain] positoryInitializationListener: Spring Data repositories initialized!
2021-02-04 20:52:22 [INFO ] [http-nio-8080-exec-1] .web.servlet.DispatcherServlet: Initializing Servlet 'dispatcherServlet'
2021-02-04 20:52:22 [INFO ] [http-nio-8080-exec-1] .web.servlet.DispatcherServlet: Completed initialization in 50 ms
2021-02-04 20:53:23 [INFO ] [Thread-4] tainerEntityManagerFactoryBean: Closing JPA EntityManagerFactory for persistence unit 'default'
2021-02-04 20:53:23 [INFO ] [Thread-4] current.ThreadPoolTaskExecutor: Shutting down ExecutorService 'applicationTaskExecutor'
2021-02-04 20:53:25 [INFO ] [restartedMain] epositoryConfigurationDelegate: Bootstrapping Spring Data JPA repositories in DEFERRED mode.
2021-02-04 20:53:25 [INFO ] [restartedMain] epositoryConfigurationDelegate: Finished Spring Data repository scanning in 16ms. Found 3 JPA repository interfaces.
2021-02-04 20:53:25 [INFO ] [restartedMain] mbedded.tomcat.TomcatWebServer: Tomcat initialized with port(s): 8080 (http)
2021-02-04 20:53:25 [INFO ] [restartedMain] letWebServerApplicationContext: Root WebApplicationContext: initialization completed in 1009 ms
2021-02-04 20:53:25 [INFO ] [restartedMain] current.ThreadPoolTaskExecutor: Initializing ExecutorService 'applicationTaskExecutor'
2021-02-04 20:53:25 [INFO ] [task-1] tainerEntityManagerFactoryBean: Initialized JPA EntityManagerFactory for persistence unit 'default'
2021-02-04 20:53:25 [INFO ] [task-2] igure.OptionalLiveReloadServer: LiveReload server is running on port 35729
2021-02-04 20:53:25 [WARN ] [restartedMain] figuration$JpaWebConfiguration: spring.jpa.open-in-view is enabled by default. Therefore, database queries may be performed during view rendering. Explicitly configure spring.jpa.open-in-view to disable this warning
2021-02-04 20:53:25 [INFO ] [restartedMain] oint.web.EndpointLinksResolver: Exposing 2 endpoint(s) beneath base path '/actuator'
2021-02-04 20:53:25 [INFO ] [restartedMain] .support.RouterFunctionMapping: Mapped (GET && /) -> BackendApplication$$Lambda$1575/0x000000080098ac40@5756fb5
2021-02-04 20:53:25 [INFO ] [restartedMain] mbedded.tomcat.TomcatWebServer: Tomcat started on port(s): 8080 (http) with context path ''
2021-02-04 20:53:25 [INFO ] [restartedMain] positoryInitializationListener: Triggering deferred initialization of Spring Data repositories…
2021-02-04 20:53:26 [INFO ] [restartedMain] positoryInitializationListener: Spring Data repositories initialized!
2021-02-04 20:53:26 [INFO ] [restartedMain] EvaluationDeltaLoggingListener: Condition evaluation unchanged
2021-02-04 20:53:30 [INFO ] [http-nio-8080-exec-1] .web.servlet.DispatcherServlet: Initializing Servlet 'dispatcherServlet'
2021-02-04 20:53:30 [INFO ] [http-nio-8080-exec-1] .web.servlet.DispatcherServlet: Completed initialization in 4 ms
2021-02-04 20:54:04 [INFO ] [Thread-8] tainerEntityManagerFactoryBean: Closing JPA EntityManagerFactory for persistence unit 'default'
2021-02-04 20:54:04 [INFO ] [Thread-8] current.ThreadPoolTaskExecutor: Shutting down ExecutorService 'applicationTaskExecutor'
2021-02-04 20:54:05 [INFO ] [restartedMain] epositoryConfigurationDelegate: Bootstrapping Spring Data JPA repositories in DEFERRED mode.
2021-02-04 20:54:05 [INFO ] [restartedMain] epositoryConfigurationDelegate: Finished Spring Data repository scanning in 15ms. Found 3 JPA repository interfaces.
2021-02-04 20:54:05 [INFO ] [restartedMain] mbedded.tomcat.TomcatWebServer: Tomcat initialized with port(s): 8080 (http)
2021-02-04 20:54:05 [INFO ] [restartedMain] letWebServerApplicationContext: Root WebApplicationContext: initialization completed in 865 ms
2021-02-04 20:54:05 [INFO ] [restartedMain] current.ThreadPoolTaskExecutor: Initializing ExecutorService 'applicationTaskExecutor'
2021-02-04 20:54:06 [INFO ] [task-1] tainerEntityManagerFactoryBean: Initialized JPA EntityManagerFactory for persistence unit 'default'
2021-02-04 20:54:06 [INFO ] [task-2] igure.OptionalLiveReloadServer: LiveReload server is running on port 35729
2021-02-04 20:54:06 [WARN ] [restartedMain] figuration$JpaWebConfiguration: spring.jpa.open-in-view is enabled by default. Therefore, database queries may be performed during view rendering. Explicitly configure spring.jpa.open-in-view to disable this warning
2021-02-04 20:54:06 [INFO ] [restartedMain] oint.web.EndpointLinksResolver: Exposing 2 endpoint(s) beneath base path '/actuator'
2021-02-04 20:54:06 [INFO ] [restartedMain] .support.RouterFunctionMapping: Mapped (GET && /) -> BackendApplication$$Lambda$1579/0x0000000800996840@18e65cf9
2021-02-04 20:54:06 [INFO ] [restartedMain] mbedded.tomcat.TomcatWebServer: Tomcat started on port(s): 8080 (http) with context path ''
2021-02-04 20:54:06 [INFO ] [restartedMain] positoryInitializationListener: Triggering deferred initialization of Spring Data repositories…
2021-02-04 20:54:06 [INFO ] [restartedMain] positoryInitializationListener: Spring Data repositories initialized!
2021-02-04 20:54:06 [INFO ] [restartedMain] EvaluationDeltaLoggingListener: Condition evaluation unchanged
2021-02-04 20:54:10 [INFO ] [http-nio-8080-exec-2] .web.servlet.DispatcherServlet: Initializing Servlet 'dispatcherServlet'
2021-02-04 20:54:10 [INFO ] [http-nio-8080-exec-2] .web.servlet.DispatcherServlet: Completed initialization in 4 ms
2021-02-04 20:55:22 [INFO ] [Thread-13] tainerEntityManagerFactoryBean: Closing JPA EntityManagerFactory for persistence unit 'default'
2021-02-04 20:55:22 [INFO ] [Thread-13] current.ThreadPoolTaskExecutor: Shutting down ExecutorService 'applicationTaskExecutor'
2021-02-04 20:55:23 [INFO ] [restartedMain] epositoryConfigurationDelegate: Bootstrapping Spring Data JPA repositories in DEFERRED mode.
2021-02-04 20:55:23 [INFO ] [restartedMain] epositoryConfigurationDelegate: Finished Spring Data repository scanning in 10ms. Found 3 JPA repository interfaces.
2021-02-04 20:55:23 [INFO ] [restartedMain] mbedded.tomcat.TomcatWebServer: Tomcat initialized with port(s): 8080 (http)
2021-02-04 20:55:23 [INFO ] [restartedMain] letWebServerApplicationContext: Root WebApplicationContext: initialization completed in 698 ms
2021-02-04 20:55:23 [INFO ] [restartedMain] current.ThreadPoolTaskExecutor: Initializing ExecutorService 'applicationTaskExecutor'
2021-02-04 20:55:23 [INFO ] [task-1] tainerEntityManagerFactoryBean: Initialized JPA EntityManagerFactory for persistence unit 'default'
2021-02-04 20:55:23 [INFO ] [task-2] igure.OptionalLiveReloadServer: LiveReload server is running on port 35729
2021-02-04 20:55:23 [WARN ] [restartedMain] figuration$JpaWebConfiguration: spring.jpa.open-in-view is enabled by default. Therefore, database queries may be performed during view rendering. Explicitly configure spring.jpa.open-in-view to disable this warning
2021-02-04 20:55:23 [INFO ] [restartedMain] oint.web.EndpointLinksResolver: Exposing 2 endpoint(s) beneath base path '/actuator'
2021-02-04 20:55:23 [INFO ] [restartedMain] .support.RouterFunctionMapping: Mapped (GET && /) -> BackendApplication$$Lambda$1582/0x00000008009a4040@63dda6fe
2021-02-04 20:55:24 [INFO ] [restartedMain] mbedded.tomcat.TomcatWebServer: Tomcat started on port(s): 8080 (http) with context path ''
2021-02-04 20:55:24 [INFO ] [restartedMain] positoryInitializationListener: Triggering deferred initialization of Spring Data repositories…
2021-02-04 20:55:24 [INFO ] [restartedMain] positoryInitializationListener: Spring Data repositories initialized!
2021-02-04 20:55:24 [INFO ] [restartedMain] EvaluationDeltaLoggingListener: Condition evaluation unchanged
2021-02-04 20:55:28 [INFO ] [http-nio-8080-exec-1] .web.servlet.DispatcherServlet: Initializing Servlet 'dispatcherServlet'
2021-02-04 20:55:28 [INFO ] [http-nio-8080-exec-1] .web.servlet.DispatcherServlet: Completed initialization in 7 ms
2021-02-04 20:56:21 [INFO ] [restartedMain] sPropertyDefaultsPostProcessor: Devtools property defaults active! Set 'spring.devtools.add-properties' to 'false' to disable
2021-02-04 20:56:21 [INFO ] [restartedMain] sPropertyDefaultsPostProcessor: For additional web related logging consider setting the 'logging.level.web' property to 'DEBUG'
2021-02-04 20:56:22 [INFO ] [restartedMain] epositoryConfigurationDelegate: Bootstrapping Spring Data JPA repositories in DEFERRED mode.
2021-02-04 20:56:22 [INFO ] [restartedMain] epositoryConfigurationDelegate: Finished Spring Data repository scanning in 54ms. Found 3 JPA repository interfaces.
2021-02-04 20:56:22 [INFO ] [restartedMain] mbedded.tomcat.TomcatWebServer: Tomcat initialized with port(s): 8080 (http)
2021-02-04 20:56:22 [INFO ] [restartedMain] letWebServerApplicationContext: Root WebApplicationContext: initialization completed in 1715 ms
2021-02-04 20:56:23 [INFO ] [restartedMain] current.ThreadPoolTaskExecutor: Initializing ExecutorService 'applicationTaskExecutor'
2021-02-04 20:56:23 [WARN ] [restartedMain] figuration$JpaWebConfiguration: spring.jpa.open-in-view is enabled by default. Therefore, database queries may be performed during view rendering. Explicitly configure spring.jpa.open-in-view to disable this warning
2021-02-04 20:56:23 [INFO ] [restartedMain] oint.web.EndpointLinksResolver: Exposing 2 endpoint(s) beneath base path '/actuator'
2021-02-04 20:56:23 [INFO ] [restartedMain] igure.OptionalLiveReloadServer: LiveReload server is running on port 35729
2021-02-04 20:56:23 [INFO ] [restartedMain] .support.RouterFunctionMapping: Mapped (GET && /) -> BackendApplication$$Lambda$819/0x000000080063ac40@328ca33c
2021-02-04 20:56:24 [INFO ] [task-1] tainerEntityManagerFactoryBean: Initialized JPA EntityManagerFactory for persistence unit 'default'
2021-02-04 20:56:24 [INFO ] [restartedMain] mbedded.tomcat.TomcatWebServer: Tomcat started on port(s): 8080 (http) with context path ''
2021-02-04 20:56:24 [INFO ] [restartedMain] positoryInitializationListener: Triggering deferred initialization of Spring Data repositories…
2021-02-04 20:56:24 [INFO ] [restartedMain] positoryInitializationListener: Spring Data repositories initialized!
2021-02-04 20:57:23 [INFO ] [restartedMain] sPropertyDefaultsPostProcessor: Devtools property defaults active! Set 'spring.devtools.add-properties' to 'false' to disable
2021-02-04 20:57:23 [INFO ] [restartedMain] sPropertyDefaultsPostProcessor: For additional web related logging consider setting the 'logging.level.web' property to 'DEBUG'
2021-02-04 20:57:24 [INFO ] [restartedMain] epositoryConfigurationDelegate: Bootstrapping Spring Data JPA repositories in DEFERRED mode.
2021-02-04 20:57:24 [INFO ] [restartedMain] epositoryConfigurationDelegate: Finished Spring Data repository scanning in 72ms. Found 3 JPA repository interfaces.
2021-02-04 20:57:25 [INFO ] [restartedMain] mbedded.tomcat.TomcatWebServer: Tomcat initialized with port(s): 8080 (http)
2021-02-04 20:57:25 [INFO ] [restartedMain] letWebServerApplicationContext: Root WebApplicationContext: initialization completed in 1922 ms
2021-02-04 20:57:25 [INFO ] [restartedMain] current.ThreadPoolTaskExecutor: Initializing ExecutorService 'applicationTaskExecutor'
2021-02-04 20:57:26 [WARN ] [restartedMain] figuration$JpaWebConfiguration: spring.jpa.open-in-view is enabled by default. Therefore, database queries may be performed during view rendering. Explicitly configure spring.jpa.open-in-view to disable this warning
2021-02-04 20:57:26 [INFO ] [restartedMain] oint.web.EndpointLinksResolver: Exposing 2 endpoint(s) beneath base path '/actuator'
2021-02-04 20:57:26 [INFO ] [restartedMain] igure.OptionalLiveReloadServer: LiveReload server is running on port 35729
2021-02-04 20:57:26 [INFO ] [restartedMain] .support.RouterFunctionMapping: Mapped (GET && /) -> BackendApplication$$Lambda$821/0x0000000800659440@59b36478
2021-02-04 20:57:26 [INFO ] [task-1] tainerEntityManagerFactoryBean: Initialized JPA EntityManagerFactory for persistence unit 'default'
2021-02-04 20:57:26 [INFO ] [restartedMain] mbedded.tomcat.TomcatWebServer: Tomcat started on port(s): 8080 (http) with context path ''
2021-02-04 20:57:27 [INFO ] [restartedMain] positoryInitializationListener: Triggering deferred initialization of Spring Data repositories…
2021-02-04 20:57:27 [INFO ] [restartedMain] positoryInitializationListener: Spring Data repositories initialized!
2021-02-04 20:58:08 [INFO ] [restartedMain] sPropertyDefaultsPostProcessor: Devtools property defaults active! Set 'spring.devtools.add-properties' to 'false' to disable
2021-02-04 20:58:08 [INFO ] [restartedMain] sPropertyDefaultsPostProcessor: For additional web related logging consider setting the 'logging.level.web' property to 'DEBUG'
2021-02-04 20:58:09 [INFO ] [restartedMain] epositoryConfigurationDelegate: Bootstrapping Spring Data JPA repositories in DEFERRED mode.
2021-02-04 20:58:09 [INFO ] [restartedMain] epositoryConfigurationDelegate: Finished Spring Data repository scanning in 67ms. Found 3 JPA repository interfaces.
2021-02-04 20:58:10 [INFO ] [restartedMain] mbedded.tomcat.TomcatWebServer: Tomcat initialized with port(s): 8080 (http)
2021-02-04 20:58:10 [INFO ] [restartedMain] letWebServerApplicationContext: Root WebApplicationContext: initialization completed in 1899 ms
2021-02-04 20:58:10 [INFO ] [restartedMain] current.ThreadPoolTaskExecutor: Initializing ExecutorService 'applicationTaskExecutor'
2021-02-04 20:58:10 [WARN ] [restartedMain] figuration$JpaWebConfiguration: spring.jpa.open-in-view is enabled by default. Therefore, database queries may be performed during view rendering. Explicitly configure spring.jpa.open-in-view to disable this warning
2021-02-04 20:58:11 [INFO ] [restartedMain] oint.web.EndpointLinksResolver: Exposing 2 endpoint(s) beneath base path '/actuator'
2021-02-04 20:58:11 [INFO ] [restartedMain] igure.OptionalLiveReloadServer: LiveReload server is running on port 35729
2021-02-04 20:58:11 [INFO ] [restartedMain] .support.RouterFunctionMapping: Mapped (GET && /) -> BackendApplication$$Lambda$822/0x00000008006a0440@6dd03aae
2021-02-04 20:58:11 [INFO ] [task-1] tainerEntityManagerFactoryBean: Initialized JPA EntityManagerFactory for persistence unit 'default'
2021-02-04 20:58:11 [INFO ] [restartedMain] mbedded.tomcat.TomcatWebServer: Tomcat started on port(s): 8080 (http) with context path ''
2021-02-04 20:58:12 [INFO ] [restartedMain] positoryInitializationListener: Triggering deferred initialization of Spring Data repositories…
2021-02-04 20:58:12 [INFO ] [restartedMain] positoryInitializationListener: Spring Data repositories initialized!
2021-02-04 20:58:15 [INFO ] [http-nio-8080-exec-1] .web.servlet.DispatcherServlet: Initializing Servlet 'dispatcherServlet'
2021-02-04 20:58:15 [INFO ] [http-nio-8080-exec-1] .web.servlet.DispatcherServlet: Completed initialization in 14 ms
