2021-02-08 10:51:15 [INFO ] [restartedMain] sPropertyDefaultsPostProcessor: Devtools property defaults active! Set 'spring.devtools.add-properties' to 'false' to disable
2021-02-08 10:51:15 [INFO ] [restartedMain] sPropertyDefaultsPostProcessor: For additional web related logging consider setting the 'logging.level.web' property to 'DEBUG'
2021-02-08 10:51:16 [INFO ] [restartedMain] epositoryConfigurationDelegate: Bootstrapping Spring Data JPA repositories in DEFERRED mode.
2021-02-08 10:51:16 [INFO ] [restartedMain] epositoryConfigurationDelegate: Finished Spring Data repository scanning in 45ms. Found 3 JPA repository interfaces.
2021-02-08 10:51:17 [INFO ] [restartedMain] mbedded.tomcat.TomcatWebServer: Tomcat initialized with port(s): 8080 (http)
2021-02-08 10:51:17 [INFO ] [restartedMain] letWebServerApplicationContext: Root WebApplicationContext: initialization completed in 1631 ms
2021-02-08 10:51:17 [INFO ] [restartedMain] current.ThreadPoolTaskExecutor: Initializing ExecutorService 'applicationTaskExecutor'
2021-02-08 10:51:17 [WARN ] [restartedMain] figuration$JpaWebConfiguration: spring.jpa.open-in-view is enabled by default. Therefore, database queries may be performed during view rendering. Explicitly configure spring.jpa.open-in-view to disable this warning
2021-02-08 10:51:18 [INFO ] [restartedMain] oint.web.EndpointLinksResolver: Exposing 2 endpoint(s) beneath base path '/actuator'
2021-02-08 10:51:18 [INFO ] [restartedMain] igure.OptionalLiveReloadServer: LiveReload server is running on port 35729
2021-02-08 10:51:18 [INFO ] [restartedMain] .support.RouterFunctionMapping: Mapped (GET && /) -> BackendApplication$$Lambda$825/0x0000000800681040@110d48e8
2021-02-08 10:51:19 [INFO ] [task-1] tainerEntityManagerFactoryBean: Initialized JPA EntityManagerFactory for persistence unit 'default'
2021-02-08 10:51:19 [INFO ] [restartedMain] mbedded.tomcat.TomcatWebServer: Tomcat started on port(s): 8080 (http) with context path ''
2021-02-08 10:51:20 [INFO ] [restartedMain] positoryInitializationListener: Triggering deferred initialization of Spring Data repositories…
2021-02-08 10:51:21 [INFO ] [restartedMain] positoryInitializationListener: Spring Data repositories initialized!
2021-02-08 10:51:33 [INFO ] [http-nio-8080-exec-1] .web.servlet.DispatcherServlet: Initializing Servlet 'dispatcherServlet'
2021-02-08 10:51:33 [INFO ] [http-nio-8080-exec-1] .web.servlet.DispatcherServlet: Completed initialization in 10 ms
2021-02-08 12:29:56 [INFO ] [restartedMain] sPropertyDefaultsPostProcessor: Devtools property defaults active! Set 'spring.devtools.add-properties' to 'false' to disable
2021-02-08 12:29:56 [INFO ] [restartedMain] sPropertyDefaultsPostProcessor: For additional web related logging consider setting the 'logging.level.web' property to 'DEBUG'
2021-02-08 12:29:57 [INFO ] [restartedMain] epositoryConfigurationDelegate: Bootstrapping Spring Data JPA repositories in DEFERRED mode.
2021-02-08 12:29:57 [INFO ] [restartedMain] epositoryConfigurationDelegate: Finished Spring Data repository scanning in 47ms. Found 3 JPA repository interfaces.
2021-02-08 12:29:58 [INFO ] [restartedMain] mbedded.tomcat.TomcatWebServer: Tomcat initialized with port(s): 8080 (http)
2021-02-08 12:29:58 [INFO ] [restartedMain] letWebServerApplicationContext: Root WebApplicationContext: initialization completed in 1677 ms
2021-02-08 12:29:58 [INFO ] [restartedMain] current.ThreadPoolTaskExecutor: Initializing ExecutorService 'applicationTaskExecutor'
2021-02-08 12:29:59 [WARN ] [restartedMain] figuration$JpaWebConfiguration: spring.jpa.open-in-view is enabled by default. Therefore, database queries may be performed during view rendering. Explicitly configure spring.jpa.open-in-view to disable this warning
2021-02-08 12:29:59 [INFO ] [restartedMain] oint.web.EndpointLinksResolver: Exposing 2 endpoint(s) beneath base path '/actuator'
2021-02-08 12:30:00 [INFO ] [restartedMain] igure.OptionalLiveReloadServer: LiveReload server is running on port 35729
2021-02-08 12:30:00 [INFO ] [restartedMain] .support.RouterFunctionMapping: Mapped (GET && /) -> BackendApplication$$Lambda$825/0x0000000800679040@709edb97
2021-02-08 12:30:00 [INFO ] [task-1] tainerEntityManagerFactoryBean: Initialized JPA EntityManagerFactory for persistence unit 'default'
2021-02-08 12:30:00 [INFO ] [restartedMain] mbedded.tomcat.TomcatWebServer: Tomcat started on port(s): 8080 (http) with context path ''
2021-02-08 12:30:01 [INFO ] [restartedMain] positoryInitializationListener: Triggering deferred initialization of Spring Data repositories…
2021-02-08 12:30:01 [INFO ] [restartedMain] positoryInitializationListener: Spring Data repositories initialized!
2021-02-08 12:30:15 [INFO ] [http-nio-8080-exec-1] .web.servlet.DispatcherServlet: Initializing Servlet 'dispatcherServlet'
2021-02-08 12:30:15 [INFO ] [http-nio-8080-exec-1] .web.servlet.DispatcherServlet: Completed initialization in 21 ms
2021-02-08 13:53:44 [INFO ] [restartedMain] sPropertyDefaultsPostProcessor: Devtools property defaults active! Set 'spring.devtools.add-properties' to 'false' to disable
2021-02-08 13:53:44 [INFO ] [restartedMain] sPropertyDefaultsPostProcessor: For additional web related logging consider setting the 'logging.level.web' property to 'DEBUG'
2021-02-08 13:53:45 [INFO ] [restartedMain] epositoryConfigurationDelegate: Bootstrapping Spring Data JPA repositories in DEFERRED mode.
2021-02-08 13:53:45 [INFO ] [restartedMain] epositoryConfigurationDelegate: Finished Spring Data repository scanning in 68ms. Found 3 JPA repository interfaces.
2021-02-08 13:53:45 [INFO ] [restartedMain] mbedded.tomcat.TomcatWebServer: Tomcat initialized with port(s): 8080 (http)
2021-02-08 13:53:45 [INFO ] [restartedMain] letWebServerApplicationContext: Root WebApplicationContext: initialization completed in 1767 ms
2021-02-08 13:53:46 [INFO ] [restartedMain] current.ThreadPoolTaskExecutor: Initializing ExecutorService 'applicationTaskExecutor'
2021-02-08 13:53:46 [WARN ] [restartedMain] figuration$JpaWebConfiguration: spring.jpa.open-in-view is enabled by default. Therefore, database queries may be performed during view rendering. Explicitly configure spring.jpa.open-in-view to disable this warning
2021-02-08 13:53:46 [INFO ] [restartedMain] oint.web.EndpointLinksResolver: Exposing 2 endpoint(s) beneath base path '/actuator'
2021-02-08 13:53:46 [INFO ] [restartedMain] igure.OptionalLiveReloadServer: LiveReload server is running on port 35729
2021-02-08 13:53:47 [INFO ] [restartedMain] .support.RouterFunctionMapping: Mapped (GET && /) -> BackendApplication$$Lambda$825/0x0000000800670c40@2949ad04
2021-02-08 13:53:47 [INFO ] [task-1] tainerEntityManagerFactoryBean: Initialized JPA EntityManagerFactory for persistence unit 'default'
2021-02-08 13:53:47 [INFO ] [restartedMain] mbedded.tomcat.TomcatWebServer: Tomcat started on port(s): 8080 (http) with context path ''
2021-02-08 13:53:48 [INFO ] [restartedMain] positoryInitializationListener: Triggering deferred initialization of Spring Data repositories…
2021-02-08 13:53:48 [INFO ] [restartedMain] positoryInitializationListener: Spring Data repositories initialized!
2021-02-08 13:54:24 [INFO ] [http-nio-8080-exec-2] .web.servlet.DispatcherServlet: Initializing Servlet 'dispatcherServlet'
2021-02-08 13:54:24 [INFO ] [http-nio-8080-exec-2] .web.servlet.DispatcherServlet: Completed initialization in 13 ms
2021-02-08 15:16:43 [INFO ] [restartedMain] sPropertyDefaultsPostProcessor: Devtools property defaults active! Set 'spring.devtools.add-properties' to 'false' to disable
2021-02-08 15:16:43 [INFO ] [restartedMain] sPropertyDefaultsPostProcessor: For additional web related logging consider setting the 'logging.level.web' property to 'DEBUG'
2021-02-08 15:16:45 [INFO ] [restartedMain] epositoryConfigurationDelegate: Bootstrapping Spring Data JPA repositories in DEFERRED mode.
2021-02-08 15:16:45 [INFO ] [restartedMain] epositoryConfigurationDelegate: Finished Spring Data repository scanning in 55ms. Found 3 JPA repository interfaces.
2021-02-08 15:16:45 [INFO ] [restartedMain] mbedded.tomcat.TomcatWebServer: Tomcat initialized with port(s): 8080 (http)
2021-02-08 15:16:46 [INFO ] [restartedMain] letWebServerApplicationContext: Root WebApplicationContext: initialization completed in 2280 ms
2021-02-08 15:16:46 [INFO ] [restartedMain] current.ThreadPoolTaskExecutor: Initializing ExecutorService 'applicationTaskExecutor'
2021-02-08 15:16:47 [WARN ] [restartedMain] figuration$JpaWebConfiguration: spring.jpa.open-in-view is enabled by default. Therefore, database queries may be performed during view rendering. Explicitly configure spring.jpa.open-in-view to disable this warning
2021-02-08 15:16:47 [INFO ] [restartedMain] oint.web.EndpointLinksResolver: Exposing 2 endpoint(s) beneath base path '/actuator'
2021-02-08 15:16:47 [INFO ] [restartedMain] igure.OptionalLiveReloadServer: LiveReload server is running on port 35729
2021-02-08 15:16:47 [INFO ] [restartedMain] .support.RouterFunctionMapping: Mapped (GET && /) -> BackendApplication$$Lambda$831/0x000000080069e440@2aa6ae6f
2021-02-08 15:16:48 [INFO ] [task-1] tainerEntityManagerFactoryBean: Initialized JPA EntityManagerFactory for persistence unit 'default'
2021-02-08 15:16:48 [INFO ] [restartedMain] mbedded.tomcat.TomcatWebServer: Tomcat started on port(s): 8080 (http) with context path ''
2021-02-08 15:16:48 [INFO ] [restartedMain] positoryInitializationListener: Triggering deferred initialization of Spring Data repositories…
2021-02-08 15:16:50 [INFO ] [restartedMain] positoryInitializationListener: Spring Data repositories initialized!
2021-02-08 15:18:08 [INFO ] [http-nio-8080-exec-2] .web.servlet.DispatcherServlet: Initializing Servlet 'dispatcherServlet'
2021-02-08 15:18:08 [INFO ] [http-nio-8080-exec-2] .web.servlet.DispatcherServlet: Completed initialization in 11 ms
2021-02-08 15:18:42 [INFO ] [restartedMain] sPropertyDefaultsPostProcessor: Devtools property defaults active! Set 'spring.devtools.add-properties' to 'false' to disable
2021-02-08 15:18:42 [INFO ] [restartedMain] sPropertyDefaultsPostProcessor: For additional web related logging consider setting the 'logging.level.web' property to 'DEBUG'
2021-02-08 15:18:43 [INFO ] [restartedMain] epositoryConfigurationDelegate: Bootstrapping Spring Data JPA repositories in DEFERRED mode.
2021-02-08 15:18:43 [INFO ] [restartedMain] epositoryConfigurationDelegate: Finished Spring Data repository scanning in 42ms. Found 3 JPA repository interfaces.
2021-02-08 15:18:43 [INFO ] [restartedMain] mbedded.tomcat.TomcatWebServer: Tomcat initialized with port(s): 8080 (http)
2021-02-08 15:18:44 [INFO ] [restartedMain] letWebServerApplicationContext: Root WebApplicationContext: initialization completed in 1561 ms
2021-02-08 15:18:44 [INFO ] [restartedMain] current.ThreadPoolTaskExecutor: Initializing ExecutorService 'applicationTaskExecutor'
2021-02-08 15:18:44 [WARN ] [restartedMain] figuration$JpaWebConfiguration: spring.jpa.open-in-view is enabled by default. Therefore, database queries may be performed during view rendering. Explicitly configure spring.jpa.open-in-view to disable this warning
2021-02-08 15:18:44 [INFO ] [restartedMain] oint.web.EndpointLinksResolver: Exposing 2 endpoint(s) beneath base path '/actuator'
2021-02-08 15:18:45 [INFO ] [restartedMain] igure.OptionalLiveReloadServer: LiveReload server is running on port 35729
2021-02-08 15:18:45 [INFO ] [restartedMain] .support.RouterFunctionMapping: Mapped (GET && /) -> BackendApplication$$Lambda$827/0x0000000800676c40@13014db
2021-02-08 15:18:45 [INFO ] [task-1] tainerEntityManagerFactoryBean: Initialized JPA EntityManagerFactory for persistence unit 'default'
2021-02-08 15:18:45 [INFO ] [restartedMain] mbedded.tomcat.TomcatWebServer: Tomcat started on port(s): 8080 (http) with context path ''
2021-02-08 15:18:46 [INFO ] [http-nio-8080-exec-2] .web.servlet.DispatcherServlet: Initializing Servlet 'dispatcherServlet'
2021-02-08 15:18:46 [INFO ] [http-nio-8080-exec-2] .web.servlet.DispatcherServlet: Completed initialization in 9 ms
2021-02-08 15:18:47 [INFO ] [restartedMain] positoryInitializationListener: Triggering deferred initialization of Spring Data repositories…
2021-02-08 15:18:47 [INFO ] [restartedMain] positoryInitializationListener: Spring Data repositories initialized!
2021-02-08 15:33:23 [INFO ] [restartedMain] sPropertyDefaultsPostProcessor: Devtools property defaults active! Set 'spring.devtools.add-properties' to 'false' to disable
2021-02-08 15:33:23 [INFO ] [restartedMain] sPropertyDefaultsPostProcessor: For additional web related logging consider setting the 'logging.level.web' property to 'DEBUG'
2021-02-08 15:33:24 [INFO ] [restartedMain] epositoryConfigurationDelegate: Bootstrapping Spring Data JPA repositories in DEFERRED mode.
2021-02-08 15:33:24 [INFO ] [restartedMain] epositoryConfigurationDelegate: Finished Spring Data repository scanning in 55ms. Found 3 JPA repository interfaces.
2021-02-08 15:33:24 [INFO ] [restartedMain] mbedded.tomcat.TomcatWebServer: Tomcat initialized with port(s): 8080 (http)
2021-02-08 15:33:24 [INFO ] [restartedMain] letWebServerApplicationContext: Root WebApplicationContext: initialization completed in 1644 ms
2021-02-08 15:33:25 [INFO ] [restartedMain] current.ThreadPoolTaskExecutor: Initializing ExecutorService 'applicationTaskExecutor'
2021-02-08 15:33:25 [WARN ] [restartedMain] figuration$JpaWebConfiguration: spring.jpa.open-in-view is enabled by default. Therefore, database queries may be performed during view rendering. Explicitly configure spring.jpa.open-in-view to disable this warning
2021-02-08 15:33:25 [INFO ] [restartedMain] oint.web.EndpointLinksResolver: Exposing 2 endpoint(s) beneath base path '/actuator'
2021-02-08 15:33:25 [INFO ] [restartedMain] igure.OptionalLiveReloadServer: LiveReload server is running on port 35729
2021-02-08 15:33:25 [INFO ] [restartedMain] .support.RouterFunctionMapping: Mapped (GET && /) -> BackendApplication$$Lambda$828/0x000000080067e040@5a09a20c
2021-02-08 15:33:26 [INFO ] [task-1] tainerEntityManagerFactoryBean: Initialized JPA EntityManagerFactory for persistence unit 'default'
2021-02-08 15:33:26 [INFO ] [restartedMain] mbedded.tomcat.TomcatWebServer: Tomcat started on port(s): 8080 (http) with context path ''
2021-02-08 15:33:26 [INFO ] [restartedMain] positoryInitializationListener: Triggering deferred initialization of Spring Data repositories…
2021-02-08 15:33:26 [INFO ] [restartedMain] positoryInitializationListener: Spring Data repositories initialized!
2021-02-08 15:34:05 [INFO ] [http-nio-8080-exec-1] .web.servlet.DispatcherServlet: Initializing Servlet 'dispatcherServlet'
2021-02-08 15:34:05 [INFO ] [http-nio-8080-exec-1] .web.servlet.DispatcherServlet: Completed initialization in 11 ms
2021-02-08 15:34:46 [INFO ] [restartedMain] sPropertyDefaultsPostProcessor: Devtools property defaults active! Set 'spring.devtools.add-properties' to 'false' to disable
2021-02-08 15:34:46 [INFO ] [restartedMain] sPropertyDefaultsPostProcessor: For additional web related logging consider setting the 'logging.level.web' property to 'DEBUG'
2021-02-08 15:34:47 [INFO ] [restartedMain] epositoryConfigurationDelegate: Bootstrapping Spring Data JPA repositories in DEFERRED mode.
2021-02-08 15:34:47 [INFO ] [restartedMain] epositoryConfigurationDelegate: Finished Spring Data repository scanning in 46ms. Found 3 JPA repository interfaces.
2021-02-08 15:34:48 [INFO ] [restartedMain] mbedded.tomcat.TomcatWebServer: Tomcat initialized with port(s): 8080 (http)
2021-02-08 15:34:48 [INFO ] [restartedMain] letWebServerApplicationContext: Root WebApplicationContext: initialization completed in 1699 ms
2021-02-08 15:34:48 [INFO ] [restartedMain] current.ThreadPoolTaskExecutor: Initializing ExecutorService 'applicationTaskExecutor'
2021-02-08 15:34:49 [WARN ] [restartedMain] figuration$JpaWebConfiguration: spring.jpa.open-in-view is enabled by default. Therefore, database queries may be performed during view rendering. Explicitly configure spring.jpa.open-in-view to disable this warning
2021-02-08 15:34:49 [INFO ] [restartedMain] oint.web.EndpointLinksResolver: Exposing 2 endpoint(s) beneath base path '/actuator'
2021-02-08 15:34:49 [INFO ] [restartedMain] igure.OptionalLiveReloadServer: LiveReload server is running on port 35729
2021-02-08 15:34:49 [INFO ] [restartedMain] .support.RouterFunctionMapping: Mapped (GET && /) -> BackendApplication$$Lambda$828/0x000000080067ec40@722d14c5
2021-02-08 15:34:50 [INFO ] [task-1] tainerEntityManagerFactoryBean: Initialized JPA EntityManagerFactory for persistence unit 'default'
2021-02-08 15:34:50 [INFO ] [restartedMain] mbedded.tomcat.TomcatWebServer: Tomcat started on port(s): 8080 (http) with context path ''
2021-02-08 15:34:50 [INFO ] [restartedMain] positoryInitializationListener: Triggering deferred initialization of Spring Data repositories…
2021-02-08 15:34:51 [INFO ] [restartedMain] positoryInitializationListener: Spring Data repositories initialized!
2021-02-08 15:35:07 [INFO ] [http-nio-8080-exec-1] .web.servlet.DispatcherServlet: Initializing Servlet 'dispatcherServlet'
2021-02-08 15:35:07 [INFO ] [http-nio-8080-exec-1] .web.servlet.DispatcherServlet: Completed initialization in 9 ms
2021-02-08 15:42:02 [INFO ] [restartedMain] sPropertyDefaultsPostProcessor: Devtools property defaults active! Set 'spring.devtools.add-properties' to 'false' to disable
2021-02-08 15:42:02 [INFO ] [restartedMain] sPropertyDefaultsPostProcessor: For additional web related logging consider setting the 'logging.level.web' property to 'DEBUG'
2021-02-08 15:42:04 [INFO ] [restartedMain] epositoryConfigurationDelegate: Bootstrapping Spring Data JPA repositories in DEFERRED mode.
2021-02-08 15:42:04 [INFO ] [restartedMain] epositoryConfigurationDelegate: Finished Spring Data repository scanning in 61ms. Found 3 JPA repository interfaces.
2021-02-08 15:42:05 [INFO ] [restartedMain] mbedded.tomcat.TomcatWebServer: Tomcat initialized with port(s): 8080 (http)
2021-02-08 15:42:05 [INFO ] [restartedMain] letWebServerApplicationContext: Root WebApplicationContext: initialization completed in 2882 ms
2021-02-08 15:42:05 [INFO ] [restartedMain] current.ThreadPoolTaskExecutor: Initializing ExecutorService 'applicationTaskExecutor'
2021-02-08 15:42:06 [WARN ] [restartedMain] figuration$JpaWebConfiguration: spring.jpa.open-in-view is enabled by default. Therefore, database queries may be performed during view rendering. Explicitly configure spring.jpa.open-in-view to disable this warning
2021-02-08 15:42:06 [INFO ] [restartedMain] oint.web.EndpointLinksResolver: Exposing 2 endpoint(s) beneath base path '/actuator'
2021-02-08 15:42:06 [INFO ] [restartedMain] igure.OptionalLiveReloadServer: LiveReload server is running on port 35729
2021-02-08 15:42:06 [INFO ] [restartedMain] .support.RouterFunctionMapping: Mapped (GET && /) -> BackendApplication$$Lambda$828/0x0000000800676440@50be431b
2021-02-08 15:42:06 [INFO ] [task-1] tainerEntityManagerFactoryBean: Initialized JPA EntityManagerFactory for persistence unit 'default'
2021-02-08 15:42:06 [INFO ] [restartedMain] mbedded.tomcat.TomcatWebServer: Tomcat started on port(s): 8080 (http) with context path ''
2021-02-08 15:42:07 [INFO ] [restartedMain] positoryInitializationListener: Triggering deferred initialization of Spring Data repositories…
2021-02-08 15:42:07 [INFO ] [restartedMain] positoryInitializationListener: Spring Data repositories initialized!
2021-02-08 15:43:30 [INFO ] [http-nio-8080-exec-2] .web.servlet.DispatcherServlet: Initializing Servlet 'dispatcherServlet'
2021-02-08 15:43:30 [INFO ] [http-nio-8080-exec-2] .web.servlet.DispatcherServlet: Completed initialization in 23 ms
2021-02-08 15:44:50 [WARN ] [http-nio-8080-exec-4] o.bcrypt.BCryptPasswordEncoder: Encoded password does not look like BCrypt
2021-02-08 16:44:08 [INFO ] [restartedMain] sPropertyDefaultsPostProcessor: Devtools property defaults active! Set 'spring.devtools.add-properties' to 'false' to disable
2021-02-08 16:44:08 [INFO ] [restartedMain] sPropertyDefaultsPostProcessor: For additional web related logging consider setting the 'logging.level.web' property to 'DEBUG'
2021-02-08 16:44:09 [INFO ] [restartedMain] epositoryConfigurationDelegate: Bootstrapping Spring Data JPA repositories in DEFERRED mode.
2021-02-08 16:44:09 [INFO ] [restartedMain] epositoryConfigurationDelegate: Finished Spring Data repository scanning in 38ms. Found 3 JPA repository interfaces.
2021-02-08 16:44:10 [INFO ] [restartedMain] mbedded.tomcat.TomcatWebServer: Tomcat initialized with port(s): 8080 (http)
2021-02-08 16:44:10 [INFO ] [restartedMain] letWebServerApplicationContext: Root WebApplicationContext: initialization completed in 1506 ms
2021-02-08 16:44:10 [INFO ] [restartedMain] current.ThreadPoolTaskExecutor: Initializing ExecutorService 'applicationTaskExecutor'
2021-02-08 16:44:11 [WARN ] [restartedMain] figuration$JpaWebConfiguration: spring.jpa.open-in-view is enabled by default. Therefore, database queries may be performed during view rendering. Explicitly configure spring.jpa.open-in-view to disable this warning
2021-02-08 16:44:11 [INFO ] [restartedMain] oint.web.EndpointLinksResolver: Exposing 2 endpoint(s) beneath base path '/actuator'
2021-02-08 16:44:11 [INFO ] [restartedMain] igure.OptionalLiveReloadServer: LiveReload server is running on port 35729
2021-02-08 16:44:11 [INFO ] [restartedMain] .support.RouterFunctionMapping: Mapped (GET && /) -> BackendApplication$$Lambda$830/0x0000000800685c40@73848297
2021-02-08 16:44:12 [INFO ] [task-1] tainerEntityManagerFactoryBean: Initialized JPA EntityManagerFactory for persistence unit 'default'
2021-02-08 16:44:12 [INFO ] [restartedMain] mbedded.tomcat.TomcatWebServer: Tomcat started on port(s): 8080 (http) with context path ''
2021-02-08 16:44:12 [INFO ] [restartedMain] positoryInitializationListener: Triggering deferred initialization of Spring Data repositories…
2021-02-08 16:44:12 [INFO ] [restartedMain] positoryInitializationListener: Spring Data repositories initialized!
2021-03-15 12:37:38 [INFO ] [restartedMain] sPropertyDefaultsPostProcessor: Devtools property defaults active! Set 'spring.devtools.add-properties' to 'false' to disable
2021-03-15 12:37:38 [INFO ] [restartedMain] sPropertyDefaultsPostProcessor: For additional web related logging consider setting the 'logging.level.web' property to 'DEBUG'
2021-03-15 12:37:40 [INFO ] [restartedMain] epositoryConfigurationDelegate: Bootstrapping Spring Data JPA repositories in DEFERRED mode.
2021-03-15 12:37:40 [INFO ] [restartedMain] epositoryConfigurationDelegate: Finished Spring Data repository scanning in 24ms. Found 0 JPA repository interfaces.
2021-03-15 12:37:41 [INFO ] [restartedMain] mbedded.tomcat.TomcatWebServer: Tomcat initialized with port(s): 8080 (http)
2021-03-15 12:37:41 [INFO ] [restartedMain] letWebServerApplicationContext: Root WebApplicationContext: initialization completed in 2289 ms
2021-03-15 12:37:41 [ERROR] [restartedMain] .embedded.tomcat.TomcatStarter: Error starting Tomcat context. Exception: org.springframework.beans.factory.UnsatisfiedDependencyException. Message: Error creating bean with name 'filtersConfig' defined in file [/Users/roman/IdeaProjects/SE2-Notes/target/classes/com/notes/backend/configs/FiltersConfig.class]: Unsatisfied dependency expressed through constructor parameter 0; nested exception is org.springframework.beans.factory.NoSuchBeanDefinitionException: No qualifying bean of type 'java.lang.String' available: expected at least 1 bean which qualifies as autowire candidate. Dependency annotations: {}
2021-03-15 12:37:41 [WARN ] [restartedMain] letWebServerApplicationContext: Exception encountered during context initialization - cancelling refresh attempt: org.springframework.context.ApplicationContextException: Unable to start web server; nested exception is org.springframework.boot.web.server.WebServerException: Unable to start embedded Tomcat
2021-03-15 12:37:41 [INFO ] [restartedMain] valuationReportLoggingListener: 

Error starting ApplicationContext. To display the conditions report re-run your application with 'debug' enabled.
2021-03-15 12:37:41 [ERROR] [restartedMain] LoggingFailureAnalysisReporter: 

***************************
APPLICATION FAILED TO START
***************************

Description:

Parameter 0 of constructor in com.notes.backend.configs.FiltersConfig required a bean of type 'java.lang.String' that could not be found.


Action:

Consider defining a bean of type 'java.lang.String' in your configuration.

2021-03-15 12:38:33 [INFO ] [restartedMain] sPropertyDefaultsPostProcessor: Devtools property defaults active! Set 'spring.devtools.add-properties' to 'false' to disable
2021-03-15 12:38:33 [INFO ] [restartedMain] sPropertyDefaultsPostProcessor: For additional web related logging consider setting the 'logging.level.web' property to 'DEBUG'
2021-03-15 12:38:34 [INFO ] [restartedMain] epositoryConfigurationDelegate: Bootstrapping Spring Data JPA repositories in DEFERRED mode.
2021-03-15 12:38:34 [INFO ] [restartedMain] epositoryConfigurationDelegate: Finished Spring Data repository scanning in 16ms. Found 0 JPA repository interfaces.
2021-03-15 12:38:35 [INFO ] [restartedMain] mbedded.tomcat.TomcatWebServer: Tomcat initialized with port(s): 8080 (http)
2021-03-15 12:38:35 [INFO ] [restartedMain] letWebServerApplicationContext: Root WebApplicationContext: initialization completed in 2088 ms
2021-03-15 12:38:35 [ERROR] [restartedMain] .embedded.tomcat.TomcatStarter: Error starting Tomcat context. Exception: org.springframework.beans.factory.UnsatisfiedDependencyException. Message: Error creating bean with name 'filtersConfig' defined in file [/Users/roman/IdeaProjects/SE2-Notes/target/classes/com/notes/backend/configs/FiltersConfig.class]: Unsatisfied dependency expressed through constructor parameter 0; nested exception is org.springframework.beans.factory.NoSuchBeanDefinitionException: No qualifying bean of type 'java.lang.String' available: expected at least 1 bean which qualifies as autowire candidate. Dependency annotations: {}
2021-03-15 12:38:35 [WARN ] [restartedMain] letWebServerApplicationContext: Exception encountered during context initialization - cancelling refresh attempt: org.springframework.context.ApplicationContextException: Unable to start web server; nested exception is org.springframework.boot.web.server.WebServerException: Unable to start embedded Tomcat
2021-03-15 12:38:35 [INFO ] [restartedMain] valuationReportLoggingListener: 

Error starting ApplicationContext. To display the conditions report re-run your application with 'debug' enabled.
2021-03-15 12:38:35 [ERROR] [restartedMain] LoggingFailureAnalysisReporter: 

***************************
APPLICATION FAILED TO START
***************************

Description:

Parameter 0 of constructor in com.notes.backend.configs.FiltersConfig required a bean of type 'java.lang.String' that could not be found.


Action:

Consider defining a bean of type 'java.lang.String' in your configuration.

2021-03-15 12:39:06 [INFO ] [restartedMain] sPropertyDefaultsPostProcessor: Devtools property defaults active! Set 'spring.devtools.add-properties' to 'false' to disable
2021-03-15 12:39:06 [INFO ] [restartedMain] sPropertyDefaultsPostProcessor: For additional web related logging consider setting the 'logging.level.web' property to 'DEBUG'
2021-03-15 12:39:07 [INFO ] [restartedMain] epositoryConfigurationDelegate: Bootstrapping Spring Data JPA repositories in DEFERRED mode.
2021-03-15 12:39:07 [INFO ] [restartedMain] epositoryConfigurationDelegate: Finished Spring Data repository scanning in 16ms. Found 0 JPA repository interfaces.
2021-03-15 12:39:08 [INFO ] [restartedMain] mbedded.tomcat.TomcatWebServer: Tomcat initialized with port(s): 8080 (http)
2021-03-15 12:39:08 [INFO ] [restartedMain] letWebServerApplicationContext: Root WebApplicationContext: initialization completed in 2277 ms
2021-03-15 12:39:08 [INFO ] [restartedMain] current.ThreadPoolTaskExecutor: Initializing ExecutorService 'applicationTaskExecutor'
2021-03-15 12:39:09 [WARN ] [restartedMain] figuration$JpaWebConfiguration: spring.jpa.open-in-view is enabled by default. Therefore, database queries may be performed during view rendering. Explicitly configure spring.jpa.open-in-view to disable this warning
2021-03-15 12:39:09 [INFO ] [restartedMain] oint.web.EndpointLinksResolver: Exposing 2 endpoint(s) beneath base path '/actuator'
2021-03-15 12:39:09 [INFO ] [restartedMain] igure.OptionalLiveReloadServer: LiveReload server is running on port 35729
2021-03-15 12:39:09 [INFO ] [restartedMain] .support.RouterFunctionMapping: Mapped (GET && /) -> com.notes.backend.BackendApplication$$Lambda$764/0x0000000800612840@308675f0
2021-03-15 12:39:09 [INFO ] [task-1] tainerEntityManagerFactoryBean: Initialized JPA EntityManagerFactory for persistence unit 'default'
2021-03-15 12:39:10 [INFO ] [restartedMain] mbedded.tomcat.TomcatWebServer: Tomcat started on port(s): 8080 (http) with context path ''
2021-03-15 12:39:10 [INFO ] [restartedMain] positoryInitializationListener: Triggering deferred initialization of Spring Data repositories…
2021-03-15 12:39:10 [INFO ] [restartedMain] positoryInitializationListener: Spring Data repositories initialized!
2021-03-15 12:39:29 [INFO ] [restartedMain] sPropertyDefaultsPostProcessor: Devtools property defaults active! Set 'spring.devtools.add-properties' to 'false' to disable
2021-03-15 12:39:29 [INFO ] [restartedMain] sPropertyDefaultsPostProcessor: For additional web related logging consider setting the 'logging.level.web' property to 'DEBUG'
2021-03-15 12:39:30 [INFO ] [restartedMain] epositoryConfigurationDelegate: Bootstrapping Spring Data JPA repositories in DEFERRED mode.
2021-03-15 12:39:30 [INFO ] [restartedMain] epositoryConfigurationDelegate: Finished Spring Data repository scanning in 10ms. Found 0 JPA repository interfaces.
2021-03-15 12:39:30 [INFO ] [restartedMain] mbedded.tomcat.TomcatWebServer: Tomcat initialized with port(s): 8080 (http)
2021-03-15 12:39:30 [INFO ] [restartedMain] letWebServerApplicationContext: Root WebApplicationContext: initialization completed in 1549 ms
2021-03-15 12:39:30 [INFO ] [restartedMain] current.ThreadPoolTaskExecutor: Initializing ExecutorService 'applicationTaskExecutor'
2021-03-15 12:39:31 [WARN ] [restartedMain] figuration$JpaWebConfiguration: spring.jpa.open-in-view is enabled by default. Therefore, database queries may be performed during view rendering. Explicitly configure spring.jpa.open-in-view to disable this warning
2021-03-15 12:39:31 [INFO ] [restartedMain] oint.web.EndpointLinksResolver: Exposing 2 endpoint(s) beneath base path '/actuator'
2021-03-15 12:39:31 [INFO ] [restartedMain] igure.OptionalLiveReloadServer: LiveReload server is running on port 35729
2021-03-15 12:39:31 [INFO ] [restartedMain] .support.RouterFunctionMapping: Mapped (GET && /) -> com.notes.backend.BackendApplication$$Lambda$763/0x0000000800606840@bc2c9ee
2021-03-15 12:39:33 [INFO ] [restartedMain] mbedded.tomcat.TomcatWebServer: Tomcat started on port(s): 8080 (http) with context path ''
2021-03-15 12:39:33 [INFO ] [restartedMain] positoryInitializationListener: Triggering deferred initialization of Spring Data repositories…
2021-03-15 12:39:33 [INFO ] [restartedMain] positoryInitializationListener: Spring Data repositories initialized!
2021-03-15 12:39:45 [INFO ] [restartedMain] sPropertyDefaultsPostProcessor: Devtools property defaults active! Set 'spring.devtools.add-properties' to 'false' to disable
2021-03-15 12:39:45 [INFO ] [restartedMain] sPropertyDefaultsPostProcessor: For additional web related logging consider setting the 'logging.level.web' property to 'DEBUG'
2021-03-15 12:39:46 [INFO ] [restartedMain] epositoryConfigurationDelegate: Bootstrapping Spring Data JPA repositories in DEFERRED mode.
2021-03-15 12:39:46 [INFO ] [restartedMain] epositoryConfigurationDelegate: Finished Spring Data repository scanning in 11ms. Found 0 JPA repository interfaces.
2021-03-15 12:39:46 [INFO ] [restartedMain] mbedded.tomcat.TomcatWebServer: Tomcat initialized with port(s): 8080 (http)
2021-03-15 12:39:46 [INFO ] [restartedMain] letWebServerApplicationContext: Root WebApplicationContext: initialization completed in 1749 ms
2021-03-15 12:39:47 [INFO ] [restartedMain] current.ThreadPoolTaskExecutor: Initializing ExecutorService 'applicationTaskExecutor'
2021-03-15 12:39:47 [WARN ] [restartedMain] figuration$JpaWebConfiguration: spring.jpa.open-in-view is enabled by default. Therefore, database queries may be performed during view rendering. Explicitly configure spring.jpa.open-in-view to disable this warning
2021-03-15 12:39:47 [INFO ] [restartedMain] oint.web.EndpointLinksResolver: Exposing 2 endpoint(s) beneath base path '/actuator'
2021-03-15 12:39:47 [INFO ] [task-1] tainerEntityManagerFactoryBean: Initialized JPA EntityManagerFactory for persistence unit 'default'
2021-03-15 12:39:48 [INFO ] [restartedMain] igure.OptionalLiveReloadServer: LiveReload server is running on port 35729
2021-03-15 12:39:48 [INFO ] [restartedMain] .support.RouterFunctionMapping: Mapped (GET && /) -> com.notes.backend.BackendApplication$$Lambda$767/0x0000000800648440@6b664d14
2021-03-15 12:39:48 [INFO ] [restartedMain] mbedded.tomcat.TomcatWebServer: Tomcat started on port(s): 8080 (http) with context path ''
2021-03-15 12:39:48 [INFO ] [restartedMain] positoryInitializationListener: Triggering deferred initialization of Spring Data repositories…
2021-03-15 12:39:48 [INFO ] [restartedMain] positoryInitializationListener: Spring Data repositories initialized!
