2021-03-21 09:53:48 [INFO ] [restartedMain] sPropertyDefaultsPostProcessor: Devtools property defaults active! Set 'spring.devtools.add-properties' to 'false' to disable
2021-03-21 09:53:48 [INFO ] [restartedMain] sPropertyDefaultsPostProcessor: For additional web related logging consider setting the 'logging.level.web' property to 'DEBUG'
2021-03-21 09:53:49 [INFO ] [restartedMain] epositoryConfigurationDelegate: Bootstrapping Spring Data JPA repositories in DEFERRED mode.
2021-03-21 09:53:49 [INFO ] [restartedMain] epositoryConfigurationDelegate: Finished Spring Data repository scanning in 70ms. Found 1 JPA repository interfaces.
2021-03-21 09:53:49 [INFO ] [restartedMain] egate$BeanPostProcessorChecker: Bean 'org.springframework.security.access.expression.method.DefaultMethodSecurityExpressionHandler@307ce40f' of type [org.springframework.security.access.expression.method.DefaultMethodSecurityExpressionHandler] is not eligible for getting processed by all BeanPostProcessors (for example: not eligible for auto-proxying)
2021-03-21 09:53:49 [INFO ] [restartedMain] egate$BeanPostProcessorChecker: Bean 'methodSecurityMetadataSource' of type [org.springframework.security.access.method.DelegatingMethodSecurityMetadataSource] is not eligible for getting processed by all BeanPostProcessors (for example: not eligible for auto-proxying)
2021-03-21 09:53:50 [INFO ] [restartedMain] mbedded.tomcat.TomcatWebServer: Tomcat initialized with port(s): 8080 (http)
2021-03-21 09:53:50 [INFO ] [restartedMain] letWebServerApplicationContext: Root WebApplicationContext: initialization completed in 2245 ms
2021-03-21 09:53:50 [WARN ] [restartedMain] figuration$JpaWebConfiguration: spring.jpa.open-in-view is enabled by default. Therefore, database queries may be performed during view rendering. Explicitly configure spring.jpa.open-in-view to disable this warning
2021-03-21 09:53:50 [INFO ] [restartedMain] current.ThreadPoolTaskExecutor: Initializing ExecutorService 'applicationTaskExecutor'
2021-03-21 09:53:51 [INFO ] [restartedMain] oint.web.EndpointLinksResolver: Exposing 2 endpoint(s) beneath base path '/actuator'
2021-03-21 09:53:51 [WARN ] [restartedMain] letWebServerApplicationContext: Exception encountered during context initialization - cancelling refresh attempt: org.springframework.beans.factory.BeanCreationException: Error creating bean with name 'springSecurityFilterChain' defined in class path resource [org/springframework/security/config/annotation/web/configuration/WebSecurityConfiguration.class]: Bean instantiation via factory method failed; nested exception is org.springframework.beans.BeanInstantiationException: Failed to instantiate [javax.servlet.Filter]: Factory method 'springSecurityFilterChain' threw exception; nested exception is org.springframework.beans.factory.BeanNotOfRequiredTypeException: Bean named 'corsFilter' is expected to be of type 'org.springframework.web.filter.CorsFilter' but was actually of type 'org.springframework.boot.web.servlet.FilterRegistrationBean'
2021-03-21 09:53:51 [INFO ] [restartedMain] tainerEntityManagerFactoryBean: Closing JPA EntityManagerFactory for persistence unit 'default'
2021-03-21 09:53:52 [INFO ] [task-1] tainerEntityManagerFactoryBean: Initialized JPA EntityManagerFactory for persistence unit 'default'
2021-03-21 09:53:52 [INFO ] [restartedMain] current.ThreadPoolTaskExecutor: Shutting down ExecutorService 'applicationTaskExecutor'
2021-03-21 09:53:52 [INFO ] [restartedMain] valuationReportLoggingListener: 

Error starting ApplicationContext. To display the conditions report re-run your application with 'debug' enabled.
2021-03-21 09:53:52 [ERROR] [restartedMain] amework.boot.SpringApplication: Application run failed
org.springframework.beans.factory.BeanCreationException: Error creating bean with name 'springSecurityFilterChain' defined in class path resource [org/springframework/security/config/annotation/web/configuration/WebSecurityConfiguration.class]: Bean instantiation via factory method failed; nested exception is org.springframework.beans.BeanInstantiationException: Failed to instantiate [javax.servlet.Filter]: Factory method 'springSecurityFilterChain' threw exception; nested exception is org.springframework.beans.factory.BeanNotOfRequiredTypeException: Bean named 'corsFilter' is expected to be of type 'org.springframework.web.filter.CorsFilter' but was actually of type 'org.springframework.boot.web.servlet.FilterRegistrationBean'
	at org.springframework.beans.factory.support.ConstructorResolver.instantiate(ConstructorResolver.java:655)
	at org.springframework.beans.factory.support.ConstructorResolver.instantiateUsingFactoryMethod(ConstructorResolver.java:483)
	at org.springframework.beans.factory.support.AbstractAutowireCapableBeanFactory.instantiateUsingFactoryMethod(AbstractAutowireCapableBeanFactory.java:1336)
	at org.springframework.beans.factory.support.AbstractAutowireCapableBeanFactory.createBeanInstance(AbstractAutowireCapableBeanFactory.java:1176)
	at org.springframework.beans.factory.support.AbstractAutowireCapableBeanFactory.doCreateBean(AbstractAutowireCapableBeanFactory.java:556)
	at org.springframework.beans.factory.support.AbstractAutowireCapableBeanFactory.createBean(AbstractAutowireCapableBeanFactory.java:516)
	at org.springframework.beans.factory.support.AbstractBeanFactory.lambda$doGetBean$0(AbstractBeanFactory.java:324)
	at org.springframework.beans.factory.support.DefaultSingletonBeanRegistry.getSingleton(DefaultSingletonBeanRegistry.java:234)
	at org.springframework.beans.factory.support.AbstractBeanFactory.doGetBean(AbstractBeanFactory.java:322)
	at org.springframework.beans.factory.support.AbstractBeanFactory.getBean(AbstractBeanFactory.java:202)
	at org.springframework.beans.factory.support.AbstractBeanFactory.doGetBean(AbstractBeanFactory.java:311)
	at org.springframework.beans.factory.support.AbstractBeanFactory.getBean(AbstractBeanFactory.java:202)
	at org.springframework.beans.factory.support.DefaultListableBeanFactory.preInstantiateSingletons(DefaultListableBeanFactory.java:897)
	at org.springframework.context.support.AbstractApplicationContext.finishBeanFactoryInitialization(AbstractApplicationContext.java:879)
	at org.springframework.context.support.AbstractApplicationContext.refresh(AbstractApplicationContext.java:551)
	at org.springframework.boot.web.servlet.context.ServletWebServerApplicationContext.refresh(ServletWebServerApplicationContext.java:143)
	at org.springframework.boot.SpringApplication.refresh(SpringApplication.java:758)
	at org.springframework.boot.SpringApplication.refresh(SpringApplication.java:750)
	at org.springframework.boot.SpringApplication.refreshContext(SpringApplication.java:405)
	at org.springframework.boot.SpringApplication.run(SpringApplication.java:315)
	at org.springframework.boot.SpringApplication.run(SpringApplication.java:1237)
	at org.springframework.boot.SpringApplication.run(SpringApplication.java:1226)
	at com.notes.backend.BackendApplication.main(BackendApplication.java:20)
	at java.base/jdk.internal.reflect.NativeMethodAccessorImpl.invoke0(Native Method)
	at java.base/jdk.internal.reflect.NativeMethodAccessorImpl.invoke(NativeMethodAccessorImpl.java:62)
	at java.base/jdk.internal.reflect.DelegatingMethodAccessorImpl.invoke(DelegatingMethodAccessorImpl.java:43)
	at java.base/java.lang.reflect.Method.invoke(Method.java:566)
	at org.springframework.boot.devtools.restart.RestartLauncher.run(RestartLauncher.java:49)
Caused by: org.springframework.beans.BeanInstantiationException: Failed to instantiate [javax.servlet.Filter]: Factory method 'springSecurityFilterChain' threw exception; nested exception is org.springframework.beans.factory.BeanNotOfRequiredTypeException: Bean named 'corsFilter' is expected to be of type 'org.springframework.web.filter.CorsFilter' but was actually of type 'org.springframework.boot.web.servlet.FilterRegistrationBean'
	at org.springframework.beans.factory.support.SimpleInstantiationStrategy.instantiate(SimpleInstantiationStrategy.java:185)
	at org.springframework.beans.factory.support.ConstructorResolver.instantiate(ConstructorResolver.java:650)
	... 27 common frames omitted
Caused by: org.springframework.beans.factory.BeanNotOfRequiredTypeException: Bean named 'corsFilter' is expected to be of type 'org.springframework.web.filter.CorsFilter' but was actually of type 'org.springframework.boot.web.servlet.FilterRegistrationBean'
	at org.springframework.beans.factory.support.AbstractBeanFactory.doGetBean(AbstractBeanFactory.java:399)
	at org.springframework.beans.factory.support.AbstractBeanFactory.getBean(AbstractBeanFactory.java:207)
	at org.springframework.context.support.AbstractApplicationContext.getBean(AbstractApplicationContext.java:1115)
	at org.springframework.security.config.annotation.web.configurers.CorsConfigurer.getCorsFilter(CorsConfigurer.java:83)
	at org.springframework.security.config.annotation.web.configurers.CorsConfigurer.configure(CorsConfigurer.java:66)
	at org.springframework.security.config.annotation.web.configurers.CorsConfigurer.configure(CorsConfigurer.java:39)
	at org.springframework.security.config.annotation.AbstractConfiguredSecurityBuilder.configure(AbstractConfiguredSecurityBuilder.java:383)
	at org.springframework.security.config.annotation.AbstractConfiguredSecurityBuilder.doBuild(AbstractConfiguredSecurityBuilder.java:329)
	at org.springframework.security.config.annotation.AbstractSecurityBuilder.build(AbstractSecurityBuilder.java:41)
	at org.springframework.security.config.annotation.web.builders.WebSecurity.performBuild(WebSecurity.java:294)
	at org.springframework.security.config.annotation.web.builders.WebSecurity.performBuild(WebSecurity.java:81)
	at org.springframework.security.config.annotation.AbstractConfiguredSecurityBuilder.doBuild(AbstractConfiguredSecurityBuilder.java:333)
	at org.springframework.security.config.annotation.AbstractSecurityBuilder.build(AbstractSecurityBuilder.java:41)
	at org.springframework.security.config.annotation.web.configuration.WebSecurityConfiguration.springSecurityFilterChain(WebSecurityConfiguration.java:104)
	at java.base/jdk.internal.reflect.NativeMethodAccessorImpl.invoke0(Native Method)
	at java.base/jdk.internal.reflect.NativeMethodAccessorImpl.invoke(NativeMethodAccessorImpl.java:62)
	at java.base/jdk.internal.reflect.DelegatingMethodAccessorImpl.invoke(DelegatingMethodAccessorImpl.java:43)
	at java.base/java.lang.reflect.Method.invoke(Method.java:566)
	at org.springframework.beans.factory.support.SimpleInstantiationStrategy.instantiate(SimpleInstantiationStrategy.java:154)
	... 28 common frames omitted
2021-03-21 09:54:47 [INFO ] [restartedMain] sPropertyDefaultsPostProcessor: Devtools property defaults active! Set 'spring.devtools.add-properties' to 'false' to disable
2021-03-21 09:54:47 [INFO ] [restartedMain] sPropertyDefaultsPostProcessor: For additional web related logging consider setting the 'logging.level.web' property to 'DEBUG'
2021-03-21 09:54:48 [INFO ] [restartedMain] epositoryConfigurationDelegate: Bootstrapping Spring Data JPA repositories in DEFERRED mode.
2021-03-21 09:54:48 [INFO ] [restartedMain] epositoryConfigurationDelegate: Finished Spring Data repository scanning in 66ms. Found 1 JPA repository interfaces.
2021-03-21 09:54:49 [INFO ] [restartedMain] egate$BeanPostProcessorChecker: Bean 'org.springframework.security.access.expression.method.DefaultMethodSecurityExpressionHandler@7b159438' of type [org.springframework.security.access.expression.method.DefaultMethodSecurityExpressionHandler] is not eligible for getting processed by all BeanPostProcessors (for example: not eligible for auto-proxying)
2021-03-21 09:54:49 [INFO ] [restartedMain] egate$BeanPostProcessorChecker: Bean 'methodSecurityMetadataSource' of type [org.springframework.security.access.method.DelegatingMethodSecurityMetadataSource] is not eligible for getting processed by all BeanPostProcessors (for example: not eligible for auto-proxying)
2021-03-21 09:54:49 [INFO ] [restartedMain] mbedded.tomcat.TomcatWebServer: Tomcat initialized with port(s): 8080 (http)
2021-03-21 09:54:49 [INFO ] [restartedMain] letWebServerApplicationContext: Root WebApplicationContext: initialization completed in 1944 ms
2021-03-21 09:54:50 [WARN ] [restartedMain] figuration$JpaWebConfiguration: spring.jpa.open-in-view is enabled by default. Therefore, database queries may be performed during view rendering. Explicitly configure spring.jpa.open-in-view to disable this warning
2021-03-21 09:54:50 [INFO ] [restartedMain] current.ThreadPoolTaskExecutor: Initializing ExecutorService 'applicationTaskExecutor'
2021-03-21 09:54:50 [INFO ] [restartedMain] oint.web.EndpointLinksResolver: Exposing 2 endpoint(s) beneath base path '/actuator'
2021-03-21 09:54:51 [INFO ] [restartedMain] .support.RouterFunctionMapping: Mapped (GET && /) -> com.notes.backend.BackendApplication$$Lambda$854/0x0000000800791440@53a6d5a2
2021-03-21 09:54:51 [INFO ] [restartedMain] web.DefaultSecurityFilterChain: Creating filter chain: any request, [org.springframework.security.web.context.request.async.WebAsyncManagerIntegrationFilter@1302002d, org.springframework.security.web.context.SecurityContextPersistenceFilter@645bce60, org.springframework.security.web.header.HeaderWriterFilter@3ca82b8, org.springframework.web.filter.CorsFilter@49380af1, org.springframework.security.web.authentication.logout.LogoutFilter@776a101, com.notes.backend.filters.AuthTokenFilter@1a137a50, org.springframework.security.web.savedrequest.RequestCacheAwareFilter@71e3d655, org.springframework.security.web.servletapi.SecurityContextHolderAwareRequestFilter@274e495e, org.springframework.security.web.authentication.AnonymousAuthenticationFilter@71b63c2d, org.springframework.security.web.session.SessionManagementFilter@545d7838, org.springframework.security.web.access.ExceptionTranslationFilter@7ca333c2, org.springframework.security.web.access.intercept.FilterSecurityInterceptor@76277589]
2021-03-21 09:54:51 [INFO ] [task-1] tainerEntityManagerFactoryBean: Initialized JPA EntityManagerFactory for persistence unit 'default'
2021-03-21 09:54:51 [INFO ] [task-2] igure.OptionalLiveReloadServer: LiveReload server is running on port 35729
2021-03-21 09:54:51 [INFO ] [restartedMain] mbedded.tomcat.TomcatWebServer: Tomcat started on port(s): 8080 (http) with context path ''
2021-03-21 09:54:51 [INFO ] [restartedMain] positoryInitializationListener: Triggering deferred initialization of Spring Data repositories…
2021-03-21 09:54:51 [WARN ] [restartedMain] letWebServerApplicationContext: Exception encountered during context initialization - cancelling refresh attempt: org.springframework.beans.factory.BeanCreationException: Error creating bean with name 'userRepository': FactoryBean threw exception on object creation; nested exception is java.lang.IllegalArgumentException: Failed to create query for method public abstract java.util.Optional com.notes.backend.dao.UserRepository.findByUsername(java.lang.String)! No property username found for type User!
2021-03-21 09:54:51 [INFO ] [restartedMain] tainerEntityManagerFactoryBean: Closing JPA EntityManagerFactory for persistence unit 'default'
2021-03-21 09:54:51 [INFO ] [restartedMain] current.ThreadPoolTaskExecutor: Shutting down ExecutorService 'applicationTaskExecutor'
2021-03-21 09:54:51 [INFO ] [restartedMain] valuationReportLoggingListener: 

Error starting ApplicationContext. To display the conditions report re-run your application with 'debug' enabled.
2021-03-21 09:54:51 [ERROR] [restartedMain] amework.boot.SpringApplication: Application run failed
org.springframework.beans.factory.BeanCreationException: Error creating bean with name 'userRepository': FactoryBean threw exception on object creation; nested exception is java.lang.IllegalArgumentException: Failed to create query for method public abstract java.util.Optional com.notes.backend.dao.UserRepository.findByUsername(java.lang.String)! No property username found for type User!
	at org.springframework.beans.factory.support.FactoryBeanRegistrySupport.doGetObjectFromFactoryBean(FactoryBeanRegistrySupport.java:176)
	at org.springframework.beans.factory.support.FactoryBeanRegistrySupport.getObjectFromFactoryBean(FactoryBeanRegistrySupport.java:101)
	at org.springframework.beans.factory.support.AbstractBeanFactory.getObjectForBeanInstance(AbstractBeanFactory.java:1828)
	at org.springframework.beans.factory.support.AbstractAutowireCapableBeanFactory.getObjectForBeanInstance(AbstractAutowireCapableBeanFactory.java:1265)
	at org.springframework.beans.factory.support.AbstractBeanFactory.doGetBean(AbstractBeanFactory.java:334)
	at org.springframework.beans.factory.support.AbstractBeanFactory.getBean(AbstractBeanFactory.java:202)
	at org.springframework.beans.factory.support.DefaultListableBeanFactory.getBeansOfType(DefaultListableBeanFactory.java:624)
	at org.springframework.beans.factory.support.DefaultListableBeanFactory.getBeansOfType(DefaultListableBeanFactory.java:612)
	at org.springframework.data.repository.config.DeferredRepositoryInitializationListener.onApplicationEvent(DeferredRepositoryInitializationListener.java:51)
	at org.springframework.data.repository.config.DeferredRepositoryInitializationListener.onApplicationEvent(DeferredRepositoryInitializationListener.java:36)
	at org.springframework.context.event.SimpleApplicationEventMulticaster.doInvokeListener(SimpleApplicationEventMulticaster.java:172)
	at org.springframework.context.event.SimpleApplicationEventMulticaster.invokeListener(SimpleApplicationEventMulticaster.java:165)
	at org.springframework.context.event.SimpleApplicationEventMulticaster.multicastEvent(SimpleApplicationEventMulticaster.java:139)
	at org.springframework.context.support.AbstractApplicationContext.publishEvent(AbstractApplicationContext.java:404)
	at org.springframework.context.support.AbstractApplicationContext.publishEvent(AbstractApplicationContext.java:361)
	at org.springframework.context.support.AbstractApplicationContext.finishRefresh(AbstractApplicationContext.java:898)
	at org.springframework.context.support.AbstractApplicationContext.refresh(AbstractApplicationContext.java:554)
	at org.springframework.boot.web.servlet.context.ServletWebServerApplicationContext.refresh(ServletWebServerApplicationContext.java:143)
	at org.springframework.boot.SpringApplication.refresh(SpringApplication.java:758)
	at org.springframework.boot.SpringApplication.refresh(SpringApplication.java:750)
	at org.springframework.boot.SpringApplication.refreshContext(SpringApplication.java:405)
	at org.springframework.boot.SpringApplication.run(SpringApplication.java:315)
	at org.springframework.boot.SpringApplication.run(SpringApplication.java:1237)
	at org.springframework.boot.SpringApplication.run(SpringApplication.java:1226)
	at com.notes.backend.BackendApplication.main(BackendApplication.java:20)
	at java.base/jdk.internal.reflect.NativeMethodAccessorImpl.invoke0(Native Method)
	at java.base/jdk.internal.reflect.NativeMethodAccessorImpl.invoke(NativeMethodAccessorImpl.java:62)
	at java.base/jdk.internal.reflect.DelegatingMethodAccessorImpl.invoke(DelegatingMethodAccessorImpl.java:43)
	at java.base/java.lang.reflect.Method.invoke(Method.java:566)
	at org.springframework.boot.devtools.restart.RestartLauncher.run(RestartLauncher.java:49)
Caused by: java.lang.IllegalArgumentException: Failed to create query for method public abstract java.util.Optional com.notes.backend.dao.UserRepository.findByUsername(java.lang.String)! No property username found for type User!
	at org.springframework.data.jpa.repository.query.PartTreeJpaQuery.<init>(PartTreeJpaQuery.java:96)
	at org.springframework.data.jpa.repository.query.JpaQueryLookupStrategy$CreateQueryLookupStrategy.resolveQuery(JpaQueryLookupStrategy.java:107)
	at org.springframework.data.jpa.repository.query.JpaQueryLookupStrategy$CreateIfNotFoundQueryLookupStrategy.resolveQuery(JpaQueryLookupStrategy.java:218)
	at org.springframework.data.jpa.repository.query.JpaQueryLookupStrategy$AbstractQueryLookupStrategy.resolveQuery(JpaQueryLookupStrategy.java:81)
	at org.springframework.data.repository.core.support.QueryExecutorMethodInterceptor.lookupQuery(QueryExecutorMethodInterceptor.java:99)
	at org.springframework.data.repository.core.support.QueryExecutorMethodInterceptor.lambda$mapMethodsToQuery$1(QueryExecutorMethodInterceptor.java:92)
	at java.base/java.util.stream.ReferencePipeline$3$1.accept(ReferencePipeline.java:195)
	at java.base/java.util.Iterator.forEachRemaining(Iterator.java:133)
	at java.base/java.util.Collections$UnmodifiableCollection$1.forEachRemaining(Collections.java:1054)
	at java.base/java.util.Spliterators$IteratorSpliterator.forEachRemaining(Spliterators.java:1801)
	at java.base/java.util.stream.AbstractPipeline.copyInto(AbstractPipeline.java:484)
	at java.base/java.util.stream.AbstractPipeline.wrapAndCopyInto(AbstractPipeline.java:474)
	at java.base/java.util.stream.ReduceOps$ReduceOp.evaluateSequential(ReduceOps.java:913)
	at java.base/java.util.stream.AbstractPipeline.evaluate(AbstractPipeline.java:234)
	at java.base/java.util.stream.ReferencePipeline.collect(ReferencePipeline.java:578)
	at org.springframework.data.repository.core.support.QueryExecutorMethodInterceptor.mapMethodsToQuery(QueryExecutorMethodInterceptor.java:94)
	at org.springframework.data.repository.core.support.QueryExecutorMethodInterceptor.lambda$new$0(QueryExecutorMethodInterceptor.java:84)
	at java.base/java.util.Optional.map(Optional.java:265)
	at org.springframework.data.repository.core.support.QueryExecutorMethodInterceptor.<init>(QueryExecutorMethodInterceptor.java:84)
	at org.springframework.data.repository.core.support.RepositoryFactorySupport.getRepository(RepositoryFactorySupport.java:332)
	at org.springframework.data.repository.core.support.RepositoryFactoryBeanSupport.lambda$afterPropertiesSet$5(RepositoryFactoryBeanSupport.java:297)
	at org.springframework.data.util.Lazy.getNullable(Lazy.java:211)
	at org.springframework.data.util.Lazy.get(Lazy.java:95)
	at org.springframework.data.repository.core.support.RepositoryFactoryBeanSupport.getObject(RepositoryFactoryBeanSupport.java:244)
	at org.springframework.data.repository.core.support.RepositoryFactoryBeanSupport.getObject(RepositoryFactoryBeanSupport.java:57)
	at org.springframework.beans.factory.support.FactoryBeanRegistrySupport.doGetObjectFromFactoryBean(FactoryBeanRegistrySupport.java:169)
	... 29 common frames omitted
Caused by: org.springframework.data.mapping.PropertyReferenceException: No property username found for type User!
	at org.springframework.data.mapping.PropertyPath.<init>(PropertyPath.java:94)
	at org.springframework.data.mapping.PropertyPath.create(PropertyPath.java:382)
	at org.springframework.data.mapping.PropertyPath.create(PropertyPath.java:358)
	at org.springframework.data.mapping.PropertyPath.lambda$from$0(PropertyPath.java:311)
	at java.base/java.util.concurrent.ConcurrentMap.computeIfAbsent(ConcurrentMap.java:330)
	at org.springframework.data.mapping.PropertyPath.from(PropertyPath.java:293)
	at org.springframework.data.mapping.PropertyPath.from(PropertyPath.java:276)
	at org.springframework.data.repository.query.parser.Part.<init>(Part.java:82)
	at org.springframework.data.repository.query.parser.PartTree$OrPart.lambda$new$0(PartTree.java:251)
	at java.base/java.util.stream.ReferencePipeline$3$1.accept(ReferencePipeline.java:195)
	at java.base/java.util.stream.ReferencePipeline$2$1.accept(ReferencePipeline.java:177)
	at java.base/java.util.Spliterators$ArraySpliterator.forEachRemaining(Spliterators.java:948)
	at java.base/java.util.stream.AbstractPipeline.copyInto(AbstractPipeline.java:484)
	at java.base/java.util.stream.AbstractPipeline.wrapAndCopyInto(AbstractPipeline.java:474)
	at java.base/java.util.stream.ReduceOps$ReduceOp.evaluateSequential(ReduceOps.java:913)
	at java.base/java.util.stream.AbstractPipeline.evaluate(AbstractPipeline.java:234)
	at java.base/java.util.stream.ReferencePipeline.collect(ReferencePipeline.java:578)
	at org.springframework.data.repository.query.parser.PartTree$OrPart.<init>(PartTree.java:252)
	at org.springframework.data.repository.query.parser.PartTree$Predicate.lambda$new$0(PartTree.java:381)
	at java.base/java.util.stream.ReferencePipeline$3$1.accept(ReferencePipeline.java:195)
	at java.base/java.util.stream.ReferencePipeline$2$1.accept(ReferencePipeline.java:177)
	at java.base/java.util.Spliterators$ArraySpliterator.forEachRemaining(Spliterators.java:948)
	at java.base/java.util.stream.AbstractPipeline.copyInto(AbstractPipeline.java:484)
	at java.base/java.util.stream.AbstractPipeline.wrapAndCopyInto(AbstractPipeline.java:474)
	at java.base/java.util.stream.ReduceOps$ReduceOp.evaluateSequential(ReduceOps.java:913)
	at java.base/java.util.stream.AbstractPipeline.evaluate(AbstractPipeline.java:234)
	at java.base/java.util.stream.ReferencePipeline.collect(ReferencePipeline.java:578)
	at org.springframework.data.repository.query.parser.PartTree$Predicate.<init>(PartTree.java:382)
	at org.springframework.data.repository.query.parser.PartTree.<init>(PartTree.java:97)
	at org.springframework.data.jpa.repository.query.PartTreeJpaQuery.<init>(PartTreeJpaQuery.java:89)
	... 54 common frames omitted
2021-03-21 09:55:46 [INFO ] [restartedMain] sPropertyDefaultsPostProcessor: Devtools property defaults active! Set 'spring.devtools.add-properties' to 'false' to disable
2021-03-21 09:55:46 [INFO ] [restartedMain] sPropertyDefaultsPostProcessor: For additional web related logging consider setting the 'logging.level.web' property to 'DEBUG'
2021-03-21 09:55:47 [INFO ] [restartedMain] epositoryConfigurationDelegate: Bootstrapping Spring Data JPA repositories in DEFERRED mode.
2021-03-21 09:55:47 [INFO ] [restartedMain] epositoryConfigurationDelegate: Finished Spring Data repository scanning in 60ms. Found 1 JPA repository interfaces.
2021-03-21 09:55:48 [INFO ] [restartedMain] egate$BeanPostProcessorChecker: Bean 'org.springframework.security.access.expression.method.DefaultMethodSecurityExpressionHandler@1b91b7a2' of type [org.springframework.security.access.expression.method.DefaultMethodSecurityExpressionHandler] is not eligible for getting processed by all BeanPostProcessors (for example: not eligible for auto-proxying)
2021-03-21 09:55:48 [INFO ] [restartedMain] egate$BeanPostProcessorChecker: Bean 'methodSecurityMetadataSource' of type [org.springframework.security.access.method.DelegatingMethodSecurityMetadataSource] is not eligible for getting processed by all BeanPostProcessors (for example: not eligible for auto-proxying)
2021-03-21 09:55:48 [INFO ] [restartedMain] mbedded.tomcat.TomcatWebServer: Tomcat initialized with port(s): 8080 (http)
2021-03-21 09:55:48 [INFO ] [restartedMain] letWebServerApplicationContext: Root WebApplicationContext: initialization completed in 2402 ms
2021-03-21 09:55:48 [WARN ] [restartedMain] figuration$JpaWebConfiguration: spring.jpa.open-in-view is enabled by default. Therefore, database queries may be performed during view rendering. Explicitly configure spring.jpa.open-in-view to disable this warning
2021-03-21 09:55:49 [INFO ] [restartedMain] current.ThreadPoolTaskExecutor: Initializing ExecutorService 'applicationTaskExecutor'
2021-03-21 09:55:49 [INFO ] [restartedMain] oint.web.EndpointLinksResolver: Exposing 2 endpoint(s) beneath base path '/actuator'
2021-03-21 09:55:50 [INFO ] [restartedMain] .support.RouterFunctionMapping: Mapped (GET && /) -> com.notes.backend.BackendApplication$$Lambda$852/0x0000000800780840@53d1208b
2021-03-21 09:55:50 [INFO ] [restartedMain] web.DefaultSecurityFilterChain: Creating filter chain: any request, [org.springframework.security.web.context.request.async.WebAsyncManagerIntegrationFilter@75b98afe, org.springframework.security.web.context.SecurityContextPersistenceFilter@22bfbc48, org.springframework.security.web.header.HeaderWriterFilter@5599621b, org.springframework.web.filter.CorsFilter@7a819d56, org.springframework.security.web.authentication.logout.LogoutFilter@1170173d, com.notes.backend.filters.AuthTokenFilter@43cdedce, org.springframework.security.web.savedrequest.RequestCacheAwareFilter@11c9da5, org.springframework.security.web.servletapi.SecurityContextHolderAwareRequestFilter@5b85002c, org.springframework.security.web.authentication.AnonymousAuthenticationFilter@6d74763e, org.springframework.security.web.session.SessionManagementFilter@7730a4be, org.springframework.security.web.access.ExceptionTranslationFilter@6df565e7, org.springframework.security.web.access.intercept.FilterSecurityInterceptor@3fad002d]
2021-03-21 09:55:50 [INFO ] [task-1] tainerEntityManagerFactoryBean: Initialized JPA EntityManagerFactory for persistence unit 'default'
2021-03-21 09:55:50 [INFO ] [restartedMain] igure.OptionalLiveReloadServer: LiveReload server is running on port 35729
2021-03-21 09:55:50 [INFO ] [restartedMain] mbedded.tomcat.TomcatWebServer: Tomcat started on port(s): 8080 (http) with context path ''
2021-03-21 09:55:50 [INFO ] [restartedMain] positoryInitializationListener: Triggering deferred initialization of Spring Data repositories…
2021-03-21 09:55:51 [INFO ] [restartedMain] positoryInitializationListener: Spring Data repositories initialized!
2021-03-21 09:56:55 [INFO ] [http-nio-8080-exec-1] .web.servlet.DispatcherServlet: Initializing Servlet 'dispatcherServlet'
2021-03-21 09:56:55 [INFO ] [http-nio-8080-exec-1] .web.servlet.DispatcherServlet: Completed initialization in 39 ms
2021-03-21 09:57:33 [INFO ] [restartedMain] sPropertyDefaultsPostProcessor: Devtools property defaults active! Set 'spring.devtools.add-properties' to 'false' to disable
2021-03-21 09:57:33 [INFO ] [restartedMain] sPropertyDefaultsPostProcessor: For additional web related logging consider setting the 'logging.level.web' property to 'DEBUG'
2021-03-21 09:57:34 [INFO ] [restartedMain] epositoryConfigurationDelegate: Bootstrapping Spring Data JPA repositories in DEFERRED mode.
2021-03-21 09:57:34 [INFO ] [restartedMain] epositoryConfigurationDelegate: Finished Spring Data repository scanning in 53ms. Found 1 JPA repository interfaces.
2021-03-21 09:57:34 [INFO ] [restartedMain] egate$BeanPostProcessorChecker: Bean 'org.springframework.security.access.expression.method.DefaultMethodSecurityExpressionHandler@63336b18' of type [org.springframework.security.access.expression.method.DefaultMethodSecurityExpressionHandler] is not eligible for getting processed by all BeanPostProcessors (for example: not eligible for auto-proxying)
2021-03-21 09:57:34 [INFO ] [restartedMain] egate$BeanPostProcessorChecker: Bean 'methodSecurityMetadataSource' of type [org.springframework.security.access.method.DelegatingMethodSecurityMetadataSource] is not eligible for getting processed by all BeanPostProcessors (for example: not eligible for auto-proxying)
2021-03-21 09:57:35 [INFO ] [restartedMain] mbedded.tomcat.TomcatWebServer: Tomcat initialized with port(s): 8080 (http)
2021-03-21 09:57:35 [INFO ] [restartedMain] letWebServerApplicationContext: Root WebApplicationContext: initialization completed in 1915 ms
2021-03-21 09:57:35 [WARN ] [restartedMain] figuration$JpaWebConfiguration: spring.jpa.open-in-view is enabled by default. Therefore, database queries may be performed during view rendering. Explicitly configure spring.jpa.open-in-view to disable this warning
2021-03-21 09:57:35 [INFO ] [restartedMain] current.ThreadPoolTaskExecutor: Initializing ExecutorService 'applicationTaskExecutor'
2021-03-21 09:57:36 [INFO ] [restartedMain] oint.web.EndpointLinksResolver: Exposing 2 endpoint(s) beneath base path '/actuator'
2021-03-21 09:57:36 [INFO ] [restartedMain] .support.RouterFunctionMapping: Mapped (GET && /) -> com.notes.backend.BackendApplication$$Lambda$851/0x0000000800768040@a619a00
2021-03-21 09:57:36 [INFO ] [restartedMain] web.DefaultSecurityFilterChain: Creating filter chain: any request, [org.springframework.security.web.context.request.async.WebAsyncManagerIntegrationFilter@561e3abb, org.springframework.security.web.context.SecurityContextPersistenceFilter@7ef9c131, org.springframework.security.web.header.HeaderWriterFilter@5ba8623, org.springframework.web.filter.CorsFilter@5f672d40, org.springframework.security.web.authentication.logout.LogoutFilter@4c087932, com.notes.backend.filters.AuthTokenFilter@764e1b57, org.springframework.security.web.savedrequest.RequestCacheAwareFilter@4cd814a2, org.springframework.security.web.servletapi.SecurityContextHolderAwareRequestFilter@5a4e74f7, org.springframework.security.web.authentication.AnonymousAuthenticationFilter@5720e13, org.springframework.security.web.session.SessionManagementFilter@6fe0ceeb, org.springframework.security.web.access.ExceptionTranslationFilter@27aa329b, org.springframework.security.web.access.intercept.FilterSecurityInterceptor@4558afd4]
2021-03-21 09:57:36 [INFO ] [restartedMain] igure.OptionalLiveReloadServer: LiveReload server is running on port 35729
2021-03-21 09:57:36 [INFO ] [task-1] tainerEntityManagerFactoryBean: Initialized JPA EntityManagerFactory for persistence unit 'default'
2021-03-21 09:57:36 [INFO ] [restartedMain] mbedded.tomcat.TomcatWebServer: Tomcat started on port(s): 8080 (http) with context path ''
2021-03-21 09:57:36 [INFO ] [restartedMain] positoryInitializationListener: Triggering deferred initialization of Spring Data repositories…
2021-03-21 09:57:37 [INFO ] [restartedMain] positoryInitializationListener: Spring Data repositories initialized!
2021-03-21 09:57:39 [INFO ] [http-nio-8080-exec-1] .web.servlet.DispatcherServlet: Initializing Servlet 'dispatcherServlet'
2021-03-21 09:57:39 [INFO ] [http-nio-8080-exec-1] .web.servlet.DispatcherServlet: Completed initialization in 11 ms
2021-03-21 09:59:14 [INFO ] [restartedMain] sPropertyDefaultsPostProcessor: Devtools property defaults active! Set 'spring.devtools.add-properties' to 'false' to disable
2021-03-21 09:59:14 [INFO ] [restartedMain] sPropertyDefaultsPostProcessor: For additional web related logging consider setting the 'logging.level.web' property to 'DEBUG'
2021-03-21 09:59:16 [INFO ] [restartedMain] epositoryConfigurationDelegate: Bootstrapping Spring Data JPA repositories in DEFERRED mode.
2021-03-21 09:59:16 [INFO ] [restartedMain] epositoryConfigurationDelegate: Finished Spring Data repository scanning in 60ms. Found 1 JPA repository interfaces.
2021-03-21 09:59:16 [INFO ] [restartedMain] egate$BeanPostProcessorChecker: Bean 'org.springframework.security.access.expression.method.DefaultMethodSecurityExpressionHandler@5c60d830' of type [org.springframework.security.access.expression.method.DefaultMethodSecurityExpressionHandler] is not eligible for getting processed by all BeanPostProcessors (for example: not eligible for auto-proxying)
2021-03-21 09:59:16 [INFO ] [restartedMain] egate$BeanPostProcessorChecker: Bean 'methodSecurityMetadataSource' of type [org.springframework.security.access.method.DelegatingMethodSecurityMetadataSource] is not eligible for getting processed by all BeanPostProcessors (for example: not eligible for auto-proxying)
2021-03-21 09:59:16 [INFO ] [restartedMain] mbedded.tomcat.TomcatWebServer: Tomcat initialized with port(s): 8080 (http)
2021-03-21 09:59:16 [INFO ] [restartedMain] letWebServerApplicationContext: Root WebApplicationContext: initialization completed in 2312 ms
2021-03-21 09:59:17 [WARN ] [restartedMain] figuration$JpaWebConfiguration: spring.jpa.open-in-view is enabled by default. Therefore, database queries may be performed during view rendering. Explicitly configure spring.jpa.open-in-view to disable this warning
2021-03-21 09:59:17 [INFO ] [restartedMain] current.ThreadPoolTaskExecutor: Initializing ExecutorService 'applicationTaskExecutor'
2021-03-21 09:59:17 [INFO ] [restartedMain] oint.web.EndpointLinksResolver: Exposing 2 endpoint(s) beneath base path '/actuator'
2021-03-21 09:59:18 [INFO ] [restartedMain] .support.RouterFunctionMapping: Mapped (GET && /) -> com.notes.backend.BackendApplication$$Lambda$853/0x000000080078f040@71a1bec8
2021-03-21 09:59:18 [INFO ] [restartedMain] web.DefaultSecurityFilterChain: Creating filter chain: any request, [org.springframework.security.web.context.request.async.WebAsyncManagerIntegrationFilter@d4bfb00, org.springframework.security.web.context.SecurityContextPersistenceFilter@5417775d, org.springframework.security.web.header.HeaderWriterFilter@59191cd2, org.springframework.web.filter.CorsFilter@1657cabf, org.springframework.security.web.authentication.logout.LogoutFilter@591ab618, com.notes.backend.filters.AuthTokenFilter@347833df, org.springframework.security.web.savedrequest.RequestCacheAwareFilter@48702906, org.springframework.security.web.servletapi.SecurityContextHolderAwareRequestFilter@3224e278, org.springframework.security.web.authentication.AnonymousAuthenticationFilter@7b0d1e90, org.springframework.security.web.session.SessionManagementFilter@78bdfdef, org.springframework.security.web.access.ExceptionTranslationFilter@77cd7c0a, org.springframework.security.web.access.intercept.FilterSecurityInterceptor@6328784f]
2021-03-21 09:59:18 [INFO ] [task-1] tainerEntityManagerFactoryBean: Initialized JPA EntityManagerFactory for persistence unit 'default'
2021-03-21 09:59:18 [INFO ] [task-2] igure.OptionalLiveReloadServer: LiveReload server is running on port 35729
2021-03-21 09:59:18 [INFO ] [restartedMain] mbedded.tomcat.TomcatWebServer: Tomcat started on port(s): 8080 (http) with context path ''
2021-03-21 09:59:18 [INFO ] [restartedMain] positoryInitializationListener: Triggering deferred initialization of Spring Data repositories…
2021-03-21 09:59:19 [INFO ] [restartedMain] positoryInitializationListener: Spring Data repositories initialized!
2021-03-21 10:03:21 [INFO ] [restartedMain] sPropertyDefaultsPostProcessor: Devtools property defaults active! Set 'spring.devtools.add-properties' to 'false' to disable
2021-03-21 10:03:21 [INFO ] [restartedMain] sPropertyDefaultsPostProcessor: For additional web related logging consider setting the 'logging.level.web' property to 'DEBUG'
2021-03-21 10:03:22 [INFO ] [restartedMain] epositoryConfigurationDelegate: Bootstrapping Spring Data JPA repositories in DEFERRED mode.
2021-03-21 10:03:22 [INFO ] [restartedMain] epositoryConfigurationDelegate: Finished Spring Data repository scanning in 76ms. Found 1 JPA repository interfaces.
2021-03-21 10:03:23 [INFO ] [restartedMain] egate$BeanPostProcessorChecker: Bean 'org.springframework.security.access.expression.method.DefaultMethodSecurityExpressionHandler@154cef02' of type [org.springframework.security.access.expression.method.DefaultMethodSecurityExpressionHandler] is not eligible for getting processed by all BeanPostProcessors (for example: not eligible for auto-proxying)
2021-03-21 10:03:23 [INFO ] [restartedMain] egate$BeanPostProcessorChecker: Bean 'methodSecurityMetadataSource' of type [org.springframework.security.access.method.DelegatingMethodSecurityMetadataSource] is not eligible for getting processed by all BeanPostProcessors (for example: not eligible for auto-proxying)
2021-03-21 10:03:23 [INFO ] [restartedMain] mbedded.tomcat.TomcatWebServer: Tomcat initialized with port(s): 8080 (http)
2021-03-21 10:03:23 [INFO ] [restartedMain] letWebServerApplicationContext: Root WebApplicationContext: initialization completed in 1995 ms
2021-03-21 10:03:23 [WARN ] [restartedMain] figuration$JpaWebConfiguration: spring.jpa.open-in-view is enabled by default. Therefore, database queries may be performed during view rendering. Explicitly configure spring.jpa.open-in-view to disable this warning
2021-03-21 10:03:24 [INFO ] [restartedMain] current.ThreadPoolTaskExecutor: Initializing ExecutorService 'applicationTaskExecutor'
2021-03-21 10:03:24 [INFO ] [restartedMain] oint.web.EndpointLinksResolver: Exposing 2 endpoint(s) beneath base path '/actuator'
2021-03-21 10:03:25 [INFO ] [restartedMain] .support.RouterFunctionMapping: Mapped (GET && /) -> com.notes.backend.BackendApplication$$Lambda$850/0x0000000800768040@4c1c1ea6
2021-03-21 10:03:25 [INFO ] [restartedMain] web.DefaultSecurityFilterChain: Creating filter chain: any request, [org.springframework.security.web.context.request.async.WebAsyncManagerIntegrationFilter@72400daf, org.springframework.security.web.context.SecurityContextPersistenceFilter@559e0e28, org.springframework.security.web.header.HeaderWriterFilter@6865c3bd, org.springframework.web.filter.CorsFilter@3fc14ec6, org.springframework.security.web.authentication.logout.LogoutFilter@5fb918f4, com.notes.backend.filters.AuthTokenFilter@1000b2da, org.springframework.security.web.savedrequest.RequestCacheAwareFilter@18d9545f, org.springframework.security.web.servletapi.SecurityContextHolderAwareRequestFilter@76a7c366, org.springframework.security.web.authentication.AnonymousAuthenticationFilter@34554dda, org.springframework.security.web.session.SessionManagementFilter@36ccae38, org.springframework.security.web.access.ExceptionTranslationFilter@431b1c38, org.springframework.security.web.access.intercept.FilterSecurityInterceptor@e62191c]
2021-03-21 10:03:25 [INFO ] [restartedMain] igure.OptionalLiveReloadServer: LiveReload server is running on port 35729
2021-03-21 10:03:25 [INFO ] [task-1] tainerEntityManagerFactoryBean: Initialized JPA EntityManagerFactory for persistence unit 'default'
2021-03-21 10:03:25 [INFO ] [restartedMain] mbedded.tomcat.TomcatWebServer: Tomcat started on port(s): 8080 (http) with context path ''
2021-03-21 10:03:25 [INFO ] [restartedMain] positoryInitializationListener: Triggering deferred initialization of Spring Data repositories…
2021-03-21 10:03:25 [INFO ] [restartedMain] positoryInitializationListener: Spring Data repositories initialized!
2021-03-21 10:06:57 [INFO ] [http-nio-8080-exec-2] .web.servlet.DispatcherServlet: Initializing Servlet 'dispatcherServlet'
2021-03-21 10:06:57 [INFO ] [http-nio-8080-exec-2] .web.servlet.DispatcherServlet: Completed initialization in 62 ms
2021-03-21 10:10:41 [INFO ] [restartedMain] sPropertyDefaultsPostProcessor: Devtools property defaults active! Set 'spring.devtools.add-properties' to 'false' to disable
2021-03-21 10:10:41 [INFO ] [restartedMain] sPropertyDefaultsPostProcessor: For additional web related logging consider setting the 'logging.level.web' property to 'DEBUG'
2021-03-21 10:10:42 [INFO ] [restartedMain] epositoryConfigurationDelegate: Bootstrapping Spring Data JPA repositories in DEFERRED mode.
2021-03-21 10:10:42 [INFO ] [restartedMain] epositoryConfigurationDelegate: Finished Spring Data repository scanning in 66ms. Found 1 JPA repository interfaces.
2021-03-21 10:10:43 [INFO ] [restartedMain] egate$BeanPostProcessorChecker: Bean 'org.springframework.security.access.expression.method.DefaultMethodSecurityExpressionHandler@7254deca' of type [org.springframework.security.access.expression.method.DefaultMethodSecurityExpressionHandler] is not eligible for getting processed by all BeanPostProcessors (for example: not eligible for auto-proxying)
2021-03-21 10:10:43 [INFO ] [restartedMain] egate$BeanPostProcessorChecker: Bean 'methodSecurityMetadataSource' of type [org.springframework.security.access.method.DelegatingMethodSecurityMetadataSource] is not eligible for getting processed by all BeanPostProcessors (for example: not eligible for auto-proxying)
2021-03-21 10:10:43 [INFO ] [restartedMain] mbedded.tomcat.TomcatWebServer: Tomcat initialized with port(s): 8080 (http)
2021-03-21 10:10:43 [INFO ] [restartedMain] letWebServerApplicationContext: Root WebApplicationContext: initialization completed in 2002 ms
2021-03-21 10:10:43 [WARN ] [restartedMain] figuration$JpaWebConfiguration: spring.jpa.open-in-view is enabled by default. Therefore, database queries may be performed during view rendering. Explicitly configure spring.jpa.open-in-view to disable this warning
2021-03-21 10:10:44 [INFO ] [restartedMain] current.ThreadPoolTaskExecutor: Initializing ExecutorService 'applicationTaskExecutor'
2021-03-21 10:10:44 [INFO ] [restartedMain] oint.web.EndpointLinksResolver: Exposing 2 endpoint(s) beneath base path '/actuator'
2021-03-21 10:10:45 [INFO ] [restartedMain] .support.RouterFunctionMapping: Mapped (GET && /) -> com.notes.backend.BackendApplication$$Lambda$852/0x0000000800771040@7ebbeb8d
2021-03-21 10:10:45 [INFO ] [restartedMain] web.DefaultSecurityFilterChain: Creating filter chain: any request, [org.springframework.security.web.context.request.async.WebAsyncManagerIntegrationFilter@10286666, org.springframework.security.web.context.SecurityContextPersistenceFilter@45b92d4f, org.springframework.security.web.header.HeaderWriterFilter@4e15b3b8, org.springframework.web.filter.CorsFilter@1b3c6abc, org.springframework.security.web.authentication.logout.LogoutFilter@1fde437, com.notes.backend.filters.AuthTokenFilter@1f75097e, org.springframework.security.web.savedrequest.RequestCacheAwareFilter@611e837d, org.springframework.security.web.servletapi.SecurityContextHolderAwareRequestFilter@6230310e, org.springframework.security.web.authentication.AnonymousAuthenticationFilter@77891df3, org.springframework.security.web.session.SessionManagementFilter@610b2161, org.springframework.security.web.access.ExceptionTranslationFilter@69a90eed, org.springframework.security.web.access.intercept.FilterSecurityInterceptor@61c7f5cf]
2021-03-21 10:10:45 [INFO ] [restartedMain] igure.OptionalLiveReloadServer: LiveReload server is running on port 35729
2021-03-21 10:10:45 [INFO ] [task-1] tainerEntityManagerFactoryBean: Initialized JPA EntityManagerFactory for persistence unit 'default'
2021-03-21 10:10:45 [INFO ] [restartedMain] mbedded.tomcat.TomcatWebServer: Tomcat started on port(s): 8080 (http) with context path ''
2021-03-21 10:10:45 [INFO ] [restartedMain] positoryInitializationListener: Triggering deferred initialization of Spring Data repositories…
2021-03-21 10:10:45 [INFO ] [restartedMain] positoryInitializationListener: Spring Data repositories initialized!
2021-03-21 10:10:56 [INFO ] [http-nio-8080-exec-2] .web.servlet.DispatcherServlet: Initializing Servlet 'dispatcherServlet'
2021-03-21 10:10:56 [INFO ] [http-nio-8080-exec-2] .web.servlet.DispatcherServlet: Completed initialization in 14 ms
2021-03-21 10:11:39 [INFO ] [restartedMain] sPropertyDefaultsPostProcessor: Devtools property defaults active! Set 'spring.devtools.add-properties' to 'false' to disable
2021-03-21 10:11:39 [INFO ] [restartedMain] sPropertyDefaultsPostProcessor: For additional web related logging consider setting the 'logging.level.web' property to 'DEBUG'
2021-03-21 10:11:40 [INFO ] [restartedMain] epositoryConfigurationDelegate: Bootstrapping Spring Data JPA repositories in DEFERRED mode.
2021-03-21 10:11:40 [INFO ] [restartedMain] epositoryConfigurationDelegate: Finished Spring Data repository scanning in 65ms. Found 1 JPA repository interfaces.
2021-03-21 10:11:40 [INFO ] [restartedMain] egate$BeanPostProcessorChecker: Bean 'org.springframework.security.access.expression.method.DefaultMethodSecurityExpressionHandler@4175f51d' of type [org.springframework.security.access.expression.method.DefaultMethodSecurityExpressionHandler] is not eligible for getting processed by all BeanPostProcessors (for example: not eligible for auto-proxying)
2021-03-21 10:11:40 [INFO ] [restartedMain] egate$BeanPostProcessorChecker: Bean 'methodSecurityMetadataSource' of type [org.springframework.security.access.method.DelegatingMethodSecurityMetadataSource] is not eligible for getting processed by all BeanPostProcessors (for example: not eligible for auto-proxying)
2021-03-21 10:11:40 [INFO ] [restartedMain] mbedded.tomcat.TomcatWebServer: Tomcat initialized with port(s): 8080 (http)
2021-03-21 10:11:41 [INFO ] [restartedMain] letWebServerApplicationContext: Root WebApplicationContext: initialization completed in 1810 ms
2021-03-21 10:11:41 [WARN ] [restartedMain] figuration$JpaWebConfiguration: spring.jpa.open-in-view is enabled by default. Therefore, database queries may be performed during view rendering. Explicitly configure spring.jpa.open-in-view to disable this warning
2021-03-21 10:11:41 [INFO ] [restartedMain] current.ThreadPoolTaskExecutor: Initializing ExecutorService 'applicationTaskExecutor'
2021-03-21 10:11:42 [INFO ] [restartedMain] oint.web.EndpointLinksResolver: Exposing 2 endpoint(s) beneath base path '/actuator'
2021-03-21 10:11:42 [INFO ] [restartedMain] .support.RouterFunctionMapping: Mapped (GET && /) -> com.notes.backend.BackendApplication$$Lambda$853/0x0000000800786840@5a48eef7
2021-03-21 10:11:42 [INFO ] [restartedMain] web.DefaultSecurityFilterChain: Creating filter chain: any request, [org.springframework.security.web.context.request.async.WebAsyncManagerIntegrationFilter@138aa7fd, org.springframework.security.web.context.SecurityContextPersistenceFilter@5d6c6abb, org.springframework.security.web.header.HeaderWriterFilter@37b682b0, org.springframework.web.filter.CorsFilter@5d8cca2e, org.springframework.security.web.authentication.logout.LogoutFilter@aadeffa, com.notes.backend.filters.AuthTokenFilter@3e2444f7, org.springframework.security.web.savedrequest.RequestCacheAwareFilter@11dea7e5, org.springframework.security.web.servletapi.SecurityContextHolderAwareRequestFilter@19004635, org.springframework.security.web.authentication.AnonymousAuthenticationFilter@44c0c37b, org.springframework.security.web.session.SessionManagementFilter@efa88b0, org.springframework.security.web.access.ExceptionTranslationFilter@3433e9db, org.springframework.security.web.access.intercept.FilterSecurityInterceptor@12bdf783]
2021-03-21 10:11:42 [INFO ] [task-1] tainerEntityManagerFactoryBean: Initialized JPA EntityManagerFactory for persistence unit 'default'
2021-03-21 10:11:42 [INFO ] [task-2] igure.OptionalLiveReloadServer: LiveReload server is running on port 35729
2021-03-21 10:11:43 [INFO ] [restartedMain] mbedded.tomcat.TomcatWebServer: Tomcat started on port(s): 8080 (http) with context path ''
2021-03-21 10:11:43 [INFO ] [restartedMain] positoryInitializationListener: Triggering deferred initialization of Spring Data repositories…
2021-03-21 10:11:43 [INFO ] [restartedMain] positoryInitializationListener: Spring Data repositories initialized!
2021-03-21 10:11:50 [INFO ] [http-nio-8080-exec-1] .web.servlet.DispatcherServlet: Initializing Servlet 'dispatcherServlet'
2021-03-21 10:11:50 [INFO ] [http-nio-8080-exec-1] .web.servlet.DispatcherServlet: Completed initialization in 9 ms
2021-03-21 10:12:17 [INFO ] [restartedMain] sPropertyDefaultsPostProcessor: Devtools property defaults active! Set 'spring.devtools.add-properties' to 'false' to disable
2021-03-21 10:12:17 [INFO ] [restartedMain] sPropertyDefaultsPostProcessor: For additional web related logging consider setting the 'logging.level.web' property to 'DEBUG'
2021-03-21 10:12:18 [INFO ] [restartedMain] epositoryConfigurationDelegate: Bootstrapping Spring Data JPA repositories in DEFERRED mode.
2021-03-21 10:12:18 [INFO ] [restartedMain] epositoryConfigurationDelegate: Finished Spring Data repository scanning in 73ms. Found 1 JPA repository interfaces.
2021-03-21 10:12:18 [INFO ] [restartedMain] egate$BeanPostProcessorChecker: Bean 'org.springframework.security.access.expression.method.DefaultMethodSecurityExpressionHandler@72a8483b' of type [org.springframework.security.access.expression.method.DefaultMethodSecurityExpressionHandler] is not eligible for getting processed by all BeanPostProcessors (for example: not eligible for auto-proxying)
2021-03-21 10:12:18 [INFO ] [restartedMain] egate$BeanPostProcessorChecker: Bean 'methodSecurityMetadataSource' of type [org.springframework.security.access.method.DelegatingMethodSecurityMetadataSource] is not eligible for getting processed by all BeanPostProcessors (for example: not eligible for auto-proxying)
2021-03-21 10:12:18 [INFO ] [restartedMain] mbedded.tomcat.TomcatWebServer: Tomcat initialized with port(s): 8080 (http)
2021-03-21 10:12:19 [INFO ] [restartedMain] letWebServerApplicationContext: Root WebApplicationContext: initialization completed in 1979 ms
2021-03-21 10:12:19 [WARN ] [restartedMain] figuration$JpaWebConfiguration: spring.jpa.open-in-view is enabled by default. Therefore, database queries may be performed during view rendering. Explicitly configure spring.jpa.open-in-view to disable this warning
2021-03-21 10:12:19 [INFO ] [restartedMain] current.ThreadPoolTaskExecutor: Initializing ExecutorService 'applicationTaskExecutor'
2021-03-21 10:12:20 [INFO ] [restartedMain] oint.web.EndpointLinksResolver: Exposing 2 endpoint(s) beneath base path '/actuator'
2021-03-21 10:12:20 [INFO ] [restartedMain] .support.RouterFunctionMapping: Mapped (GET && /) -> com.notes.backend.BackendApplication$$Lambda$851/0x000000080076fc40@6c67737a
2021-03-21 10:12:20 [INFO ] [restartedMain] web.DefaultSecurityFilterChain: Creating filter chain: any request, [org.springframework.security.web.context.request.async.WebAsyncManagerIntegrationFilter@452a2487, org.springframework.security.web.context.SecurityContextPersistenceFilter@12907d0, org.springframework.security.web.header.HeaderWriterFilter@5c8a3628, org.springframework.web.filter.CorsFilter@366070a2, org.springframework.security.web.authentication.logout.LogoutFilter@2f5ab59e, com.notes.backend.filters.AuthTokenFilter@5a02a662, org.springframework.security.web.savedrequest.RequestCacheAwareFilter@25fd4ab8, org.springframework.security.web.servletapi.SecurityContextHolderAwareRequestFilter@4450ce0b, org.springframework.security.web.authentication.AnonymousAuthenticationFilter@38a2ceeb, org.springframework.security.web.session.SessionManagementFilter@56a563b2, org.springframework.security.web.access.ExceptionTranslationFilter@5bccb7d2, org.springframework.security.web.access.intercept.FilterSecurityInterceptor@3912e463]
2021-03-21 10:12:20 [INFO ] [restartedMain] igure.OptionalLiveReloadServer: LiveReload server is running on port 35729
2021-03-21 10:12:20 [INFO ] [task-1] tainerEntityManagerFactoryBean: Initialized JPA EntityManagerFactory for persistence unit 'default'
2021-03-21 10:12:20 [INFO ] [restartedMain] mbedded.tomcat.TomcatWebServer: Tomcat started on port(s): 8080 (http) with context path ''
2021-03-21 10:12:21 [INFO ] [restartedMain] positoryInitializationListener: Triggering deferred initialization of Spring Data repositories…
2021-03-21 10:12:21 [INFO ] [restartedMain] positoryInitializationListener: Spring Data repositories initialized!
2021-03-21 10:12:22 [INFO ] [http-nio-8080-exec-2] .web.servlet.DispatcherServlet: Initializing Servlet 'dispatcherServlet'
2021-03-21 10:12:23 [INFO ] [http-nio-8080-exec-2] .web.servlet.DispatcherServlet: Completed initialization in 99 ms
2021-03-21 10:15:58 [INFO ] [restartedMain] sPropertyDefaultsPostProcessor: Devtools property defaults active! Set 'spring.devtools.add-properties' to 'false' to disable
2021-03-21 10:15:58 [INFO ] [restartedMain] sPropertyDefaultsPostProcessor: For additional web related logging consider setting the 'logging.level.web' property to 'DEBUG'
2021-03-21 10:15:59 [INFO ] [restartedMain] epositoryConfigurationDelegate: Bootstrapping Spring Data JPA repositories in DEFERRED mode.
2021-03-21 10:16:00 [INFO ] [restartedMain] epositoryConfigurationDelegate: Finished Spring Data repository scanning in 65ms. Found 1 JPA repository interfaces.
2021-03-21 10:16:00 [INFO ] [restartedMain] egate$BeanPostProcessorChecker: Bean 'org.springframework.security.access.expression.method.DefaultMethodSecurityExpressionHandler@55e03401' of type [org.springframework.security.access.expression.method.DefaultMethodSecurityExpressionHandler] is not eligible for getting processed by all BeanPostProcessors (for example: not eligible for auto-proxying)
2021-03-21 10:16:00 [INFO ] [restartedMain] egate$BeanPostProcessorChecker: Bean 'methodSecurityMetadataSource' of type [org.springframework.security.access.method.DelegatingMethodSecurityMetadataSource] is not eligible for getting processed by all BeanPostProcessors (for example: not eligible for auto-proxying)
2021-03-21 10:16:00 [INFO ] [restartedMain] mbedded.tomcat.TomcatWebServer: Tomcat initialized with port(s): 8080 (http)
2021-03-21 10:16:00 [INFO ] [restartedMain] letWebServerApplicationContext: Root WebApplicationContext: initialization completed in 2032 ms
2021-03-21 10:16:00 [WARN ] [restartedMain] figuration$JpaWebConfiguration: spring.jpa.open-in-view is enabled by default. Therefore, database queries may be performed during view rendering. Explicitly configure spring.jpa.open-in-view to disable this warning
2021-03-21 10:16:01 [INFO ] [restartedMain] current.ThreadPoolTaskExecutor: Initializing ExecutorService 'applicationTaskExecutor'
2021-03-21 10:16:01 [INFO ] [restartedMain] oint.web.EndpointLinksResolver: Exposing 2 endpoint(s) beneath base path '/actuator'
2021-03-21 10:16:02 [INFO ] [restartedMain] .support.RouterFunctionMapping: Mapped (GET && /) -> com.notes.backend.BackendApplication$$Lambda$852/0x0000000800779040@69ed9fcf
2021-03-21 10:16:02 [INFO ] [restartedMain] web.DefaultSecurityFilterChain: Creating filter chain: any request, [org.springframework.security.web.context.request.async.WebAsyncManagerIntegrationFilter@36a0a0d, org.springframework.security.web.context.SecurityContextPersistenceFilter@7bcfd8e4, org.springframework.security.web.header.HeaderWriterFilter@58381afe, org.springframework.web.filter.CorsFilter@775f57ba, org.springframework.security.web.authentication.logout.LogoutFilter@5c303fd3, com.notes.backend.filters.AuthTokenFilter@3a727223, org.springframework.security.web.savedrequest.RequestCacheAwareFilter@367c79ea, org.springframework.security.web.servletapi.SecurityContextHolderAwareRequestFilter@774516c6, org.springframework.security.web.authentication.AnonymousAuthenticationFilter@b58d686, org.springframework.security.web.session.SessionManagementFilter@4856fdb3, org.springframework.security.web.access.ExceptionTranslationFilter@6719d24c, org.springframework.security.web.access.intercept.FilterSecurityInterceptor@74706d63]
2021-03-21 10:16:02 [INFO ] [task-1] tainerEntityManagerFactoryBean: Initialized JPA EntityManagerFactory for persistence unit 'default'
2021-03-21 10:16:02 [INFO ] [restartedMain] igure.OptionalLiveReloadServer: LiveReload server is running on port 35729
2021-03-21 10:16:02 [INFO ] [restartedMain] mbedded.tomcat.TomcatWebServer: Tomcat started on port(s): 8080 (http) with context path ''
2021-03-21 10:16:02 [INFO ] [restartedMain] positoryInitializationListener: Triggering deferred initialization of Spring Data repositories…
2021-03-21 10:16:02 [INFO ] [restartedMain] positoryInitializationListener: Spring Data repositories initialized!
2021-03-21 10:16:04 [INFO ] [http-nio-8080-exec-2] .web.servlet.DispatcherServlet: Initializing Servlet 'dispatcherServlet'
2021-03-21 10:16:04 [INFO ] [http-nio-8080-exec-2] .web.servlet.DispatcherServlet: Completed initialization in 34 ms
2021-03-21 10:18:46 [INFO ] [restartedMain] sPropertyDefaultsPostProcessor: Devtools property defaults active! Set 'spring.devtools.add-properties' to 'false' to disable
2021-03-21 10:18:46 [INFO ] [restartedMain] sPropertyDefaultsPostProcessor: For additional web related logging consider setting the 'logging.level.web' property to 'DEBUG'
2021-03-21 10:18:48 [INFO ] [restartedMain] epositoryConfigurationDelegate: Bootstrapping Spring Data JPA repositories in DEFERRED mode.
2021-03-21 10:18:48 [INFO ] [restartedMain] epositoryConfigurationDelegate: Finished Spring Data repository scanning in 57ms. Found 1 JPA repository interfaces.
2021-03-21 10:18:48 [INFO ] [restartedMain] egate$BeanPostProcessorChecker: Bean 'org.springframework.security.access.expression.method.DefaultMethodSecurityExpressionHandler@76f5c58a' of type [org.springframework.security.access.expression.method.DefaultMethodSecurityExpressionHandler] is not eligible for getting processed by all BeanPostProcessors (for example: not eligible for auto-proxying)
2021-03-21 10:18:48 [INFO ] [restartedMain] egate$BeanPostProcessorChecker: Bean 'methodSecurityMetadataSource' of type [org.springframework.security.access.method.DelegatingMethodSecurityMetadataSource] is not eligible for getting processed by all BeanPostProcessors (for example: not eligible for auto-proxying)
2021-03-21 10:18:49 [INFO ] [restartedMain] mbedded.tomcat.TomcatWebServer: Tomcat initialized with port(s): 8080 (http)
2021-03-21 10:18:49 [INFO ] [restartedMain] letWebServerApplicationContext: Root WebApplicationContext: initialization completed in 2172 ms
2021-03-21 10:18:49 [WARN ] [restartedMain] figuration$JpaWebConfiguration: spring.jpa.open-in-view is enabled by default. Therefore, database queries may be performed during view rendering. Explicitly configure spring.jpa.open-in-view to disable this warning
2021-03-21 10:18:49 [INFO ] [restartedMain] current.ThreadPoolTaskExecutor: Initializing ExecutorService 'applicationTaskExecutor'
2021-03-21 10:18:50 [INFO ] [restartedMain] oint.web.EndpointLinksResolver: Exposing 2 endpoint(s) beneath base path '/actuator'
2021-03-21 10:18:50 [INFO ] [restartedMain] .support.RouterFunctionMapping: Mapped (GET && /) -> com.notes.backend.BackendApplication$$Lambda$853/0x0000000800787440@4f364086
2021-03-21 10:18:50 [INFO ] [restartedMain] web.DefaultSecurityFilterChain: Creating filter chain: any request, [org.springframework.security.web.context.request.async.WebAsyncManagerIntegrationFilter@35863dcc, org.springframework.security.web.context.SecurityContextPersistenceFilter@73266af6, org.springframework.security.web.header.HeaderWriterFilter@56196c85, org.springframework.web.filter.CorsFilter@764d13b5, org.springframework.security.web.authentication.logout.LogoutFilter@3a41f5a0, com.notes.backend.filters.AuthTokenFilter@816e8f7, org.springframework.security.web.savedrequest.RequestCacheAwareFilter@10494258, org.springframework.security.web.servletapi.SecurityContextHolderAwareRequestFilter@3dd12a42, org.springframework.security.web.authentication.AnonymousAuthenticationFilter@5b877477, org.springframework.security.web.session.SessionManagementFilter@641d9aae, org.springframework.security.web.access.ExceptionTranslationFilter@50275b21, org.springframework.security.web.access.intercept.FilterSecurityInterceptor@6a8a731f]
2021-03-21 10:18:50 [INFO ] [task-1] tainerEntityManagerFactoryBean: Initialized JPA EntityManagerFactory for persistence unit 'default'
2021-03-21 10:18:50 [INFO ] [restartedMain] igure.OptionalLiveReloadServer: LiveReload server is running on port 35729
2021-03-21 10:18:50 [INFO ] [restartedMain] mbedded.tomcat.TomcatWebServer: Tomcat started on port(s): 8080 (http) with context path ''
2021-03-21 10:18:51 [INFO ] [restartedMain] positoryInitializationListener: Triggering deferred initialization of Spring Data repositories…
2021-03-21 10:18:51 [INFO ] [restartedMain] positoryInitializationListener: Spring Data repositories initialized!
2021-03-21 10:18:53 [INFO ] [http-nio-8080-exec-2] .web.servlet.DispatcherServlet: Initializing Servlet 'dispatcherServlet'
2021-03-21 10:18:53 [INFO ] [http-nio-8080-exec-2] .web.servlet.DispatcherServlet: Completed initialization in 12 ms
2021-03-21 10:22:10 [INFO ] [restartedMain] sPropertyDefaultsPostProcessor: Devtools property defaults active! Set 'spring.devtools.add-properties' to 'false' to disable
2021-03-21 10:22:10 [INFO ] [restartedMain] sPropertyDefaultsPostProcessor: For additional web related logging consider setting the 'logging.level.web' property to 'DEBUG'
2021-03-21 10:22:11 [INFO ] [restartedMain] epositoryConfigurationDelegate: Bootstrapping Spring Data JPA repositories in DEFERRED mode.
2021-03-21 10:22:11 [INFO ] [restartedMain] epositoryConfigurationDelegate: Finished Spring Data repository scanning in 72ms. Found 1 JPA repository interfaces.
2021-03-21 10:22:11 [INFO ] [restartedMain] egate$BeanPostProcessorChecker: Bean 'org.springframework.security.access.expression.method.DefaultMethodSecurityExpressionHandler@63254e91' of type [org.springframework.security.access.expression.method.DefaultMethodSecurityExpressionHandler] is not eligible for getting processed by all BeanPostProcessors (for example: not eligible for auto-proxying)
2021-03-21 10:22:11 [INFO ] [restartedMain] egate$BeanPostProcessorChecker: Bean 'methodSecurityMetadataSource' of type [org.springframework.security.access.method.DelegatingMethodSecurityMetadataSource] is not eligible for getting processed by all BeanPostProcessors (for example: not eligible for auto-proxying)
2021-03-21 10:22:12 [INFO ] [restartedMain] mbedded.tomcat.TomcatWebServer: Tomcat initialized with port(s): 8080 (http)
2021-03-21 10:22:12 [INFO ] [restartedMain] letWebServerApplicationContext: Root WebApplicationContext: initialization completed in 2121 ms
2021-03-21 10:22:12 [WARN ] [restartedMain] figuration$JpaWebConfiguration: spring.jpa.open-in-view is enabled by default. Therefore, database queries may be performed during view rendering. Explicitly configure spring.jpa.open-in-view to disable this warning
2021-03-21 10:22:12 [INFO ] [restartedMain] current.ThreadPoolTaskExecutor: Initializing ExecutorService 'applicationTaskExecutor'
2021-03-21 10:22:13 [INFO ] [restartedMain] oint.web.EndpointLinksResolver: Exposing 2 endpoint(s) beneath base path '/actuator'
2021-03-21 10:22:13 [INFO ] [restartedMain] .support.RouterFunctionMapping: Mapped (GET && /) -> com.notes.backend.BackendApplication$$Lambda$852/0x0000000800771440@b4a4adb
2021-03-21 10:22:13 [INFO ] [restartedMain] web.DefaultSecurityFilterChain: Creating filter chain: any request, [org.springframework.security.web.context.request.async.WebAsyncManagerIntegrationFilter@2d536ee, org.springframework.security.web.context.SecurityContextPersistenceFilter@4be0ff7d, org.springframework.security.web.header.HeaderWriterFilter@a84837f, org.springframework.web.filter.CorsFilter@49ec2184, org.springframework.security.web.authentication.logout.LogoutFilter@4f4fbe40, com.notes.backend.filters.AuthTokenFilter@18fe7113, org.springframework.security.web.savedrequest.RequestCacheAwareFilter@710e65c, org.springframework.security.web.servletapi.SecurityContextHolderAwareRequestFilter@1af09404, org.springframework.security.web.authentication.AnonymousAuthenticationFilter@4c0dff00, org.springframework.security.web.session.SessionManagementFilter@1f2af424, org.springframework.security.web.access.ExceptionTranslationFilter@16a30380, org.springframework.security.web.access.intercept.FilterSecurityInterceptor@664b8f4e]
2021-03-21 10:22:13 [INFO ] [task-1] tainerEntityManagerFactoryBean: Initialized JPA EntityManagerFactory for persistence unit 'default'
2021-03-21 10:22:13 [INFO ] [restartedMain] igure.OptionalLiveReloadServer: LiveReload server is running on port 35729
2021-03-21 10:22:14 [INFO ] [restartedMain] mbedded.tomcat.TomcatWebServer: Tomcat started on port(s): 8080 (http) with context path ''
2021-03-21 10:22:14 [INFO ] [restartedMain] positoryInitializationListener: Triggering deferred initialization of Spring Data repositories…
2021-03-21 10:22:14 [INFO ] [restartedMain] positoryInitializationListener: Spring Data repositories initialized!
2021-03-21 10:22:17 [INFO ] [http-nio-8080-exec-1] .web.servlet.DispatcherServlet: Initializing Servlet 'dispatcherServlet'
2021-03-21 10:22:17 [INFO ] [http-nio-8080-exec-1] .web.servlet.DispatcherServlet: Completed initialization in 92 ms
2021-03-21 10:24:07 [INFO ] [restartedMain] sPropertyDefaultsPostProcessor: Devtools property defaults active! Set 'spring.devtools.add-properties' to 'false' to disable
2021-03-21 10:24:07 [INFO ] [restartedMain] sPropertyDefaultsPostProcessor: For additional web related logging consider setting the 'logging.level.web' property to 'DEBUG'
2021-03-21 10:24:08 [INFO ] [restartedMain] epositoryConfigurationDelegate: Bootstrapping Spring Data JPA repositories in DEFERRED mode.
2021-03-21 10:24:08 [INFO ] [restartedMain] epositoryConfigurationDelegate: Finished Spring Data repository scanning in 55ms. Found 1 JPA repository interfaces.
2021-03-21 10:24:08 [INFO ] [restartedMain] egate$BeanPostProcessorChecker: Bean 'org.springframework.security.access.expression.method.DefaultMethodSecurityExpressionHandler@2ce0c6ed' of type [org.springframework.security.access.expression.method.DefaultMethodSecurityExpressionHandler] is not eligible for getting processed by all BeanPostProcessors (for example: not eligible for auto-proxying)
2021-03-21 10:24:08 [INFO ] [restartedMain] egate$BeanPostProcessorChecker: Bean 'methodSecurityMetadataSource' of type [org.springframework.security.access.method.DelegatingMethodSecurityMetadataSource] is not eligible for getting processed by all BeanPostProcessors (for example: not eligible for auto-proxying)
2021-03-21 10:24:09 [INFO ] [restartedMain] mbedded.tomcat.TomcatWebServer: Tomcat initialized with port(s): 8080 (http)
2021-03-21 10:24:09 [INFO ] [restartedMain] letWebServerApplicationContext: Root WebApplicationContext: initialization completed in 2085 ms
2021-03-21 10:24:09 [WARN ] [restartedMain] figuration$JpaWebConfiguration: spring.jpa.open-in-view is enabled by default. Therefore, database queries may be performed during view rendering. Explicitly configure spring.jpa.open-in-view to disable this warning
2021-03-21 10:24:09 [INFO ] [restartedMain] current.ThreadPoolTaskExecutor: Initializing ExecutorService 'applicationTaskExecutor'
2021-03-21 10:24:10 [INFO ] [restartedMain] oint.web.EndpointLinksResolver: Exposing 2 endpoint(s) beneath base path '/actuator'
2021-03-21 10:24:10 [INFO ] [restartedMain] .support.RouterFunctionMapping: Mapped (GET && /) -> com.notes.backend.BackendApplication$$Lambda$851/0x0000000800771040@48e045b2
2021-03-21 10:24:10 [INFO ] [restartedMain] web.DefaultSecurityFilterChain: Creating filter chain: any request, [org.springframework.security.web.context.request.async.WebAsyncManagerIntegrationFilter@3ae218a6, org.springframework.security.web.context.SecurityContextPersistenceFilter@182e671d, org.springframework.security.web.header.HeaderWriterFilter@7d08307a, org.springframework.web.filter.CorsFilter@7de59a64, org.springframework.security.web.authentication.logout.LogoutFilter@217f52eb, com.notes.backend.filters.AuthTokenFilter@e61e36, org.springframework.security.web.savedrequest.RequestCacheAwareFilter@18ce6ed4, org.springframework.security.web.servletapi.SecurityContextHolderAwareRequestFilter@1626686e, org.springframework.security.web.authentication.AnonymousAuthenticationFilter@7d8ec981, org.springframework.security.web.session.SessionManagementFilter@2021feda, org.springframework.security.web.access.ExceptionTranslationFilter@529c8e83, org.springframework.security.web.access.intercept.FilterSecurityInterceptor@49ce1656]
2021-03-21 10:24:10 [INFO ] [restartedMain] igure.OptionalLiveReloadServer: LiveReload server is running on port 35729
2021-03-21 10:24:10 [INFO ] [task-1] tainerEntityManagerFactoryBean: Initialized JPA EntityManagerFactory for persistence unit 'default'
2021-03-21 10:24:11 [INFO ] [restartedMain] mbedded.tomcat.TomcatWebServer: Tomcat started on port(s): 8080 (http) with context path ''
2021-03-21 10:24:11 [INFO ] [restartedMain] positoryInitializationListener: Triggering deferred initialization of Spring Data repositories…
2021-03-21 10:24:11 [INFO ] [restartedMain] positoryInitializationListener: Spring Data repositories initialized!
2021-03-21 10:24:28 [INFO ] [http-nio-8080-exec-1] .web.servlet.DispatcherServlet: Initializing Servlet 'dispatcherServlet'
2021-03-21 10:24:29 [INFO ] [http-nio-8080-exec-1] .web.servlet.DispatcherServlet: Completed initialization in 22 ms
