2021-02-02 12:52:32 [INFO ] [restartedMain] sPropertyDefaultsPostProcessor: Devtools property defaults active! Set 'spring.devtools.add-properties' to 'false' to disable
2021-02-02 12:52:32 [INFO ] [restartedMain] sPropertyDefaultsPostProcessor: For additional web related logging consider setting the 'logging.level.web' property to 'DEBUG'
2021-02-02 12:52:33 [INFO ] [restartedMain] epositoryConfigurationDelegate: Bootstrapping Spring Data JPA repositories in DEFERRED mode.
2021-02-02 12:52:33 [INFO ] [restartedMain] epositoryConfigurationDelegate: Finished Spring Data repository scanning in 80ms. Found 3 JPA repository interfaces.
2021-02-02 12:52:33 [INFO ] [restartedMain] mbedded.tomcat.TomcatWebServer: Tomcat initialized with port(s): 8080 (http)
2021-02-02 12:52:34 [INFO ] [restartedMain] letWebServerApplicationContext: Root WebApplicationContext: initialization completed in 2001 ms
2021-02-02 12:52:34 [INFO ] [restartedMain] current.ThreadPoolTaskExecutor: Initializing ExecutorService 'applicationTaskExecutor'
2021-02-02 12:52:34 [WARN ] [restartedMain] figuration$JpaWebConfiguration: spring.jpa.open-in-view is enabled by default. Therefore, database queries may be performed during view rendering. Explicitly configure spring.jpa.open-in-view to disable this warning
2021-02-02 12:52:34 [INFO ] [restartedMain] oint.web.EndpointLinksResolver: Exposing 2 endpoint(s) beneath base path '/actuator'
2021-02-02 12:52:35 [INFO ] [restartedMain] igure.OptionalLiveReloadServer: LiveReload server is running on port 35729
2021-02-02 12:52:35 [INFO ] [restartedMain] .support.RouterFunctionMapping: Mapped (GET && /) -> BackendApplication$$Lambda$817/0x000000080062b440@58cb1984
2021-02-02 12:52:36 [INFO ] [task-1] tainerEntityManagerFactoryBean: Initialized JPA EntityManagerFactory for persistence unit 'default'
2021-02-02 12:52:36 [INFO ] [restartedMain] mbedded.tomcat.TomcatWebServer: Tomcat started on port(s): 8080 (http) with context path ''
2021-02-02 12:52:36 [INFO ] [restartedMain] positoryInitializationListener: Triggering deferred initialization of Spring Data repositories…
2021-02-02 12:52:36 [INFO ] [restartedMain] positoryInitializationListener: Spring Data repositories initialized!
2021-02-02 13:02:11 [INFO ] [restartedMain] sPropertyDefaultsPostProcessor: Devtools property defaults active! Set 'spring.devtools.add-properties' to 'false' to disable
2021-02-02 13:02:11 [INFO ] [restartedMain] sPropertyDefaultsPostProcessor: For additional web related logging consider setting the 'logging.level.web' property to 'DEBUG'
2021-02-02 13:02:12 [INFO ] [restartedMain] epositoryConfigurationDelegate: Bootstrapping Spring Data JPA repositories in DEFERRED mode.
2021-02-02 13:02:13 [INFO ] [restartedMain] epositoryConfigurationDelegate: Finished Spring Data repository scanning in 72ms. Found 3 JPA repository interfaces.
2021-02-02 13:02:13 [INFO ] [restartedMain] mbedded.tomcat.TomcatWebServer: Tomcat initialized with port(s): 8080 (http)
2021-02-02 13:02:13 [INFO ] [restartedMain] letWebServerApplicationContext: Root WebApplicationContext: initialization completed in 1956 ms
2021-02-02 13:02:13 [INFO ] [restartedMain] current.ThreadPoolTaskExecutor: Initializing ExecutorService 'applicationTaskExecutor'
2021-02-02 13:02:14 [WARN ] [restartedMain] figuration$JpaWebConfiguration: spring.jpa.open-in-view is enabled by default. Therefore, database queries may be performed during view rendering. Explicitly configure spring.jpa.open-in-view to disable this warning
2021-02-02 13:02:14 [INFO ] [restartedMain] oint.web.EndpointLinksResolver: Exposing 2 endpoint(s) beneath base path '/actuator'
2021-02-02 13:02:14 [INFO ] [restartedMain] igure.OptionalLiveReloadServer: LiveReload server is running on port 35729
2021-02-02 13:02:14 [INFO ] [restartedMain] .support.RouterFunctionMapping: Mapped (GET && /) -> BackendApplication$$Lambda$819/0x0000000800639440@23b546d
2021-02-02 13:02:15 [INFO ] [task-1] tainerEntityManagerFactoryBean: Initialized JPA EntityManagerFactory for persistence unit 'default'
2021-02-02 13:02:15 [INFO ] [restartedMain] mbedded.tomcat.TomcatWebServer: Tomcat started on port(s): 8080 (http) with context path ''
2021-02-02 13:02:15 [INFO ] [restartedMain] positoryInitializationListener: Triggering deferred initialization of Spring Data repositories…
2021-02-02 13:02:15 [INFO ] [restartedMain] positoryInitializationListener: Spring Data repositories initialized!
2021-02-02 13:03:19 [INFO ] [http-nio-8080-exec-1] .web.servlet.DispatcherServlet: Initializing Servlet 'dispatcherServlet'
2021-02-02 13:03:19 [INFO ] [http-nio-8080-exec-1] .web.servlet.DispatcherServlet: Completed initialization in 26 ms
2021-02-02 13:04:21 [INFO ] [restartedMain] sPropertyDefaultsPostProcessor: Devtools property defaults active! Set 'spring.devtools.add-properties' to 'false' to disable
2021-02-02 13:04:21 [INFO ] [restartedMain] sPropertyDefaultsPostProcessor: For additional web related logging consider setting the 'logging.level.web' property to 'DEBUG'
2021-02-02 13:04:22 [INFO ] [restartedMain] epositoryConfigurationDelegate: Bootstrapping Spring Data JPA repositories in DEFERRED mode.
2021-02-02 13:04:22 [INFO ] [restartedMain] epositoryConfigurationDelegate: Finished Spring Data repository scanning in 59ms. Found 3 JPA repository interfaces.
2021-02-02 13:04:23 [INFO ] [restartedMain] mbedded.tomcat.TomcatWebServer: Tomcat initialized with port(s): 8080 (http)
2021-02-02 13:04:23 [INFO ] [restartedMain] letWebServerApplicationContext: Root WebApplicationContext: initialization completed in 1774 ms
2021-02-02 13:04:23 [INFO ] [restartedMain] current.ThreadPoolTaskExecutor: Initializing ExecutorService 'applicationTaskExecutor'
2021-02-02 13:04:24 [WARN ] [restartedMain] figuration$JpaWebConfiguration: spring.jpa.open-in-view is enabled by default. Therefore, database queries may be performed during view rendering. Explicitly configure spring.jpa.open-in-view to disable this warning
2021-02-02 13:04:24 [INFO ] [restartedMain] oint.web.EndpointLinksResolver: Exposing 2 endpoint(s) beneath base path '/actuator'
2021-02-02 13:04:24 [INFO ] [restartedMain] igure.OptionalLiveReloadServer: LiveReload server is running on port 35729
2021-02-02 13:04:24 [INFO ] [restartedMain] .support.RouterFunctionMapping: Mapped (GET && /) -> BackendApplication$$Lambda$819/0x0000000800632040@f47bc10
2021-02-02 13:04:24 [INFO ] [task-1] tainerEntityManagerFactoryBean: Initialized JPA EntityManagerFactory for persistence unit 'default'
2021-02-02 13:04:24 [INFO ] [restartedMain] mbedded.tomcat.TomcatWebServer: Tomcat started on port(s): 8080 (http) with context path ''
2021-02-02 13:04:25 [INFO ] [restartedMain] positoryInitializationListener: Triggering deferred initialization of Spring Data repositories…
2021-02-02 13:04:25 [INFO ] [restartedMain] positoryInitializationListener: Spring Data repositories initialized!
2021-02-02 13:04:28 [INFO ] [http-nio-8080-exec-2] .web.servlet.DispatcherServlet: Initializing Servlet 'dispatcherServlet'
2021-02-02 13:04:28 [INFO ] [http-nio-8080-exec-2] .web.servlet.DispatcherServlet: Completed initialization in 17 ms
2021-02-02 13:49:48 [INFO ] [restartedMain] sPropertyDefaultsPostProcessor: Devtools property defaults active! Set 'spring.devtools.add-properties' to 'false' to disable
2021-02-02 13:49:48 [INFO ] [restartedMain] sPropertyDefaultsPostProcessor: For additional web related logging consider setting the 'logging.level.web' property to 'DEBUG'
2021-02-02 13:49:49 [INFO ] [restartedMain] epositoryConfigurationDelegate: Bootstrapping Spring Data JPA repositories in DEFERRED mode.
2021-02-02 13:49:49 [INFO ] [restartedMain] epositoryConfigurationDelegate: Finished Spring Data repository scanning in 59ms. Found 3 JPA repository interfaces.
2021-02-02 13:49:50 [INFO ] [restartedMain] mbedded.tomcat.TomcatWebServer: Tomcat initialized with port(s): 8080 (http)
2021-02-02 13:49:50 [INFO ] [restartedMain] letWebServerApplicationContext: Root WebApplicationContext: initialization completed in 2419 ms
2021-02-02 13:49:50 [INFO ] [restartedMain] current.ThreadPoolTaskExecutor: Initializing ExecutorService 'applicationTaskExecutor'
2021-02-02 13:49:51 [WARN ] [restartedMain] figuration$JpaWebConfiguration: spring.jpa.open-in-view is enabled by default. Therefore, database queries may be performed during view rendering. Explicitly configure spring.jpa.open-in-view to disable this warning
2021-02-02 13:49:51 [INFO ] [restartedMain] oint.web.EndpointLinksResolver: Exposing 2 endpoint(s) beneath base path '/actuator'
2021-02-02 13:49:52 [INFO ] [restartedMain] igure.OptionalLiveReloadServer: LiveReload server is running on port 35729
2021-02-02 13:49:52 [INFO ] [restartedMain] .support.RouterFunctionMapping: Mapped (GET && /) -> BackendApplication$$Lambda$828/0x000000080068ec40@42dfe27f
2021-02-02 13:49:52 [INFO ] [restartedMain] etailsServiceAutoConfiguration: 

Using generated security password: 7ad2802d-0bef-4136-94c0-de8ae6ffa5e0

2021-02-02 13:49:52 [INFO ] [restartedMain] web.DefaultSecurityFilterChain: Creating filter chain: any request, [org.springframework.security.web.context.request.async.WebAsyncManagerIntegrationFilter@2de0b1ea, org.springframework.security.web.context.SecurityContextPersistenceFilter@be5dd7b, org.springframework.security.web.header.HeaderWriterFilter@6992bfa8, org.springframework.security.web.csrf.CsrfFilter@5e81daa, org.springframework.security.web.authentication.logout.LogoutFilter@579067b3, org.springframework.security.web.authentication.UsernamePasswordAuthenticationFilter@2b2f5e2b, org.springframework.security.web.authentication.ui.DefaultLoginPageGeneratingFilter@38887bf5, org.springframework.security.web.authentication.ui.DefaultLogoutPageGeneratingFilter@5a5e8c45, org.springframework.security.web.authentication.www.BasicAuthenticationFilter@1191e524, org.springframework.security.web.savedrequest.RequestCacheAwareFilter@217e15b1, org.springframework.security.web.servletapi.SecurityContextHolderAwareRequestFilter@56f8c932, org.springframework.security.web.authentication.AnonymousAuthenticationFilter@67dd5821, org.springframework.security.web.session.SessionManagementFilter@6d493d7a, org.springframework.security.web.access.ExceptionTranslationFilter@67bd1b, org.springframework.security.web.access.intercept.FilterSecurityInterceptor@7d02677b]
2021-02-02 13:49:52 [INFO ] [task-1] tainerEntityManagerFactoryBean: Initialized JPA EntityManagerFactory for persistence unit 'default'
2021-02-02 13:49:52 [INFO ] [restartedMain] mbedded.tomcat.TomcatWebServer: Tomcat started on port(s): 8080 (http) with context path ''
2021-02-02 13:49:53 [INFO ] [restartedMain] positoryInitializationListener: Triggering deferred initialization of Spring Data repositories…
2021-02-02 13:49:53 [INFO ] [restartedMain] positoryInitializationListener: Spring Data repositories initialized!
2021-02-02 13:50:52 [INFO ] [http-nio-8080-exec-1] .web.servlet.DispatcherServlet: Initializing Servlet 'dispatcherServlet'
2021-02-02 13:50:52 [INFO ] [http-nio-8080-exec-1] .web.servlet.DispatcherServlet: Completed initialization in 20 ms
2021-02-02 13:52:02 [INFO ] [restartedMain] sPropertyDefaultsPostProcessor: Devtools property defaults active! Set 'spring.devtools.add-properties' to 'false' to disable
2021-02-02 13:52:02 [INFO ] [restartedMain] sPropertyDefaultsPostProcessor: For additional web related logging consider setting the 'logging.level.web' property to 'DEBUG'
2021-02-02 13:52:03 [INFO ] [restartedMain] epositoryConfigurationDelegate: Bootstrapping Spring Data JPA repositories in DEFERRED mode.
2021-02-02 13:52:03 [INFO ] [restartedMain] epositoryConfigurationDelegate: Finished Spring Data repository scanning in 66ms. Found 3 JPA repository interfaces.
2021-02-02 13:52:04 [INFO ] [restartedMain] mbedded.tomcat.TomcatWebServer: Tomcat initialized with port(s): 8080 (http)
2021-02-02 13:52:04 [INFO ] [restartedMain] letWebServerApplicationContext: Root WebApplicationContext: initialization completed in 2047 ms
2021-02-02 13:52:04 [INFO ] [restartedMain] current.ThreadPoolTaskExecutor: Initializing ExecutorService 'applicationTaskExecutor'
2021-02-02 13:52:05 [WARN ] [restartedMain] figuration$JpaWebConfiguration: spring.jpa.open-in-view is enabled by default. Therefore, database queries may be performed during view rendering. Explicitly configure spring.jpa.open-in-view to disable this warning
2021-02-02 13:52:05 [INFO ] [restartedMain] oint.web.EndpointLinksResolver: Exposing 2 endpoint(s) beneath base path '/actuator'
2021-02-02 13:52:05 [INFO ] [restartedMain] igure.OptionalLiveReloadServer: LiveReload server is running on port 35729
2021-02-02 13:52:05 [INFO ] [restartedMain] .support.RouterFunctionMapping: Mapped (GET && /) -> BackendApplication$$Lambda$827/0x0000000800689040@499447b8
2021-02-02 13:52:05 [INFO ] [restartedMain] etailsServiceAutoConfiguration: 

Using generated security password: 2c26c3e5-42c1-4387-a358-8cc1929cc977

2021-02-02 13:52:05 [INFO ] [restartedMain] web.DefaultSecurityFilterChain: Creating filter chain: any request, [org.springframework.security.web.context.request.async.WebAsyncManagerIntegrationFilter@16c57bde, org.springframework.security.web.context.SecurityContextPersistenceFilter@28a25eb1, org.springframework.security.web.header.HeaderWriterFilter@6c9cdcf2, org.springframework.security.web.csrf.CsrfFilter@14b43f58, org.springframework.security.web.authentication.logout.LogoutFilter@3a3579fc, org.springframework.security.web.authentication.UsernamePasswordAuthenticationFilter@3ba17fb3, org.springframework.security.web.authentication.ui.DefaultLoginPageGeneratingFilter@5d5c96f9, org.springframework.security.web.authentication.ui.DefaultLogoutPageGeneratingFilter@4bc8e0df, org.springframework.security.web.authentication.www.BasicAuthenticationFilter@3375f9c9, org.springframework.security.web.savedrequest.RequestCacheAwareFilter@1ee0dd2b, org.springframework.security.web.servletapi.SecurityContextHolderAwareRequestFilter@7557087f, org.springframework.security.web.authentication.AnonymousAuthenticationFilter@147fcb92, org.springframework.security.web.session.SessionManagementFilter@1a4032b4, org.springframework.security.web.access.ExceptionTranslationFilter@1d87504d, org.springframework.security.web.access.intercept.FilterSecurityInterceptor@6b1ebea4]
2021-02-02 13:52:06 [INFO ] [task-1] tainerEntityManagerFactoryBean: Initialized JPA EntityManagerFactory for persistence unit 'default'
2021-02-02 13:52:06 [INFO ] [restartedMain] mbedded.tomcat.TomcatWebServer: Tomcat started on port(s): 8080 (http) with context path ''
2021-02-02 13:52:06 [INFO ] [restartedMain] positoryInitializationListener: Triggering deferred initialization of Spring Data repositories…
2021-02-02 13:52:06 [INFO ] [restartedMain] positoryInitializationListener: Spring Data repositories initialized!
2021-02-02 13:52:09 [INFO ] [http-nio-8080-exec-2] .web.servlet.DispatcherServlet: Initializing Servlet 'dispatcherServlet'
2021-02-02 13:52:09 [INFO ] [http-nio-8080-exec-2] .web.servlet.DispatcherServlet: Completed initialization in 36 ms
2021-02-02 13:52:45 [INFO ] [restartedMain] sPropertyDefaultsPostProcessor: Devtools property defaults active! Set 'spring.devtools.add-properties' to 'false' to disable
2021-02-02 13:52:45 [INFO ] [restartedMain] sPropertyDefaultsPostProcessor: For additional web related logging consider setting the 'logging.level.web' property to 'DEBUG'
2021-02-02 13:52:46 [INFO ] [restartedMain] epositoryConfigurationDelegate: Bootstrapping Spring Data JPA repositories in DEFERRED mode.
2021-02-02 13:52:46 [INFO ] [restartedMain] epositoryConfigurationDelegate: Finished Spring Data repository scanning in 59ms. Found 3 JPA repository interfaces.
2021-02-02 13:52:47 [INFO ] [restartedMain] mbedded.tomcat.TomcatWebServer: Tomcat initialized with port(s): 8080 (http)
2021-02-02 13:52:47 [INFO ] [restartedMain] letWebServerApplicationContext: Root WebApplicationContext: initialization completed in 2099 ms
2021-02-02 13:52:47 [ERROR] [restartedMain] .embedded.tomcat.TomcatStarter: Error starting Tomcat context. Exception: org.springframework.beans.factory.BeanCreationException. Message: Error creating bean with name 'filtersConfig': Injection of autowired dependencies failed; nested exception is java.lang.IllegalArgumentException: Could not resolve placeholder 'cors.urls' in value "${cors.urls}"
2021-02-02 13:52:47 [WARN ] [restartedMain] letWebServerApplicationContext: Exception encountered during context initialization - cancelling refresh attempt: org.springframework.context.ApplicationContextException: Unable to start web server; nested exception is org.springframework.boot.web.server.WebServerException: Unable to start embedded Tomcat
2021-02-02 13:52:47 [INFO ] [restartedMain] valuationReportLoggingListener: 

Error starting ApplicationContext. To display the conditions report re-run your application with 'debug' enabled.
2021-02-02 13:52:47 [ERROR] [restartedMain] amework.boot.SpringApplication: Application run failed
org.springframework.context.ApplicationContextException: Unable to start web server; nested exception is org.springframework.boot.web.server.WebServerException: Unable to start embedded Tomcat
	at org.springframework.boot.web.servlet.context.ServletWebServerApplicationContext.onRefresh(ServletWebServerApplicationContext.java:161)
	at org.springframework.context.support.AbstractApplicationContext.refresh(AbstractApplicationContext.java:545)
	at org.springframework.boot.web.servlet.context.ServletWebServerApplicationContext.refresh(ServletWebServerApplicationContext.java:143)
	at org.springframework.boot.SpringApplication.refresh(SpringApplication.java:758)
	at org.springframework.boot.SpringApplication.refresh(SpringApplication.java:750)
	at org.springframework.boot.SpringApplication.refreshContext(SpringApplication.java:405)
	at org.springframework.boot.SpringApplication.run(SpringApplication.java:315)
	at org.springframework.boot.SpringApplication.run(SpringApplication.java:1237)
	at org.springframework.boot.SpringApplication.run(SpringApplication.java:1226)
	at BackendApplication.main(BackendApplication.java:18)
	at java.base/jdk.internal.reflect.NativeMethodAccessorImpl.invoke0(Native Method)
	at java.base/jdk.internal.reflect.NativeMethodAccessorImpl.invoke(NativeMethodAccessorImpl.java:62)
	at java.base/jdk.internal.reflect.DelegatingMethodAccessorImpl.invoke(DelegatingMethodAccessorImpl.java:43)
	at java.base/java.lang.reflect.Method.invoke(Method.java:566)
	at org.springframework.boot.devtools.restart.RestartLauncher.run(RestartLauncher.java:49)
Caused by: org.springframework.boot.web.server.WebServerException: Unable to start embedded Tomcat
	at org.springframework.boot.web.embedded.tomcat.TomcatWebServer.initialize(TomcatWebServer.java:142)
	at org.springframework.boot.web.embedded.tomcat.TomcatWebServer.<init>(TomcatWebServer.java:104)
	at org.springframework.boot.web.embedded.tomcat.TomcatServletWebServerFactory.getTomcatWebServer(TomcatServletWebServerFactory.java:440)
	at org.springframework.boot.web.embedded.tomcat.TomcatServletWebServerFactory.getWebServer(TomcatServletWebServerFactory.java:193)
	at org.springframework.boot.web.servlet.context.ServletWebServerApplicationContext.createWebServer(ServletWebServerApplicationContext.java:178)
	at org.springframework.boot.web.servlet.context.ServletWebServerApplicationContext.onRefresh(ServletWebServerApplicationContext.java:158)
	... 14 common frames omitted
Caused by: org.springframework.beans.factory.BeanCreationException: Error creating bean with name 'filtersConfig': Injection of autowired dependencies failed; nested exception is java.lang.IllegalArgumentException: Could not resolve placeholder 'cors.urls' in value "${cors.urls}"
	at org.springframework.beans.factory.annotation.AutowiredAnnotationBeanPostProcessor.postProcessProperties(AutowiredAnnotationBeanPostProcessor.java:405)
	at org.springframework.beans.factory.support.AbstractAutowireCapableBeanFactory.populateBean(AbstractAutowireCapableBeanFactory.java:1420)
	at org.springframework.beans.factory.support.AbstractAutowireCapableBeanFactory.doCreateBean(AbstractAutowireCapableBeanFactory.java:593)
	at org.springframework.beans.factory.support.AbstractAutowireCapableBeanFactory.createBean(AbstractAutowireCapableBeanFactory.java:516)
	at org.springframework.beans.factory.support.AbstractBeanFactory.lambda$doGetBean$0(AbstractBeanFactory.java:324)
	at org.springframework.beans.factory.support.DefaultSingletonBeanRegistry.getSingleton(DefaultSingletonBeanRegistry.java:234)
	at org.springframework.beans.factory.support.AbstractBeanFactory.doGetBean(AbstractBeanFactory.java:322)
	at org.springframework.beans.factory.support.AbstractBeanFactory.getBean(AbstractBeanFactory.java:202)
	at org.springframework.beans.factory.support.ConstructorResolver.instantiateUsingFactoryMethod(ConstructorResolver.java:408)
	at org.springframework.beans.factory.support.AbstractAutowireCapableBeanFactory.instantiateUsingFactoryMethod(AbstractAutowireCapableBeanFactory.java:1336)
	at org.springframework.beans.factory.support.AbstractAutowireCapableBeanFactory.createBeanInstance(AbstractAutowireCapableBeanFactory.java:1176)
	at org.springframework.beans.factory.support.AbstractAutowireCapableBeanFactory.doCreateBean(AbstractAutowireCapableBeanFactory.java:556)
	at org.springframework.beans.factory.support.AbstractAutowireCapableBeanFactory.createBean(AbstractAutowireCapableBeanFactory.java:516)
	at org.springframework.beans.factory.support.AbstractBeanFactory.lambda$doGetBean$0(AbstractBeanFactory.java:324)
	at org.springframework.beans.factory.support.DefaultSingletonBeanRegistry.getSingleton(DefaultSingletonBeanRegistry.java:234)
	at org.springframework.beans.factory.support.AbstractBeanFactory.doGetBean(AbstractBeanFactory.java:322)
	at org.springframework.beans.factory.support.AbstractBeanFactory.getBean(AbstractBeanFactory.java:207)
	at org.springframework.boot.web.servlet.ServletContextInitializerBeans.getOrderedBeansOfType(ServletContextInitializerBeans.java:211)
	at org.springframework.boot.web.servlet.ServletContextInitializerBeans.getOrderedBeansOfType(ServletContextInitializerBeans.java:202)
	at org.springframework.boot.web.servlet.ServletContextInitializerBeans.addServletContextInitializerBeans(ServletContextInitializerBeans.java:96)
	at org.springframework.boot.web.servlet.ServletContextInitializerBeans.<init>(ServletContextInitializerBeans.java:85)
	at org.springframework.boot.web.servlet.context.ServletWebServerApplicationContext.getServletContextInitializerBeans(ServletWebServerApplicationContext.java:255)
	at org.springframework.boot.web.servlet.context.ServletWebServerApplicationContext.selfInitialize(ServletWebServerApplicationContext.java:229)
	at org.springframework.boot.web.embedded.tomcat.TomcatStarter.onStartup(TomcatStarter.java:53)
	at org.apache.catalina.core.StandardContext.startInternal(StandardContext.java:5166)
	at org.apache.catalina.util.LifecycleBase.start(LifecycleBase.java:183)
	at org.apache.catalina.core.ContainerBase$StartChild.call(ContainerBase.java:1384)
	at org.apache.catalina.core.ContainerBase$StartChild.call(ContainerBase.java:1374)
	at java.base/java.util.concurrent.FutureTask.run$$$capture(FutureTask.java:264)
	at java.base/java.util.concurrent.FutureTask.run(FutureTask.java)
	at org.apache.tomcat.util.threads.InlineExecutorService.execute(InlineExecutorService.java:75)
	at java.base/java.util.concurrent.AbstractExecutorService.submit(AbstractExecutorService.java:140)
	at org.apache.catalina.core.ContainerBase.startInternal(ContainerBase.java:909)
	at org.apache.catalina.core.StandardHost.startInternal(StandardHost.java:843)
	at org.apache.catalina.util.LifecycleBase.start(LifecycleBase.java:183)
	at org.apache.catalina.core.ContainerBase$StartChild.call(ContainerBase.java:1384)
	at org.apache.catalina.core.ContainerBase$StartChild.call(ContainerBase.java:1374)
	at java.base/java.util.concurrent.FutureTask.run$$$capture(FutureTask.java:264)
	at java.base/java.util.concurrent.FutureTask.run(FutureTask.java)
	at org.apache.tomcat.util.threads.InlineExecutorService.execute(InlineExecutorService.java:75)
	at java.base/java.util.concurrent.AbstractExecutorService.submit(AbstractExecutorService.java:140)
	at org.apache.catalina.core.ContainerBase.startInternal(ContainerBase.java:909)
	at org.apache.catalina.core.StandardEngine.startInternal(StandardEngine.java:262)
	at org.apache.catalina.util.LifecycleBase.start(LifecycleBase.java:183)
	at org.apache.catalina.core.StandardService.startInternal(StandardService.java:421)
	at org.apache.catalina.util.LifecycleBase.start(LifecycleBase.java:183)
	at org.apache.catalina.core.StandardServer.startInternal(StandardServer.java:930)
	at org.apache.catalina.util.LifecycleBase.start(LifecycleBase.java:183)
	at org.apache.catalina.startup.Tomcat.start(Tomcat.java:486)
	at org.springframework.boot.web.embedded.tomcat.TomcatWebServer.initialize(TomcatWebServer.java:123)
	... 19 common frames omitted
Caused by: java.lang.IllegalArgumentException: Could not resolve placeholder 'cors.urls' in value "${cors.urls}"
	at org.springframework.util.PropertyPlaceholderHelper.parseStringValue(PropertyPlaceholderHelper.java:178)
	at org.springframework.util.PropertyPlaceholderHelper.replacePlaceholders(PropertyPlaceholderHelper.java:124)
	at org.springframework.core.env.AbstractPropertyResolver.doResolvePlaceholders(AbstractPropertyResolver.java:239)
	at org.springframework.core.env.AbstractPropertyResolver.resolveRequiredPlaceholders(AbstractPropertyResolver.java:210)
	at org.springframework.context.support.PropertySourcesPlaceholderConfigurer.lambda$processProperties$0(PropertySourcesPlaceholderConfigurer.java:175)
	at org.springframework.beans.factory.support.AbstractBeanFactory.resolveEmbeddedValue(AbstractBeanFactory.java:918)
	at org.springframework.beans.factory.support.DefaultListableBeanFactory.doResolveDependency(DefaultListableBeanFactory.java:1248)
	at org.springframework.beans.factory.support.DefaultListableBeanFactory.resolveDependency(DefaultListableBeanFactory.java:1227)
	at org.springframework.beans.factory.annotation.AutowiredAnnotationBeanPostProcessor$AutowiredFieldElement.inject(AutowiredAnnotationBeanPostProcessor.java:640)
	at org.springframework.beans.factory.annotation.InjectionMetadata.inject(InjectionMetadata.java:130)
	at org.springframework.beans.factory.annotation.AutowiredAnnotationBeanPostProcessor.postProcessProperties(AutowiredAnnotationBeanPostProcessor.java:399)
	... 68 common frames omitted
2021-02-02 13:53:25 [INFO ] [restartedMain] sPropertyDefaultsPostProcessor: Devtools property defaults active! Set 'spring.devtools.add-properties' to 'false' to disable
2021-02-02 13:53:25 [INFO ] [restartedMain] sPropertyDefaultsPostProcessor: For additional web related logging consider setting the 'logging.level.web' property to 'DEBUG'
2021-02-02 13:53:26 [INFO ] [restartedMain] epositoryConfigurationDelegate: Bootstrapping Spring Data JPA repositories in DEFERRED mode.
2021-02-02 13:53:26 [INFO ] [restartedMain] epositoryConfigurationDelegate: Finished Spring Data repository scanning in 67ms. Found 3 JPA repository interfaces.
2021-02-02 13:53:27 [INFO ] [restartedMain] mbedded.tomcat.TomcatWebServer: Tomcat initialized with port(s): 8080 (http)
2021-02-02 13:53:27 [INFO ] [restartedMain] letWebServerApplicationContext: Root WebApplicationContext: initialization completed in 1893 ms
2021-02-02 13:53:27 [INFO ] [restartedMain] current.ThreadPoolTaskExecutor: Initializing ExecutorService 'applicationTaskExecutor'
2021-02-02 13:53:27 [WARN ] [restartedMain] figuration$JpaWebConfiguration: spring.jpa.open-in-view is enabled by default. Therefore, database queries may be performed during view rendering. Explicitly configure spring.jpa.open-in-view to disable this warning
2021-02-02 13:53:28 [INFO ] [restartedMain] oint.web.EndpointLinksResolver: Exposing 2 endpoint(s) beneath base path '/actuator'
2021-02-02 13:53:28 [INFO ] [restartedMain] igure.OptionalLiveReloadServer: LiveReload server is running on port 35729
2021-02-02 13:53:28 [INFO ] [restartedMain] .support.RouterFunctionMapping: Mapped (GET && /) -> BackendApplication$$Lambda$828/0x0000000800689440@1060eacb
2021-02-02 13:53:28 [INFO ] [restartedMain] etailsServiceAutoConfiguration: 

Using generated security password: 17411147-08af-4818-b3b7-74b7efca1bbb

2021-02-02 13:53:28 [INFO ] [restartedMain] web.DefaultSecurityFilterChain: Creating filter chain: any request, [org.springframework.security.web.context.request.async.WebAsyncManagerIntegrationFilter@1c9506f4, org.springframework.security.web.context.SecurityContextPersistenceFilter@1433099f, org.springframework.security.web.header.HeaderWriterFilter@6c23868, org.springframework.security.web.csrf.CsrfFilter@5715ff12, org.springframework.security.web.authentication.logout.LogoutFilter@58cd4529, org.springframework.security.web.authentication.UsernamePasswordAuthenticationFilter@4e7f113, org.springframework.security.web.authentication.ui.DefaultLoginPageGeneratingFilter@7b16592d, org.springframework.security.web.authentication.ui.DefaultLogoutPageGeneratingFilter@4b556993, org.springframework.security.web.authentication.www.BasicAuthenticationFilter@63353e5b, org.springframework.security.web.savedrequest.RequestCacheAwareFilter@67797f4e, org.springframework.security.web.servletapi.SecurityContextHolderAwareRequestFilter@62ad66c6, org.springframework.security.web.authentication.AnonymousAuthenticationFilter@5892c34d, org.springframework.security.web.session.SessionManagementFilter@3f417282, org.springframework.security.web.access.ExceptionTranslationFilter@26bcf774, org.springframework.security.web.access.intercept.FilterSecurityInterceptor@684bdf81]
2021-02-02 13:53:28 [INFO ] [task-1] tainerEntityManagerFactoryBean: Initialized JPA EntityManagerFactory for persistence unit 'default'
2021-02-02 13:53:28 [INFO ] [restartedMain] mbedded.tomcat.TomcatWebServer: Tomcat started on port(s): 8080 (http) with context path ''
2021-02-02 13:53:29 [INFO ] [restartedMain] positoryInitializationListener: Triggering deferred initialization of Spring Data repositories…
2021-02-02 13:53:29 [INFO ] [restartedMain] positoryInitializationListener: Spring Data repositories initialized!
2021-02-02 13:53:40 [INFO ] [Thread-4] tainerEntityManagerFactoryBean: Closing JPA EntityManagerFactory for persistence unit 'default'
2021-02-02 13:53:40 [INFO ] [Thread-4] current.ThreadPoolTaskExecutor: Shutting down ExecutorService 'applicationTaskExecutor'
2021-02-02 13:53:40 [INFO ] [restartedMain] epositoryConfigurationDelegate: Bootstrapping Spring Data JPA repositories in DEFERRED mode.
2021-02-02 13:53:40 [INFO ] [restartedMain] epositoryConfigurationDelegate: Finished Spring Data repository scanning in 22ms. Found 3 JPA repository interfaces.
2021-02-02 13:53:41 [INFO ] [restartedMain] mbedded.tomcat.TomcatWebServer: Tomcat initialized with port(s): 8080 (http)
2021-02-02 13:53:41 [INFO ] [restartedMain] letWebServerApplicationContext: Root WebApplicationContext: initialization completed in 739 ms
2021-02-02 13:53:41 [INFO ] [restartedMain] current.ThreadPoolTaskExecutor: Initializing ExecutorService 'applicationTaskExecutor'
2021-02-02 13:53:41 [INFO ] [task-1] tainerEntityManagerFactoryBean: Initialized JPA EntityManagerFactory for persistence unit 'default'
2021-02-02 13:53:41 [INFO ] [task-2] igure.OptionalLiveReloadServer: LiveReload server is running on port 35729
2021-02-02 13:53:41 [WARN ] [restartedMain] figuration$JpaWebConfiguration: spring.jpa.open-in-view is enabled by default. Therefore, database queries may be performed during view rendering. Explicitly configure spring.jpa.open-in-view to disable this warning
2021-02-02 13:53:41 [INFO ] [restartedMain] oint.web.EndpointLinksResolver: Exposing 2 endpoint(s) beneath base path '/actuator'
2021-02-02 13:53:41 [INFO ] [restartedMain] .support.RouterFunctionMapping: Mapped (GET && /) -> BackendApplication$$Lambda$1552/0x0000000800944c40@52709ff2
2021-02-02 13:53:41 [INFO ] [restartedMain] etailsServiceAutoConfiguration: 

Using generated security password: 0c0e30a0-d6ed-40fc-aec1-efa06ed5a017

2021-02-02 13:53:41 [INFO ] [restartedMain] web.DefaultSecurityFilterChain: Creating filter chain: any request, [org.springframework.security.web.context.request.async.WebAsyncManagerIntegrationFilter@5688ff4b, org.springframework.security.web.context.SecurityContextPersistenceFilter@72c3baf2, org.springframework.security.web.header.HeaderWriterFilter@32934bcb, org.springframework.security.web.csrf.CsrfFilter@1a01fc69, org.springframework.security.web.authentication.logout.LogoutFilter@2be5c497, org.springframework.security.web.authentication.UsernamePasswordAuthenticationFilter@6c619f45, org.springframework.security.web.authentication.ui.DefaultLoginPageGeneratingFilter@2652ccc4, org.springframework.security.web.authentication.ui.DefaultLogoutPageGeneratingFilter@1c0ff8b, org.springframework.security.web.authentication.www.BasicAuthenticationFilter@4ac5f58a, org.springframework.security.web.savedrequest.RequestCacheAwareFilter@4ec59d71, org.springframework.security.web.servletapi.SecurityContextHolderAwareRequestFilter@66a05a71, org.springframework.security.web.authentication.AnonymousAuthenticationFilter@613bc341, org.springframework.security.web.session.SessionManagementFilter@6734e0c9, org.springframework.security.web.access.ExceptionTranslationFilter@3a20d348, org.springframework.security.web.access.intercept.FilterSecurityInterceptor@6a37a514]
2021-02-02 13:53:41 [INFO ] [restartedMain] mbedded.tomcat.TomcatWebServer: Tomcat started on port(s): 8080 (http) with context path ''
2021-02-02 13:53:41 [INFO ] [restartedMain] positoryInitializationListener: Triggering deferred initialization of Spring Data repositories…
2021-02-02 13:53:42 [INFO ] [restartedMain] positoryInitializationListener: Spring Data repositories initialized!
2021-02-02 13:53:42 [INFO ] [restartedMain] EvaluationDeltaLoggingListener: Condition evaluation unchanged
2021-02-02 13:53:45 [INFO ] [http-nio-8080-exec-1] .web.servlet.DispatcherServlet: Initializing Servlet 'dispatcherServlet'
2021-02-02 13:53:45 [INFO ] [http-nio-8080-exec-1] .web.servlet.DispatcherServlet: Completed initialization in 13 ms
2021-02-02 13:54:40 [INFO ] [restartedMain] sPropertyDefaultsPostProcessor: Devtools property defaults active! Set 'spring.devtools.add-properties' to 'false' to disable
2021-02-02 13:54:40 [INFO ] [restartedMain] sPropertyDefaultsPostProcessor: For additional web related logging consider setting the 'logging.level.web' property to 'DEBUG'
2021-02-02 13:54:41 [INFO ] [restartedMain] epositoryConfigurationDelegate: Bootstrapping Spring Data JPA repositories in DEFERRED mode.
2021-02-02 13:54:41 [INFO ] [restartedMain] epositoryConfigurationDelegate: Finished Spring Data repository scanning in 57ms. Found 3 JPA repository interfaces.
2021-02-02 13:54:41 [INFO ] [restartedMain] mbedded.tomcat.TomcatWebServer: Tomcat initialized with port(s): 8080 (http)
2021-02-02 13:54:41 [INFO ] [restartedMain] letWebServerApplicationContext: Root WebApplicationContext: initialization completed in 1823 ms
2021-02-02 13:54:42 [INFO ] [restartedMain] current.ThreadPoolTaskExecutor: Initializing ExecutorService 'applicationTaskExecutor'
2021-02-02 13:54:42 [WARN ] [restartedMain] figuration$JpaWebConfiguration: spring.jpa.open-in-view is enabled by default. Therefore, database queries may be performed during view rendering. Explicitly configure spring.jpa.open-in-view to disable this warning
2021-02-02 13:54:42 [INFO ] [restartedMain] oint.web.EndpointLinksResolver: Exposing 2 endpoint(s) beneath base path '/actuator'
2021-02-02 13:54:42 [INFO ] [restartedMain] igure.OptionalLiveReloadServer: LiveReload server is running on port 35729
2021-02-02 13:54:43 [INFO ] [restartedMain] .support.RouterFunctionMapping: Mapped (GET && /) -> BackendApplication$$Lambda$826/0x0000000800680c40@12374fab
2021-02-02 13:54:43 [INFO ] [restartedMain] etailsServiceAutoConfiguration: 

Using generated security password: 5ea468c8-7e0e-4d17-b83c-1e2bc4476b73

2021-02-02 13:54:43 [INFO ] [restartedMain] web.DefaultSecurityFilterChain: Creating filter chain: any request, [org.springframework.security.web.context.request.async.WebAsyncManagerIntegrationFilter@8f42e91, org.springframework.security.web.context.SecurityContextPersistenceFilter@3c5819fc, org.springframework.security.web.header.HeaderWriterFilter@7f529561, org.springframework.security.web.csrf.CsrfFilter@2192f579, org.springframework.security.web.authentication.logout.LogoutFilter@50c35e4d, org.springframework.security.web.authentication.UsernamePasswordAuthenticationFilter@42b18761, org.springframework.security.web.authentication.ui.DefaultLoginPageGeneratingFilter@29b2ad4c, org.springframework.security.web.authentication.ui.DefaultLogoutPageGeneratingFilter@4e7f113, org.springframework.security.web.authentication.www.BasicAuthenticationFilter@4bd0d06d, org.springframework.security.web.savedrequest.RequestCacheAwareFilter@303e6e22, org.springframework.security.web.servletapi.SecurityContextHolderAwareRequestFilter@26bcf774, org.springframework.security.web.authentication.AnonymousAuthenticationFilter@1d7e3d40, org.springframework.security.web.session.SessionManagementFilter@18ed9d4c, org.springframework.security.web.access.ExceptionTranslationFilter@2d0c5773, org.springframework.security.web.access.intercept.FilterSecurityInterceptor@4304221c]
2021-02-02 13:54:43 [INFO ] [task-1] tainerEntityManagerFactoryBean: Initialized JPA EntityManagerFactory for persistence unit 'default'
2021-02-02 13:54:43 [INFO ] [restartedMain] mbedded.tomcat.TomcatWebServer: Tomcat started on port(s): 8080 (http) with context path ''
2021-02-02 13:54:44 [INFO ] [restartedMain] positoryInitializationListener: Triggering deferred initialization of Spring Data repositories…
2021-02-02 13:54:44 [INFO ] [restartedMain] positoryInitializationListener: Spring Data repositories initialized!
2021-02-02 13:54:49 [INFO ] [http-nio-8080-exec-1] .web.servlet.DispatcherServlet: Initializing Servlet 'dispatcherServlet'
2021-02-02 13:54:49 [INFO ] [http-nio-8080-exec-1] .web.servlet.DispatcherServlet: Completed initialization in 9 ms
2021-02-02 13:55:46 [INFO ] [restartedMain] sPropertyDefaultsPostProcessor: Devtools property defaults active! Set 'spring.devtools.add-properties' to 'false' to disable
2021-02-02 13:55:46 [INFO ] [restartedMain] sPropertyDefaultsPostProcessor: For additional web related logging consider setting the 'logging.level.web' property to 'DEBUG'
2021-02-02 13:55:47 [INFO ] [restartedMain] epositoryConfigurationDelegate: Bootstrapping Spring Data JPA repositories in DEFERRED mode.
2021-02-02 13:55:47 [INFO ] [restartedMain] epositoryConfigurationDelegate: Finished Spring Data repository scanning in 54ms. Found 3 JPA repository interfaces.
2021-02-02 13:55:48 [INFO ] [restartedMain] mbedded.tomcat.TomcatWebServer: Tomcat initialized with port(s): 8080 (http)
2021-02-02 13:55:48 [INFO ] [restartedMain] letWebServerApplicationContext: Root WebApplicationContext: initialization completed in 1781 ms
2021-02-02 13:55:48 [INFO ] [restartedMain] current.ThreadPoolTaskExecutor: Initializing ExecutorService 'applicationTaskExecutor'
2021-02-02 13:55:48 [WARN ] [restartedMain] figuration$JpaWebConfiguration: spring.jpa.open-in-view is enabled by default. Therefore, database queries may be performed during view rendering. Explicitly configure spring.jpa.open-in-view to disable this warning
2021-02-02 13:55:48 [INFO ] [restartedMain] oint.web.EndpointLinksResolver: Exposing 2 endpoint(s) beneath base path '/actuator'
2021-02-02 13:55:49 [INFO ] [restartedMain] igure.OptionalLiveReloadServer: LiveReload server is running on port 35729
2021-02-02 13:55:49 [INFO ] [restartedMain] .support.RouterFunctionMapping: Mapped (GET && /) -> BackendApplication$$Lambda$826/0x0000000800687840@108d140f
2021-02-02 13:55:49 [INFO ] [restartedMain] etailsServiceAutoConfiguration: 

Using generated security password: f370e118-89e6-45f8-ab82-9e3d850d4d7b

2021-02-02 13:55:49 [INFO ] [restartedMain] web.DefaultSecurityFilterChain: Creating filter chain: any request, [org.springframework.security.web.context.request.async.WebAsyncManagerIntegrationFilter@2b2f5e2b, org.springframework.security.web.context.SecurityContextPersistenceFilter@59f06a2e, org.springframework.security.web.header.HeaderWriterFilter@5e81daa, org.springframework.security.web.csrf.CsrfFilter@59cee876, org.springframework.security.web.authentication.logout.LogoutFilter@56f8c932, org.springframework.security.web.authentication.UsernamePasswordAuthenticationFilter@6459ac51, org.springframework.security.web.authentication.ui.DefaultLoginPageGeneratingFilter@6992bfa8, org.springframework.security.web.authentication.ui.DefaultLogoutPageGeneratingFilter@786b2a11, org.springframework.security.web.authentication.www.BasicAuthenticationFilter@3ee28898, org.springframework.security.web.savedrequest.RequestCacheAwareFilter@42c608a8, org.springframework.security.web.servletapi.SecurityContextHolderAwareRequestFilter@21d77e47, org.springframework.security.web.authentication.AnonymousAuthenticationFilter@1b265669, org.springframework.security.web.session.SessionManagementFilter@1e122bb5, org.springframework.security.web.access.ExceptionTranslationFilter@67ace5e2, org.springframework.security.web.access.intercept.FilterSecurityInterceptor@72ff4472]
2021-02-02 13:55:49 [INFO ] [task-1] tainerEntityManagerFactoryBean: Initialized JPA EntityManagerFactory for persistence unit 'default'
2021-02-02 13:55:49 [INFO ] [restartedMain] mbedded.tomcat.TomcatWebServer: Tomcat started on port(s): 8080 (http) with context path ''
2021-02-02 13:55:49 [INFO ] [restartedMain] positoryInitializationListener: Triggering deferred initialization of Spring Data repositories…
2021-02-02 13:55:50 [INFO ] [restartedMain] positoryInitializationListener: Spring Data repositories initialized!
2021-02-02 13:55:54 [INFO ] [http-nio-8080-exec-1] .web.servlet.DispatcherServlet: Initializing Servlet 'dispatcherServlet'
2021-02-02 13:55:54 [INFO ] [http-nio-8080-exec-1] .web.servlet.DispatcherServlet: Completed initialization in 11 ms
2021-02-02 13:57:30 [INFO ] [restartedMain] sPropertyDefaultsPostProcessor: Devtools property defaults active! Set 'spring.devtools.add-properties' to 'false' to disable
2021-02-02 13:57:30 [INFO ] [restartedMain] sPropertyDefaultsPostProcessor: For additional web related logging consider setting the 'logging.level.web' property to 'DEBUG'
2021-02-02 13:57:31 [INFO ] [restartedMain] epositoryConfigurationDelegate: Bootstrapping Spring Data JPA repositories in DEFERRED mode.
2021-02-02 13:57:31 [INFO ] [restartedMain] epositoryConfigurationDelegate: Finished Spring Data repository scanning in 46ms. Found 3 JPA repository interfaces.
2021-02-02 13:57:32 [INFO ] [restartedMain] mbedded.tomcat.TomcatWebServer: Tomcat initialized with port(s): 8080 (http)
2021-02-02 13:57:32 [INFO ] [restartedMain] letWebServerApplicationContext: Root WebApplicationContext: initialization completed in 1707 ms
2021-02-02 13:57:32 [INFO ] [restartedMain] current.ThreadPoolTaskExecutor: Initializing ExecutorService 'applicationTaskExecutor'
2021-02-02 13:57:32 [WARN ] [restartedMain] figuration$JpaWebConfiguration: spring.jpa.open-in-view is enabled by default. Therefore, database queries may be performed during view rendering. Explicitly configure spring.jpa.open-in-view to disable this warning
2021-02-02 13:57:32 [INFO ] [restartedMain] oint.web.EndpointLinksResolver: Exposing 2 endpoint(s) beneath base path '/actuator'
2021-02-02 13:57:33 [INFO ] [restartedMain] igure.OptionalLiveReloadServer: LiveReload server is running on port 35729
2021-02-02 13:57:33 [INFO ] [restartedMain] .support.RouterFunctionMapping: Mapped (GET && /) -> BackendApplication$$Lambda$827/0x0000000800689040@2341bb3c
2021-02-02 13:57:33 [INFO ] [restartedMain] etailsServiceAutoConfiguration: 

Using generated security password: 0e8c39d6-87f5-4792-9095-2c84c58c4df5

2021-02-02 13:57:33 [INFO ] [restartedMain] web.DefaultSecurityFilterChain: Creating filter chain: any request, [org.springframework.security.web.context.request.async.WebAsyncManagerIntegrationFilter@503e2db, org.springframework.security.web.context.SecurityContextPersistenceFilter@1faf0905, org.springframework.security.web.header.HeaderWriterFilter@57c784b3, org.springframework.security.web.csrf.CsrfFilter@7693669b, org.springframework.security.web.authentication.logout.LogoutFilter@5f9892f5, org.springframework.security.web.authentication.UsernamePasswordAuthenticationFilter@177f1110, org.springframework.security.web.authentication.ui.DefaultLoginPageGeneratingFilter@101507ce, org.springframework.security.web.authentication.ui.DefaultLogoutPageGeneratingFilter@3ba17fb3, org.springframework.security.web.authentication.www.BasicAuthenticationFilter@62642d6b, org.springframework.security.web.savedrequest.RequestCacheAwareFilter@2518bf70, org.springframework.security.web.servletapi.SecurityContextHolderAwareRequestFilter@1d87504d, org.springframework.security.web.authentication.AnonymousAuthenticationFilter@3573a936, org.springframework.security.web.session.SessionManagementFilter@1a92ba3f, org.springframework.security.web.access.ExceptionTranslationFilter@3cd64fce, org.springframework.security.web.access.intercept.FilterSecurityInterceptor@72a75607]
2021-02-02 13:57:33 [INFO ] [task-1] tainerEntityManagerFactoryBean: Initialized JPA EntityManagerFactory for persistence unit 'default'
2021-02-02 13:57:33 [INFO ] [restartedMain] mbedded.tomcat.TomcatWebServer: Tomcat started on port(s): 8080 (http) with context path ''
2021-02-02 13:57:33 [INFO ] [restartedMain] positoryInitializationListener: Triggering deferred initialization of Spring Data repositories…
2021-02-02 13:57:34 [INFO ] [restartedMain] positoryInitializationListener: Spring Data repositories initialized!
2021-02-02 13:58:00 [INFO ] [http-nio-8080-exec-2] .web.servlet.DispatcherServlet: Initializing Servlet 'dispatcherServlet'
2021-02-02 13:58:00 [INFO ] [http-nio-8080-exec-2] .web.servlet.DispatcherServlet: Completed initialization in 11 ms
2021-02-02 13:59:45 [INFO ] [restartedMain] sPropertyDefaultsPostProcessor: Devtools property defaults active! Set 'spring.devtools.add-properties' to 'false' to disable
2021-02-02 13:59:45 [INFO ] [restartedMain] sPropertyDefaultsPostProcessor: For additional web related logging consider setting the 'logging.level.web' property to 'DEBUG'
2021-02-02 13:59:46 [INFO ] [restartedMain] epositoryConfigurationDelegate: Bootstrapping Spring Data JPA repositories in DEFERRED mode.
2021-02-02 13:59:47 [INFO ] [restartedMain] epositoryConfigurationDelegate: Finished Spring Data repository scanning in 61ms. Found 3 JPA repository interfaces.
2021-02-02 13:59:47 [INFO ] [restartedMain] mbedded.tomcat.TomcatWebServer: Tomcat initialized with port(s): 8080 (http)
2021-02-02 13:59:47 [INFO ] [restartedMain] letWebServerApplicationContext: Root WebApplicationContext: initialization completed in 1674 ms
2021-02-02 13:59:47 [INFO ] [restartedMain] current.ThreadPoolTaskExecutor: Initializing ExecutorService 'applicationTaskExecutor'
2021-02-02 13:59:48 [WARN ] [restartedMain] figuration$JpaWebConfiguration: spring.jpa.open-in-view is enabled by default. Therefore, database queries may be performed during view rendering. Explicitly configure spring.jpa.open-in-view to disable this warning
2021-02-02 13:59:48 [INFO ] [restartedMain] oint.web.EndpointLinksResolver: Exposing 2 endpoint(s) beneath base path '/actuator'
2021-02-02 13:59:48 [INFO ] [restartedMain] igure.OptionalLiveReloadServer: LiveReload server is running on port 35729
2021-02-02 13:59:48 [INFO ] [restartedMain] .support.RouterFunctionMapping: Mapped (GET && /) -> BackendApplication$$Lambda$819/0x0000000800642840@1c650128
2021-02-02 13:59:49 [INFO ] [task-1] tainerEntityManagerFactoryBean: Initialized JPA EntityManagerFactory for persistence unit 'default'
2021-02-02 13:59:49 [INFO ] [restartedMain] mbedded.tomcat.TomcatWebServer: Tomcat started on port(s): 8080 (http) with context path ''
2021-02-02 13:59:49 [INFO ] [restartedMain] positoryInitializationListener: Triggering deferred initialization of Spring Data repositories…
2021-02-02 13:59:49 [INFO ] [restartedMain] positoryInitializationListener: Spring Data repositories initialized!
2021-02-02 13:59:52 [INFO ] [http-nio-8080-exec-2] .web.servlet.DispatcherServlet: Initializing Servlet 'dispatcherServlet'
2021-02-02 13:59:52 [INFO ] [http-nio-8080-exec-2] .web.servlet.DispatcherServlet: Completed initialization in 35 ms
2021-02-02 14:00:00 [WARN ] [http-nio-8080-exec-3] efaultHandlerExceptionResolver: Resolved [org.springframework.web.HttpRequestMethodNotSupportedException: Request method 'GET' not supported]
2021-02-02 14:01:50 [INFO ] [restartedMain] sPropertyDefaultsPostProcessor: Devtools property defaults active! Set 'spring.devtools.add-properties' to 'false' to disable
2021-02-02 14:01:50 [INFO ] [restartedMain] sPropertyDefaultsPostProcessor: For additional web related logging consider setting the 'logging.level.web' property to 'DEBUG'
2021-02-02 14:01:51 [INFO ] [restartedMain] epositoryConfigurationDelegate: Bootstrapping Spring Data JPA repositories in DEFERRED mode.
2021-02-02 14:01:51 [INFO ] [restartedMain] epositoryConfigurationDelegate: Finished Spring Data repository scanning in 67ms. Found 3 JPA repository interfaces.
2021-02-02 14:01:52 [INFO ] [restartedMain] mbedded.tomcat.TomcatWebServer: Tomcat initialized with port(s): 8080 (http)
2021-02-02 14:01:52 [INFO ] [restartedMain] letWebServerApplicationContext: Root WebApplicationContext: initialization completed in 1910 ms
2021-02-02 14:01:52 [INFO ] [restartedMain] current.ThreadPoolTaskExecutor: Initializing ExecutorService 'applicationTaskExecutor'
2021-02-02 14:01:53 [WARN ] [restartedMain] figuration$JpaWebConfiguration: spring.jpa.open-in-view is enabled by default. Therefore, database queries may be performed during view rendering. Explicitly configure spring.jpa.open-in-view to disable this warning
2021-02-02 14:01:53 [INFO ] [restartedMain] oint.web.EndpointLinksResolver: Exposing 2 endpoint(s) beneath base path '/actuator'
2021-02-02 14:01:53 [INFO ] [restartedMain] igure.OptionalLiveReloadServer: LiveReload server is running on port 35729
2021-02-02 14:01:53 [INFO ] [restartedMain] .support.RouterFunctionMapping: Mapped (GET && /) -> BackendApplication$$Lambda$826/0x0000000800680c40@7b3bfd2
2021-02-02 14:01:53 [INFO ] [restartedMain] etailsServiceAutoConfiguration: 

Using generated security password: 8fa7e8b4-7d9e-46b7-951a-f47d239489c4

2021-02-02 14:01:53 [INFO ] [restartedMain] web.DefaultSecurityFilterChain: Creating filter chain: any request, [org.springframework.security.web.context.request.async.WebAsyncManagerIntegrationFilter@648ae4ea, org.springframework.security.web.context.SecurityContextPersistenceFilter@7af0a852, org.springframework.security.web.header.HeaderWriterFilter@56420c95, org.springframework.security.web.csrf.CsrfFilter@47a2d456, org.springframework.security.web.authentication.logout.LogoutFilter@699809c7, org.springframework.security.web.authentication.UsernamePasswordAuthenticationFilter@2b617389, org.springframework.security.web.authentication.ui.DefaultLoginPageGeneratingFilter@1ae7a777, org.springframework.security.web.authentication.ui.DefaultLogoutPageGeneratingFilter@4c4d5b2b, org.springframework.security.web.authentication.www.BasicAuthenticationFilter@70c7ec9, org.springframework.security.web.savedrequest.RequestCacheAwareFilter@3702776d, org.springframework.security.web.servletapi.SecurityContextHolderAwareRequestFilter@892c4b6, org.springframework.security.web.authentication.AnonymousAuthenticationFilter@67b9e79f, org.springframework.security.web.session.SessionManagementFilter@2009ab89, org.springframework.security.web.access.ExceptionTranslationFilter@2f81275f, org.springframework.security.web.access.intercept.FilterSecurityInterceptor@73d3e64e]
2021-02-02 14:01:53 [INFO ] [task-1] tainerEntityManagerFactoryBean: Initialized JPA EntityManagerFactory for persistence unit 'default'
2021-02-02 14:01:54 [INFO ] [restartedMain] mbedded.tomcat.TomcatWebServer: Tomcat started on port(s): 8080 (http) with context path ''
2021-02-02 14:01:54 [INFO ] [restartedMain] positoryInitializationListener: Triggering deferred initialization of Spring Data repositories…
2021-02-02 14:01:54 [INFO ] [restartedMain] positoryInitializationListener: Spring Data repositories initialized!
2021-02-02 14:02:00 [INFO ] [http-nio-8080-exec-1] .web.servlet.DispatcherServlet: Initializing Servlet 'dispatcherServlet'
2021-02-02 14:02:00 [INFO ] [http-nio-8080-exec-1] .web.servlet.DispatcherServlet: Completed initialization in 19 ms
2021-02-02 14:03:14 [INFO ] [restartedMain] sPropertyDefaultsPostProcessor: Devtools property defaults active! Set 'spring.devtools.add-properties' to 'false' to disable
2021-02-02 14:03:14 [INFO ] [restartedMain] sPropertyDefaultsPostProcessor: For additional web related logging consider setting the 'logging.level.web' property to 'DEBUG'
2021-02-02 14:03:15 [INFO ] [restartedMain] epositoryConfigurationDelegate: Bootstrapping Spring Data JPA repositories in DEFERRED mode.
2021-02-02 14:03:15 [INFO ] [restartedMain] epositoryConfigurationDelegate: Finished Spring Data repository scanning in 62ms. Found 3 JPA repository interfaces.
2021-02-02 14:03:16 [INFO ] [restartedMain] mbedded.tomcat.TomcatWebServer: Tomcat initialized with port(s): 8080 (http)
2021-02-02 14:03:16 [INFO ] [restartedMain] letWebServerApplicationContext: Root WebApplicationContext: initialization completed in 1821 ms
2021-02-02 14:03:16 [INFO ] [restartedMain] current.ThreadPoolTaskExecutor: Initializing ExecutorService 'applicationTaskExecutor'
2021-02-02 14:03:17 [WARN ] [restartedMain] figuration$JpaWebConfiguration: spring.jpa.open-in-view is enabled by default. Therefore, database queries may be performed during view rendering. Explicitly configure spring.jpa.open-in-view to disable this warning
2021-02-02 14:03:17 [INFO ] [restartedMain] oint.web.EndpointLinksResolver: Exposing 2 endpoint(s) beneath base path '/actuator'
2021-02-02 14:03:17 [INFO ] [restartedMain] igure.OptionalLiveReloadServer: LiveReload server is running on port 35729
2021-02-02 14:03:17 [INFO ] [restartedMain] .support.RouterFunctionMapping: Mapped (GET && /) -> BackendApplication$$Lambda$828/0x0000000800691440@3527b016
2021-02-02 14:03:17 [INFO ] [restartedMain] etailsServiceAutoConfiguration: 

Using generated security password: 281abb8f-b5b6-40ca-be9f-86927ec2c69c

2021-02-02 14:03:17 [INFO ] [restartedMain] web.DefaultSecurityFilterChain: Creating filter chain: any request, [org.springframework.security.web.context.request.async.WebAsyncManagerIntegrationFilter@400c1d9e, org.springframework.security.web.context.SecurityContextPersistenceFilter@537e4c57, org.springframework.security.web.header.HeaderWriterFilter@264f7ef6, org.springframework.security.web.csrf.CsrfFilter@744d1964, org.springframework.security.web.authentication.logout.LogoutFilter@4c503789, org.springframework.security.web.authentication.UsernamePasswordAuthenticationFilter@125bb899, org.springframework.security.web.authentication.ui.DefaultLoginPageGeneratingFilter@5ca3cd19, org.springframework.security.web.authentication.ui.DefaultLogoutPageGeneratingFilter@b390377, org.springframework.security.web.authentication.www.BasicAuthenticationFilter@4d8de17a, org.springframework.security.web.savedrequest.RequestCacheAwareFilter@322f089b, org.springframework.security.web.servletapi.SecurityContextHolderAwareRequestFilter@17572be5, org.springframework.security.web.authentication.AnonymousAuthenticationFilter@6149c74, org.springframework.security.web.session.SessionManagementFilter@759b4094, org.springframework.security.web.access.ExceptionTranslationFilter@3c90a643, org.springframework.security.web.access.intercept.FilterSecurityInterceptor@32add1c1]
2021-02-02 14:03:18 [INFO ] [task-1] tainerEntityManagerFactoryBean: Initialized JPA EntityManagerFactory for persistence unit 'default'
2021-02-02 14:03:18 [INFO ] [restartedMain] mbedded.tomcat.TomcatWebServer: Tomcat started on port(s): 8080 (http) with context path ''
2021-02-02 14:03:18 [INFO ] [restartedMain] positoryInitializationListener: Triggering deferred initialization of Spring Data repositories…
2021-02-02 14:03:19 [INFO ] [restartedMain] positoryInitializationListener: Spring Data repositories initialized!
2021-02-02 14:03:25 [INFO ] [http-nio-8080-exec-2] .web.servlet.DispatcherServlet: Initializing Servlet 'dispatcherServlet'
2021-02-02 14:03:25 [INFO ] [http-nio-8080-exec-2] .web.servlet.DispatcherServlet: Completed initialization in 12 ms
2021-02-02 14:05:27 [INFO ] [restartedMain] sPropertyDefaultsPostProcessor: Devtools property defaults active! Set 'spring.devtools.add-properties' to 'false' to disable
2021-02-02 14:05:27 [INFO ] [restartedMain] sPropertyDefaultsPostProcessor: For additional web related logging consider setting the 'logging.level.web' property to 'DEBUG'
2021-02-02 14:05:28 [INFO ] [restartedMain] epositoryConfigurationDelegate: Bootstrapping Spring Data JPA repositories in DEFERRED mode.
2021-02-02 14:05:28 [INFO ] [restartedMain] epositoryConfigurationDelegate: Finished Spring Data repository scanning in 59ms. Found 3 JPA repository interfaces.
2021-02-02 14:05:29 [INFO ] [restartedMain] mbedded.tomcat.TomcatWebServer: Tomcat initialized with port(s): 8080 (http)
2021-02-02 14:05:29 [INFO ] [restartedMain] letWebServerApplicationContext: Root WebApplicationContext: initialization completed in 1737 ms
2021-02-02 14:05:29 [INFO ] [restartedMain] current.ThreadPoolTaskExecutor: Initializing ExecutorService 'applicationTaskExecutor'
2021-02-02 14:05:30 [WARN ] [restartedMain] figuration$JpaWebConfiguration: spring.jpa.open-in-view is enabled by default. Therefore, database queries may be performed during view rendering. Explicitly configure spring.jpa.open-in-view to disable this warning
2021-02-02 14:05:30 [INFO ] [restartedMain] oint.web.EndpointLinksResolver: Exposing 2 endpoint(s) beneath base path '/actuator'
2021-02-02 14:05:30 [INFO ] [restartedMain] igure.OptionalLiveReloadServer: LiveReload server is running on port 35729
2021-02-02 14:05:30 [INFO ] [restartedMain] .support.RouterFunctionMapping: Mapped (GET && /) -> BackendApplication$$Lambda$819/0x0000000800642040@5553a42a
2021-02-02 14:05:31 [INFO ] [task-1] tainerEntityManagerFactoryBean: Initialized JPA EntityManagerFactory for persistence unit 'default'
2021-02-02 14:05:31 [INFO ] [restartedMain] mbedded.tomcat.TomcatWebServer: Tomcat started on port(s): 8080 (http) with context path ''
2021-02-02 14:05:31 [INFO ] [restartedMain] positoryInitializationListener: Triggering deferred initialization of Spring Data repositories…
2021-02-02 14:05:31 [INFO ] [restartedMain] positoryInitializationListener: Spring Data repositories initialized!
2021-02-02 14:05:36 [INFO ] [http-nio-8080-exec-1] .web.servlet.DispatcherServlet: Initializing Servlet 'dispatcherServlet'
2021-02-02 14:05:36 [INFO ] [http-nio-8080-exec-1] .web.servlet.DispatcherServlet: Completed initialization in 17 ms
2021-02-02 14:05:43 [WARN ] [http-nio-8080-exec-3] o.bcrypt.BCryptPasswordEncoder: Encoded password does not look like BCrypt
2021-02-02 14:06:30 [INFO ] [restartedMain] sPropertyDefaultsPostProcessor: Devtools property defaults active! Set 'spring.devtools.add-properties' to 'false' to disable
2021-02-02 14:06:30 [INFO ] [restartedMain] sPropertyDefaultsPostProcessor: For additional web related logging consider setting the 'logging.level.web' property to 'DEBUG'
2021-02-02 14:06:31 [INFO ] [restartedMain] epositoryConfigurationDelegate: Bootstrapping Spring Data JPA repositories in DEFERRED mode.
2021-02-02 14:06:31 [INFO ] [restartedMain] epositoryConfigurationDelegate: Finished Spring Data repository scanning in 96ms. Found 3 JPA repository interfaces.
2021-02-02 14:06:32 [INFO ] [restartedMain] mbedded.tomcat.TomcatWebServer: Tomcat initialized with port(s): 8080 (http)
2021-02-02 14:06:32 [INFO ] [restartedMain] letWebServerApplicationContext: Root WebApplicationContext: initialization completed in 1871 ms
2021-02-02 14:06:32 [INFO ] [restartedMain] current.ThreadPoolTaskExecutor: Initializing ExecutorService 'applicationTaskExecutor'
2021-02-02 14:06:33 [WARN ] [restartedMain] figuration$JpaWebConfiguration: spring.jpa.open-in-view is enabled by default. Therefore, database queries may be performed during view rendering. Explicitly configure spring.jpa.open-in-view to disable this warning
2021-02-02 14:06:33 [INFO ] [restartedMain] oint.web.EndpointLinksResolver: Exposing 2 endpoint(s) beneath base path '/actuator'
2021-02-02 14:06:33 [INFO ] [restartedMain] igure.OptionalLiveReloadServer: LiveReload server is running on port 35729
2021-02-02 14:06:33 [INFO ] [restartedMain] .support.RouterFunctionMapping: Mapped (GET && /) -> BackendApplication$$Lambda$821/0x000000080064a040@406d5c4e
2021-02-02 14:06:33 [INFO ] [task-1] tainerEntityManagerFactoryBean: Initialized JPA EntityManagerFactory for persistence unit 'default'
2021-02-02 14:06:34 [INFO ] [restartedMain] mbedded.tomcat.TomcatWebServer: Tomcat started on port(s): 8080 (http) with context path ''
2021-02-02 14:06:34 [INFO ] [restartedMain] positoryInitializationListener: Triggering deferred initialization of Spring Data repositories…
2021-02-02 14:06:34 [INFO ] [restartedMain] positoryInitializationListener: Spring Data repositories initialized!
2021-02-02 14:06:36 [INFO ] [http-nio-8080-exec-2] .web.servlet.DispatcherServlet: Initializing Servlet 'dispatcherServlet'
2021-02-02 14:06:36 [INFO ] [http-nio-8080-exec-2] .web.servlet.DispatcherServlet: Completed initialization in 12 ms
2021-02-02 14:06:37 [WARN ] [http-nio-8080-exec-2] o.bcrypt.BCryptPasswordEncoder: Encoded password does not look like BCrypt
2021-02-02 14:06:51 [INFO ] [restartedMain] sPropertyDefaultsPostProcessor: Devtools property defaults active! Set 'spring.devtools.add-properties' to 'false' to disable
2021-02-02 14:06:51 [INFO ] [restartedMain] sPropertyDefaultsPostProcessor: For additional web related logging consider setting the 'logging.level.web' property to 'DEBUG'
2021-02-02 14:06:52 [INFO ] [restartedMain] epositoryConfigurationDelegate: Bootstrapping Spring Data JPA repositories in DEFERRED mode.
2021-02-02 14:06:52 [INFO ] [restartedMain] epositoryConfigurationDelegate: Finished Spring Data repository scanning in 39ms. Found 3 JPA repository interfaces.
2021-02-02 14:06:53 [INFO ] [restartedMain] mbedded.tomcat.TomcatWebServer: Tomcat initialized with port(s): 8080 (http)
2021-02-02 14:06:53 [INFO ] [restartedMain] letWebServerApplicationContext: Root WebApplicationContext: initialization completed in 1607 ms
2021-02-02 14:06:53 [INFO ] [restartedMain] current.ThreadPoolTaskExecutor: Initializing ExecutorService 'applicationTaskExecutor'
2021-02-02 14:06:53 [WARN ] [restartedMain] figuration$JpaWebConfiguration: spring.jpa.open-in-view is enabled by default. Therefore, database queries may be performed during view rendering. Explicitly configure spring.jpa.open-in-view to disable this warning
2021-02-02 14:06:53 [INFO ] [restartedMain] oint.web.EndpointLinksResolver: Exposing 2 endpoint(s) beneath base path '/actuator'
2021-02-02 14:06:54 [INFO ] [restartedMain] igure.OptionalLiveReloadServer: LiveReload server is running on port 35729
2021-02-02 14:06:54 [INFO ] [restartedMain] .support.RouterFunctionMapping: Mapped (GET && /) -> BackendApplication$$Lambda$821/0x0000000800659040@4aed42be
2021-02-02 14:06:54 [INFO ] [task-1] tainerEntityManagerFactoryBean: Initialized JPA EntityManagerFactory for persistence unit 'default'
2021-02-02 14:06:54 [INFO ] [restartedMain] mbedded.tomcat.TomcatWebServer: Tomcat started on port(s): 8080 (http) with context path ''
2021-02-02 14:06:54 [INFO ] [restartedMain] positoryInitializationListener: Triggering deferred initialization of Spring Data repositories…
2021-02-02 14:06:54 [INFO ] [restartedMain] positoryInitializationListener: Spring Data repositories initialized!
2021-02-02 14:06:56 [INFO ] [http-nio-8080-exec-2] .web.servlet.DispatcherServlet: Initializing Servlet 'dispatcherServlet'
2021-02-02 14:06:56 [INFO ] [http-nio-8080-exec-2] .web.servlet.DispatcherServlet: Completed initialization in 7 ms
2021-02-02 14:06:56 [WARN ] [http-nio-8080-exec-2] o.bcrypt.BCryptPasswordEncoder: Encoded password does not look like BCrypt
2021-02-02 14:07:26 [INFO ] [restartedMain] sPropertyDefaultsPostProcessor: Devtools property defaults active! Set 'spring.devtools.add-properties' to 'false' to disable
2021-02-02 14:07:26 [INFO ] [restartedMain] sPropertyDefaultsPostProcessor: For additional web related logging consider setting the 'logging.level.web' property to 'DEBUG'
2021-02-02 14:07:27 [INFO ] [restartedMain] epositoryConfigurationDelegate: Bootstrapping Spring Data JPA repositories in DEFERRED mode.
2021-02-02 14:07:27 [INFO ] [restartedMain] epositoryConfigurationDelegate: Finished Spring Data repository scanning in 47ms. Found 3 JPA repository interfaces.
2021-02-02 14:07:27 [INFO ] [restartedMain] mbedded.tomcat.TomcatWebServer: Tomcat initialized with port(s): 8080 (http)
2021-02-02 14:07:28 [INFO ] [restartedMain] letWebServerApplicationContext: Root WebApplicationContext: initialization completed in 1472 ms
2021-02-02 14:07:28 [INFO ] [restartedMain] current.ThreadPoolTaskExecutor: Initializing ExecutorService 'applicationTaskExecutor'
2021-02-02 14:07:28 [WARN ] [restartedMain] figuration$JpaWebConfiguration: spring.jpa.open-in-view is enabled by default. Therefore, database queries may be performed during view rendering. Explicitly configure spring.jpa.open-in-view to disable this warning
2021-02-02 14:07:28 [INFO ] [restartedMain] oint.web.EndpointLinksResolver: Exposing 2 endpoint(s) beneath base path '/actuator'
2021-02-02 14:07:29 [INFO ] [restartedMain] igure.OptionalLiveReloadServer: LiveReload server is running on port 35729
2021-02-02 14:07:29 [INFO ] [restartedMain] .support.RouterFunctionMapping: Mapped (GET && /) -> BackendApplication$$Lambda$821/0x000000080064a040@13cc7d25
2021-02-02 14:07:29 [INFO ] [task-1] tainerEntityManagerFactoryBean: Initialized JPA EntityManagerFactory for persistence unit 'default'
2021-02-02 14:07:29 [INFO ] [restartedMain] mbedded.tomcat.TomcatWebServer: Tomcat started on port(s): 8080 (http) with context path ''
2021-02-02 14:07:29 [INFO ] [restartedMain] positoryInitializationListener: Triggering deferred initialization of Spring Data repositories…
2021-02-02 14:07:29 [INFO ] [restartedMain] positoryInitializationListener: Spring Data repositories initialized!
2021-02-02 14:07:32 [INFO ] [http-nio-8080-exec-2] .web.servlet.DispatcherServlet: Initializing Servlet 'dispatcherServlet'
2021-02-02 14:07:32 [INFO ] [http-nio-8080-exec-2] .web.servlet.DispatcherServlet: Completed initialization in 8 ms
2021-02-02 14:07:33 [WARN ] [http-nio-8080-exec-2] o.bcrypt.BCryptPasswordEncoder: Encoded password does not look like BCrypt
2021-02-02 14:08:03 [INFO ] [restartedMain] sPropertyDefaultsPostProcessor: Devtools property defaults active! Set 'spring.devtools.add-properties' to 'false' to disable
2021-02-02 14:08:03 [INFO ] [restartedMain] sPropertyDefaultsPostProcessor: For additional web related logging consider setting the 'logging.level.web' property to 'DEBUG'
2021-02-02 14:08:04 [INFO ] [restartedMain] epositoryConfigurationDelegate: Bootstrapping Spring Data JPA repositories in DEFERRED mode.
2021-02-02 14:08:04 [INFO ] [restartedMain] epositoryConfigurationDelegate: Finished Spring Data repository scanning in 49ms. Found 3 JPA repository interfaces.
2021-02-02 14:08:05 [INFO ] [restartedMain] mbedded.tomcat.TomcatWebServer: Tomcat initialized with port(s): 8080 (http)
2021-02-02 14:08:05 [INFO ] [restartedMain] letWebServerApplicationContext: Root WebApplicationContext: initialization completed in 1500 ms
2021-02-02 14:08:05 [INFO ] [restartedMain] current.ThreadPoolTaskExecutor: Initializing ExecutorService 'applicationTaskExecutor'
2021-02-02 14:08:05 [WARN ] [restartedMain] figuration$JpaWebConfiguration: spring.jpa.open-in-view is enabled by default. Therefore, database queries may be performed during view rendering. Explicitly configure spring.jpa.open-in-view to disable this warning
2021-02-02 14:08:05 [INFO ] [restartedMain] oint.web.EndpointLinksResolver: Exposing 2 endpoint(s) beneath base path '/actuator'
2021-02-02 14:08:06 [INFO ] [restartedMain] igure.OptionalLiveReloadServer: LiveReload server is running on port 35729
2021-02-02 14:08:06 [INFO ] [restartedMain] .support.RouterFunctionMapping: Mapped (GET && /) -> BackendApplication$$Lambda$821/0x0000000800662840@22b48dd4
2021-02-02 14:08:06 [INFO ] [task-1] tainerEntityManagerFactoryBean: Initialized JPA EntityManagerFactory for persistence unit 'default'
2021-02-02 14:08:06 [INFO ] [restartedMain] mbedded.tomcat.TomcatWebServer: Tomcat started on port(s): 8080 (http) with context path ''
2021-02-02 14:08:06 [INFO ] [restartedMain] positoryInitializationListener: Triggering deferred initialization of Spring Data repositories…
2021-02-02 14:08:06 [INFO ] [restartedMain] positoryInitializationListener: Spring Data repositories initialized!
2021-02-02 14:08:09 [INFO ] [http-nio-8080-exec-2] .web.servlet.DispatcherServlet: Initializing Servlet 'dispatcherServlet'
2021-02-02 14:08:09 [INFO ] [http-nio-8080-exec-2] .web.servlet.DispatcherServlet: Completed initialization in 19 ms
2021-02-02 14:08:13 [WARN ] [http-nio-8080-exec-3] o.bcrypt.BCryptPasswordEncoder: Encoded password does not look like BCrypt
